Starting Dynare (version 4.5.3).
Starting preprocessing of the model file ...
Found 8 equation(s).
Evaluating expressions...done
Computing static model derivatives:
 - order 1
Computing dynamic model derivatives:
 - order 1
Processing outputs ...
done
Preprocessing completed.

STEADY-STATE RESULTS:

Y 		 1.1517
C 		 0.863777
K 		 11.517
L 		 0.333333
A 		 1
R 		 0.035
W 		 2.24582
I 		 0.287926




Residuals of the static equations:

Equation number 1 : 0 : Euler equation
Equation number 2 : 0 : labor supply
Equation number 3 : 0 : capital law of motion
Equation number 4 : 0 : market clearing/resource constraint
Equation number 5 : 0 : production function
Equation number 6 : 0 : labor demand
Equation number 7 : 0 : capital demand
Equation number 8 : 0 : exogenous TFP process



EIGENVALUES:
         Modulus             Real        Imaginary

             0.9              0.9                0
          0.9503           0.9503                0
            1.06             1.06                0


There are 1 eigenvalue(s) larger than 1 in modulus 
for 1 forward-looking variable(s)

The rank condition is verified.


MODEL SUMMARY

  Number of variables:         8
  Number of stochastic shocks: 1
  Number of state variables:   2
  Number of jumpers:           1
  Number of static variables:  5


MATRIX OF COVARIANCE OF EXOGENOUS SHOCKS
Variables       eps_A
eps_A        0.360000

POLICY AND TRANSITION FUNCTIONS
                                   Y               C               K               L               A               R               W               I
Constant                    1.151702        0.863777       11.517024        0.333333        1.000000        0.035000        2.245820        0.287926
K(-1)                       0.018108        0.042817        0.950291       -0.007521               0       -0.002489        0.085986       -0.024709
A(-1)                       1.633000        0.192402        1.440598        0.265590        0.900000        0.049627        1.394946        1.440598
eps_A                       1.814445        0.213780        1.600665        0.295100        1.000000        0.055141        1.549941        1.600665


MOMENTS OF SIMULATED VARIABLES
VARIABLE              MEAN       STD. DEV.        VARIANCE        SKEWNESS        KURTOSIS
Y                -0.461570        2.061185        4.248483       -0.020434       -0.201610
C                -0.085871        0.776006        0.602185        0.045307       -1.509450
K                -7.350123       15.675210      245.712218        0.079037       -1.572921
L                 0.266365        0.309956        0.096073       -0.028034       -0.415779
A                 0.297203        1.083216        1.173358       -0.018553       -0.153323
R                 0.042712        0.062231        0.003873       -0.057908       -0.741325
W                -0.448864        2.432748        5.918262       -0.012686       -0.859415
I                -0.375699        1.672358        2.796780       -0.020256       -0.257472


CORRELATION OF SIMULATED VARIABLES
VARIABLE         Y       C       K       L       A       R       W       I
Y           1.0000  0.6420  0.4902  0.8696  0.9909  0.7000  0.9057  0.9346
C           0.6420  1.0000  0.9830  0.1797  0.5329 -0.0981  0.9065  0.3273
K           0.4902  0.9830  1.0000 -0.0042  0.3682 -0.2793  0.8134  0.1480
L           0.8696  0.1797 -0.0042  1.0000  0.9282  0.9614  0.5783  0.9884
A           0.9909  0.5329  0.3682  0.9282  1.0000  0.7898  0.8403  0.9740
R           0.7000 -0.0981 -0.2793  0.9614  0.7898  1.0000  0.3313  0.9083
W           0.9057  0.9065  0.8134  0.5783  0.8403  0.3313  1.0000  0.6957
I           0.9346  0.3273  0.1480  0.9884  0.9740  0.9083  0.6957  1.0000


AUTOCORRELATION OF SIMULATED VARIABLES
VARIABLE         1       2       3       4       5
Y           0.8441  0.6949  0.5499  0.4872  0.4154
C           0.9775  0.9519  0.9199  0.8894  0.8561
K           0.9890  0.9728  0.9498  0.9230  0.8937
L           0.8042  0.6177  0.4417  0.3759  0.2981
A           0.8267  0.6610  0.5010  0.4347  0.3583
R           0.8190  0.6475  0.4888  0.4334  0.3657
W           0.9162  0.8353  0.7530  0.7080  0.6572
I           0.8077  0.6243  0.4493  0.3813  0.3017
Total computing time : 0h00m00s
