data loaded from file GNP_G8P6.prn
data loaded from file GC82P6.prn
data loaded from file GIF82P6.prn
Results for Model With Constant

   0.22    0.00    0.22 
  -0.21    0.28    0.35 
  -0.21   -0.28    0.35 
  -0.00   -0.61    0.61 
  -0.00    0.61    0.61 
  -0.28   -0.57    0.63 
  -0.28    0.57    0.63 
   0.60    0.29    0.66 
   0.60   -0.29    0.66 
   0.67    0.00    0.67 
  -0.69    0.00    0.69 
   0.50   -0.50    0.71 
   0.50    0.50    0.71 
  -0.62   -0.46    0.77 
  -0.62    0.46    0.77 
   0.83   -0.19    0.85 
   0.83    0.19    0.85 
   1.00    0.00    1.00 
Results for Model With Constant and Trend 

   0.28    0.00    0.28 
  -0.21   -0.27    0.34 
  -0.21    0.27    0.34 
  -0.00   -0.62    0.62 
  -0.00    0.62    0.62 
  -0.28   -0.56    0.63 
  -0.28    0.56    0.63 
   0.65    0.00    0.65 
   0.60    0.28    0.66 
   0.60   -0.28    0.66 
  -0.68    0.00    0.68 
   0.49   -0.49    0.69 
   0.49    0.49    0.69 
  -0.62   -0.46    0.77 
  -0.62    0.46    0.77 
   0.83   -0.18    0.85 
   0.83    0.18    0.85 
   0.97    0.00    0.97 
