 RATS Version 2.13. 07/15/88 
 Copyright (c) 1988,1987,1986 by VAR Econometrics
 Portions (c) 1988 by Doan Associates
 * XVAR6UVD.RTS, acb 8/8/89
 *
 * XVAR6u.RTS, MWW 6/16/89
 *  Rats program to estimate the six variable model
 *
 *  In this program the money demand disturbance is I(0), so that the
 *   cointegrating relation from the money demand equation is enforced.
 *
 * Program is slightly modified version of above MWW Program
 * Calculation of standard errors on VDs only
 * See Rats manual section on Monte Carlo Integration
 *
 bma com 3500 mat 100 glo 250
 *************
 * Set up VECM
 *
 *  (i)    Model definition parameters
 *
 ieval nv=6 ;ieval nk=3
 ieval nciv=nv-nk;
 ieval nlags=8 ;ieval nimp=120
 ieval nac=27
 ieval neq=2*nv+nciv
 ieval mxvr=nv*nlags+4
 seed 123
 sou a:\kpsw\var\kpsw1.inp
 * kpsw1.inp, from Stock, modified by mww 4/20/89
 *
 * inputs, transforms data for KPSW1 analysis, using citibase data
 cal 47 1 4
 all nac 88:4 neq mxvr
 ieval nfirst = (47:1)
 ieval nlast  = (88:4)
 ***
 sou a:\kpsw\var\ctinit.pgm
 * CTINIT.PGM                        JHS  3/6/87
 *
 * Declares work arrays for subsequent CT programs ;must be run before
 *    any executable commands
 *
 dec rect h hinv hs hsinv hsinvu c1 r0 r1 r2 r3 f1 g1 fstar
 dec rect sel a0 as aparm ahat alpha qk rsq1
 dec sym cc v2 v3 sdm sdmc
 dec vec sigeta ivd xout kp9
 *
 dec rect h2 hinv2 hs2 hsinv2 c2 r02 r12 r22 r32
 dec rect sel2 a2 as2 aparm2 ahat2 alpha2 qk2 rsq12
 dec sym cc2 v22 v32 sdm2 sdmc2
 dec vec sigeta2 ivd2 xout2 kp92
 ***
 open data a:\kpsw\data\kpsw1.dat
 data(for=rats,compact=average) / gnp82 gc82 gif82 gge82 p16 gnp gge
     GNP82   
 CITIBASE SERIES: GNP82                                                         
 GROSS NATIONAL PRODUCT (BIL 1982$)                                             
     GC82    
 CITIBASE SERIES: GC82                                                          
 PERSONAL CONSUMPTION EXPENDITURES (BIL 1982$)                                  
     GIF82   
 CITIBASE SERIES: GIF82                                                         
 GROSS PRIV DOMESTIC INVESTMENT, FIXED (BIL 1982$)                              
     GGE82   
 CITIBASE SERIES: GGE82                                                         
 GOVERMENT PURCHASES OF GOODS AND SERVICES, TOTAL (1982$)                       
     P16     
 CITIBASE SERIES: P16                                                           
 POPULATION: TOTAL CIVILIAN NONINSTITUTIONAL , AGE 16 +(THOUS.,NSA)             
     GNP     
 CITIBASE SERIES: GNP                                                           
 GROSS NATIONAL PRODUCT, TOTAL                                                  
     GGE     
 CITIBASE SERIES: GGE                                                           
 GOVERMENT PURCHASES OF GOODS AND SERVICES, TOTAL                               
 close data
 *
 set y     / = log(gnp82(t)-gge82(t))-log(p16(t))
 set c     / = log(gc82(t))-log(p16(t))
 set in     / = log(gif82(t))-log(p16(t))
 **********
 set dy  nfirst+1 nlast = y(t)-y(t-1)
 set dc  nfirst+1 nlast = c(t)-c(t-1)
 set din nfirst+1 nlast = in(t)-in(t-1)
 *
 * Money and Price -- 5 variable model
 *
 ieval nfirst = (47:1)
 ieval nlast  = (88:4)
 open data a:\kpsw\data\kpsw1.dat
 data(for=rats,compact=average) nfirst nlast m2 fygm3 fyaaac fycp
     M2      
 CONSTRUCTED M2 SERIES (CITIBASE, FM2 FROM 59:1-88:12)                          
 MONEY STOCK: M2                                                                
     FYGM3   
 CITIBASE SERIES: FYGM3                                                         
 INTEREST RATE: U.S.TREASURY BILLS,SEC MKT,3-MO.(% PER ANN,NSA)                 
     FYAAAC  
 CITIBASE SERIES: FYAAAC   12              47:01         88:12                  
     BOND YIELD: MOODY'S AAA CORPORATE (% PER ANNUM)                            
     FYCP    
 CITIBASE SERIES: FYCP     12              47:01         88:12                  
     INTEREST RATE: COMMERCIAL PAPER, 6-MONTH (% PER ANNUM,NSA)                 
 close data
 *
 set p nfirst nlast =  log( (gnp(t)-gge(t))/(gnp82(t)-gge82(t)) )
 set m nfirst nlast =  log(m2(t)) - log(p16(t))
 set mp nfirst nlast = m(t)-p(t)
 set vel nfirst nlast = m(t)-p(t)-y(t)
 set rgs nfirst nlast = fygm3(t)/400.0
 set rps nfirst nlast = fycp(t)/400.0
 set rpl nfirst nlast = fyaaac(t)/400.0
 **********
 zer dp; zer dm
 set dp  nfirst+1 nlast = p(t)-p(t-1)
 set dm  nfirst+1 nlast = m(t)-m(t-1)
 set dp1 nfirst   nlast-1 = p(t+1)-p(t)
  set dp1 nlast nlast = 0.0
 env err=1 war=1
 ieval n1=(54:1) ;ieval n2=(88:4)
 ieval nest1=n1 ; ieval nest2=n2
 ieval nimpr = 32   ;* number of impulses to report
 *eval ep = -3.914 ; eval ey = 1.100; * Money demand elasticity (dp), 54:1-88:4
 eval ep = -.01343*400 ;eval ey = 1.197; * Money demand elast(fygm3), 54:1-88:4
 *eval ep = -4.717 ; eval ey = 1.183; * Money dem elast(fygm3), orig, 54:1-88:4
 *eval ep = -4.979 ; eval ey = 1.199; * Money demand elast (fycp), 54:1-88:4
 *eval ep = -4.736 ; eval ey = 1.218; * Money demand elast (fyaaac), 54:1-88:4
 *eval phi1=1.973 ; eval phi2=-1.008; * Johansen MLE's, 54:1 - 88:4
 eval phi1=0.00334*400;eval phi2 = -0.0028*400; * Stock-Watson MLE's, 54:1-88:4
 *eval phi1=1.16;eval phi2 = -0.55; * Stock-Watson MLE's, 54:1-88:4, original
 *eval ep = -4.803  ;eval ey = 1.210; *  Money demand elast (fycp), 53:1-88:4
 *
 *  (ii)   Basic variables in model, in first differences
 *
 ieval k=0
 100387 dofor yy=y c in mp rgs dp
 100416  ieval k=k+1
 100426  set k / = yy(t)
 100445 end dofor
 *
 *  (iii)  Cointegrating vectors (either theoretical or empirical), to be
 *         entered as columns of alpha
 *
 dim alpha(nv,nv-nk) a0(nv,nk)
 read(unit=input) alpha
 -1 -1 -8
  1  0  0
  0  1  0
  0  0  1
  0  0 -9
  0  0  0
 eval alpha(1,3)=-ey
 eval alpha(5,3)=-ep
 *eval alpha(5,1)=-phi1 ; eval alpha(6,1)=phi1
 *eval alpha(5,2)=-phi2 ; eval alpha(6,2)=phi2
 *
 * Desired form for "A" (factor loading) matrix -- must:
 *   (i)  be of form AHAT=A0*P, where P is kxk lower triangular with
 *        ones on the diagonal
 *   (ii) have tr(ALPHA)*A0=0, i.e. be orthogonal to cointegrating vectors
 *
 read(unit=input) a0
  1   0   0
  1   0   0
  1   0   0
  8   9   7
  0   1   1
  0   1   0
 *
 eval a0(4,1)=ey
 eval a0(4,2)=ep
 *eval a0(2,3)=phi1 ; eval a0(3,3)=phi2
 eval a0(4,3)=ep
 *
 declare rect xmark(nciv,nk)
 mat xmark=(tr(alpha))*a0
 write xmark
   .0000000       .0000000       .0000000    
   .0000000       .0000000       .0000000    
   .0000000       .0000000       .0000000    



 *
 *--------------------------------------------------*
 * Estimate model, A, Impulse responses, Variance Decomps
 *
 output noecho
 Number of Series Needed  
       27



 Number of Series allocated  
       27



  Check that data series have been properly constructed:  
   
                   y runs from       1 to       6 
             delta y runs from       7 to      12 
                   z runs from      13 to      15 


  ENTRY        y         1     c         2     i         3     x4        4
      51: 4    -4.66240        -4.93616        -6.25898        -4.87589    
      52: 1    -4.66059        -4.93409        -6.24721        -4.86696    
      52: 2    -4.67596        -4.91786        -6.23926        -4.85704    
      52: 3    -4.67589        -4.91508        -6.29918        -4.85938    
      52: 4    -4.65217        -4.89636        -6.24100        -4.86420    
      53: 1    -4.65045        -4.89315        -6.21201        -4.86626    
      53: 2    -4.64754        -4.89047        -6.21185        -4.86290    
      53: 3    -4.65649        -4.89341        -6.21591        -4.86376    
      53: 4    -4.67443        -4.89655        -6.22398        -4.85411    
      54: 1    -4.67163        -4.89530        -6.23973        -4.85566    
      54: 2    -4.66181        -4.88920        -6.22508        -4.85171    
      54: 3    -4.64164        -4.87582        -6.19673        -4.83609    


  ENTRY        mp        5     x6        6     dy        7     dc        8
      51: 4     .402500E-02     .972242E-02    -.146066E-01     .405016E-02
      52: 1     .391667E-02     .402854E-02     .181419E-02     .207196E-02
      52: 2     .411667E-02    -.106351E-02    -.153735E-01     .162337E-01
      52: 3     .445833E-02     .110755E-01     .709539E-04     .277625E-02
      52: 4     .473333E-02     .139913E-01     .237226E-01     .187273E-01
      53: 1     .495000E-02     .648149E-03     .172280E-02     .320332E-02
      53: 2     .538333E-02     .387800E-02     .290881E-02     .268560E-02
      53: 3     .489167E-02     .469460E-02    -.895226E-02    -.294263E-02
      53: 4     .368333E-02    -.665889E-02    -.179368E-01    -.313957E-02
      54: 1     .265000E-02     .596207E-02     .279415E-02     .125259E-02
      54: 2     .196667E-02     .221401E-02     .982090E-02     .610110E-02
      54: 3     .220833E-02    -.433432E-02     .201747E-01     .133795E-01


  ENTRY        di        9     dx4      10     dmp      11     dx6      12
      51: 4    -.841553E-02     .578204E-02     .166667E-04     .127143E-01
      52: 1     .117774E-01     .893427E-02    -.108333E-03    -.569388E-02
      52: 2     .795015E-02     .992262E-02     .200000E-03    -.509205E-02
      52: 3    -.599226E-01    -.233757E-02     .341667E-03     .121390E-01
      52: 4     .581817E-01    -.481971E-02     .275000E-03     .291581E-02
      53: 1     .289926E-01    -.206070E-02     .216667E-03    -.133431E-01
      53: 2     .156047E-03     .335507E-02     .433333E-03     .322985E-02
      53: 3    -.406322E-02    -.858669E-03    -.491667E-03     .816594E-03
      53: 4    -.807242E-02     .965147E-02    -.120833E-02    -.113535E-01
      54: 1    -.157484E-01    -.155702E-02    -.103333E-02     .126210E-01
      54: 2     .146525E-01     .395399E-02    -.683333E-03    -.374805E-02
      54: 3     .283551E-01     .156167E-01     .241667E-03    -.654834E-02


  ENTRY        z1       13     z2       14     z3       15
      51: 4    -.273761        -1.59658         .726625    
      52: 1    -.273504        -1.58662         .732805    
      52: 2    -.241896        -1.56329         .762204    
      52: 3    -.239191        -1.62329         .761617    
      52: 4    -.244186        -1.58883         .729879    
      53: 1    -.242706        -1.56156         .726920    
      53: 2    -.242929        -1.56431         .729121    
      53: 3    -.236919        -1.55942         .736337    
      53: 4    -.222122        -1.54956         .760968    
      54: 1    -.223664        -1.56810         .750515    
      54: 2    -.227384        -1.56327         .739043    
      54: 3    -.234179        -1.55509         .731808    



 Series     dy       (    7 )
 Series     y        (    1 )   LAGS    1 TO    1
 Series     dc       (    8 )
 Series     c        (    2 )   LAGS    1 TO    1
 Series     di       (    9 )
 Series     i        (    3 )   LAGS    1 TO    1
 Series     dx4      (   10 )
 Series     x4       (    4 )   LAGS    1 TO    1
 Series     dmp      (   11 )
 Series     mp       (    5 )   LAGS    1 TO    1
 Series     dx6      (   12 )
 Series     x6       (    6 )   LAGS    1 TO    1
 Series     y        (    1 )
 Series     c        (    2 )
 Series     i        (    3 )
 Series     x4       (    4 )
 Series     mp       (    5 )
 Series     x6       (    6 )
 Series     y        (    1 )
 Series     c        (    2 )
 Series     i        (    3 )
 Series     x4       (    4 )
 Series     mp       (    5 )
 Series     x6       (    6 )
 Series     y        (    1 )
 Series     c        (    2 )
 Series     i        (    3 )
 Series     x4       (    4 )
 Series     mp       (    5 )
 Series     x6       (    6 )



 EQUATION    1
 DEPENDENT VARIABLE    7     dy      
 FROM      54: 1 UNTIL      88: 4
 TOTAL OBSERVATIONS    140     SKIPPED/MISSING         0
 USABLE OBSERVATIONS   140     DEGREES OF FREEDOM     88
 R**2            .53224730     RBAR**2         .26116335
 SSR         .10639565E-01     SEE         .10995642E-01
 DURBIN-WATSON  1.95890694
 Q(  33)=   19.9172       SIGNIFICANCE LEVEL  .964598    
 NO.     LABEL    VAR  LAG    COEFFICIENT   STAND. ERROR    T-STATISTIC
 ***    *******   ***  ***   ************   ************   ************
   1     dy         7   1   .1142676       .1646241       .6941124    
   2     dy         7   2  -.9028398E-02   .1687177      -.5351185E-01
   3     dy         7   3  -.3467548E-01   .1694269      -.2046634    
   4     dy         7   4  -.1444112       .1769799      -.8159750    
   5     dy         7   5  -.2051820       .1799432      -1.140260    
   6     dy         7   6   .4359003E-01   .1700485       .2563388    
   7     dy         7   7  -.1362066E-01   .1609809      -.8461037E-01
   8     dy         7   8   .1830312       .1531841       1.194844    
   9     dc         8   1  -.2117193E-01   .2083965      -.1015945    
  10     dc         8   2   .8925068E-01   .2096304       .4257526    
  11     dc         8   3  -.8500633E-01   .2147548      -.3958297    
  12     dc         8   4   .1779486       .2204614       .8071645    
  13     dc         8   5   .2379788E-04   .2230325       .1067014E-03
  14     dc         8   6   .1124767       .2158381       .5211160    
  15     dc         8   7   .6899116E-01   .2096418       .3290906    
  16     dc         8   8  -.5364418       .2009719      -2.669238    
  17     di         9   1   .6300338E-01   .7794891E-01   .8082650    
  18     di         9   2   .1641443E-01   .7910143E-01   .2075111    
  19     di         9   3  -.5861391E-01   .7717660E-01  -.7594777    
  20     di         9   4   .4985817E-01   .7832802E-01   .6365305    
  21     di         9   5   .3159909E-01   .7701478E-01   .4102991    
  22     di         9   6   .2448821E-01   .7513269E-01   .3259327    
  23     di         9   7   .4190365E-01   .7550720E-01   .5549622    
  24     di         9   8  -.9083409E-01   .7069068E-01  -1.284951    
  25     dx4       10   1   .3263845       .2342701       1.393197    
  26     dx4       10   2   .9844726E-01   .2683778       .3668234    
  27     dx4       10   3  -.3022549       .2722891      -1.110052    
  28     dx4       10   4  -.4216551E-01   .2647059      -.1592919    
  29     dx4       10   5  -.1027996       .2538153      -.4050175    
  30     dx4       10   6   .1369018       .2566260       .5334682    
  31     dx4       10   7  -.1653364       .2558616      -.6461948    
  32     dx4       10   8   .2320588       .2310489       1.004371    
  33     dmp       11   1   .3493513       .6943424       .5031399    
  34     dmp       11   2  -.4286099       .8459055      -.5066877    
  35     dmp       11   3   .9450825       .8841197       1.068953    
  36     dmp       11   4  -.9272242       .9474443      -.9786582    
  37     dmp       11   5  -.4837957       .9707895      -.4983529    
  38     dmp       11   6  -.9702764       1.007964      -.9626098    
  39     dmp       11   7  -.5867996       .8904895      -.6589629    
  40     dmp       11   8  -.5253433       .8733292      -.6015410    
  41     dx6       12   1   .4994131       .3622242       1.378740    
  42     dx6       12   2   .5040470       .4349506       1.158860    
  43     dx6       12   3   .1676864       .4608282       .3638805    
  44     dx6       12   4   .9886094E-01   .4774555       .2070579    
  45     dx6       12   5  -.4961053       .4864811      -1.019783    
  46     dx6       12   6  -.3141976       .4576930      -.6864812    
  47     dx6       12   7  -.3405895       .4079594      -.8348613    
  48     dx6       12   8  -.4012512       .2567319      -1.562919    
  49     CONSTANT   0   0  -.2517727E-01   .9195975E-01  -.2737857    
  50     z1        13   1   .3085977E-01   .1010623       .3053539    
  51     z2        14   1   .1920169E-01   .5075058E-01   .3783541    
  52     z3        15   1   .1028578       .5158111E-01   1.994099    




     F-TESTS, DEPENDENT VARIABLE     dy      
    VARIABLE      F-STATISTIC      SIGNIF. LEVEL
     dy                .55467        .8119543    
     dc               1.07934        .3850329    
     di                .69260        .6970554    
     dx4               .76817        .6315757    
     dmp               .47971        .8675410    
     dx6              1.14795        .3399451    






 EQUATION    2
 DEPENDENT VARIABLE    8     dc      
 FROM      54: 1 UNTIL      88: 4
 TOTAL OBSERVATIONS    140     SKIPPED/MISSING         0
 USABLE OBSERVATIONS   140     DEGREES OF FREEDOM     88
 R**2            .50530653     RBAR**2         .21860917
 SSR         .36202922E-02     SEE         .64140225E-02
 DURBIN-WATSON  1.93938873
 Q(  33)=   27.0079       SIGNIFICANCE LEVEL  .759333    
 NO.     LABEL    VAR  LAG    COEFFICIENT   STAND. ERROR    T-STATISTIC
 ***    *******   ***  ***   ************   ************   ************
   1     dy         7   1   .8867555E-01   .9602918E-01   .9234230    
   2     dy         7   2   .3284297E-01   .9841711E-01   .3337120    
   3     dy         7   3  -.7633749E-01   .9883078E-01  -.7724061    
   4     dy         7   4  -.1803349       .1032367      -1.746811    
   5     dy         7   5  -.1669368       .1049652      -1.590401    
   6     dy         7   6  -.4339234E-01   .9919338E-01  -.4374519    
   7     dy         7   7  -.7680016E-01   .9390406E-01  -.8178577    
   8     dy         7   8  -.7605953E-02   .8935597E-01  -.8511969E-01
   9     dc         8   1  -.5302623E-01   .1215627      -.4362049    
  10     dc         8   2  -.1949359E-01   .1222824      -.1594145    
  11     dc         8   3   .7668501E-01   .1252717       .6121498    
  12     dc         8   4   .1339081       .1286004       1.041273    
  13     dc         8   5  -.4418081E-01   .1301002      -.3395905    
  14     dc         8   6   .9597586E-01   .1259036       .7622966    
  15     dc         8   7   .1524135       .1222891       1.246337    
  16     dc         8   8  -.1708159       .1172317      -1.457079    
  17     di         9   1  -.3330545E-01   .4546947E-01  -.7324794    
  18     di         9   2   .3481395E-01   .4614177E-01   .7544998    
  19     di         9   3   .3273031E-01   .4501897E-01   .7270338    
  20     di         9   4   .6010164E-01   .4569062E-01   1.315404    
  21     di         9   5   .4256586E-01   .4492457E-01   .9474961    
  22     di         9   6   .2162878E-01   .4382671E-01   .4935069    
  23     di         9   7  -.1786789E-01   .4404517E-01  -.4056719    
  24     di         9   8  -.3163549E-01   .4123557E-01  -.7671892    
  25     dx4       10   1   .1751508       .1366554       1.281697    
  26     dx4       10   2  -.5785769E-01   .1565512      -.3695767    
  27     dx4       10   3  -.1313620       .1588328      -.8270460    
  28     dx4       10   4  -.6986389E-01   .1544093      -.4524590    
  29     dx4       10   5   .1409606       .1480565       .9520727    
  30     dx4       10   6  -.8612609E-01   .1496961      -.5753395    
  31     dx4       10   7   .4145115E-02   .1492502       .2777293E-01
  32     dx4       10   8   .1974614       .1347764       1.465104    
  33     dmp       11   1  -.9943722       .4050266      -2.455079    
  34     dmp       11   2  -.7752349       .4934370      -1.571092    
  35     dmp       11   3  -1.264916       .5157283      -2.452679    
  36     dmp       11   4  -.5679981       .5526671      -1.027740    
  37     dmp       11   5  -1.005267       .5662848      -1.775197    
  38     dmp       11   6   .2678514       .5879699       .4555530    
  39     dmp       11   7  -.5881831       .5194440      -1.132332    
  40     dmp       11   8   .3748378       .5094339       .7357928    
  41     dx6       12   1   .1987830       .2112941       .9407880    
  42     dx6       12   2   .1808517       .2537171       .7128083    
  43     dx6       12   3   .8379406E-02   .2688122       .3117197E-01
  44     dx6       12   4  -.6899961E-01   .2785113      -.2477444    
  45     dx6       12   5  -.6288807E-01   .2837762      -.2216115    
  46     dx6       12   6  -.2405887       .2669833      -.9011377    
  47     dx6       12   7  -.1159824       .2379725      -.4873774    
  48     dx6       12   8  -.1248632       .1497579      -.8337667    
  49     CONSTANT   0   0  -.3052173E-01   .5364233E-01  -.5689859    
  50     z1        13   1  -.1223250       .5895207E-01  -2.074991    
  51     z2        14   1   .4933391E-02   .2960403E-01   .1666459    
  52     z3        15   1   .2258210E-01   .3008850E-01   .7505224    




     F-TESTS, DEPENDENT VARIABLE     dc      
    VARIABLE      F-STATISTIC      SIGNIF. LEVEL
     dy                .90266        .5180727    
     dc                .90960        .5124413    
     di                .57366        .7968962    
     dx4               .73468        .6606000    
     dmp              2.08107        .4601864E-01
     dx6               .49251        .8585502    






 EQUATION    3
 DEPENDENT VARIABLE    9     di      
 FROM      54: 1 UNTIL      88: 4
 TOTAL OBSERVATIONS    140     SKIPPED/MISSING         0
 USABLE OBSERVATIONS   140     DEGREES OF FREEDOM     88
 R**2            .68425678     RBAR**2         .50126924
 SSR         .31010581E-01     SEE         .18772133E-01
 DURBIN-WATSON  1.94220280
 Q(  33)=   30.6149       SIGNIFICANCE LEVEL  .586398    
 NO.     LABEL    VAR  LAG    COEFFICIENT   STAND. ERROR    T-STATISTIC
 ***    *******   ***  ***   ************   ************   ************
   1     dy         7   1   .5597319       .2810518       1.991562    
   2     dy         7   2   .4485617       .2880406       1.557286    
   3     dy         7   3   .2280669       .2892513       .7884731    
   4     dy         7   4  -.3764841       .3021461      -1.246033    
   5     dy         7   5  -.4646443       .3072051      -1.512489    
   6     dy         7   6  -.2891072       .2903126      -.9958482    
   7     dy         7   7  -.2042329       .2748321      -.7431188    
   8     dy         7   8  -.2488445       .2615211      -.9515276    
   9     dc         8   1  -.2895582       .3557815      -.8138650    
  10     dc         8   2  -.5230979       .3578880      -1.461624    
  11     dc         8   3  -.3119082       .3666367      -.8507283    
  12     dc         8   4   .4376285       .3763791       1.162733    
  13     dc         8   5   .1242360       .3807687       .3262768    
  14     dc         8   6   .6399525       .3684862       1.736707    
  15     dc         8   7   .3175795       .3579076       .8873226    
  16     dc         8   8  -.2167336       .3431060      -.6316810    
  17     di         9   1   .1558645       .1330770       1.171235    
  18     di         9   2  -.1108944       .1350446      -.8211688    
  19     di         9   3   .2307418E-01   .1317585       .1751247    
  20     di         9   4   .9457950E-01   .1337242       .7072727    
  21     di         9   5   .2448435       .1314822       1.862180    
  22     di         9   6   .2639613       .1282691       2.057872    
  23     di         9   7   .8784090E-01   .1289085       .6814208    
  24     di         9   8  -.3825335E-01   .1206855      -.3169672    
  25     dx4       10   1   .9161030       .3999538       2.290522    
  26     dx4       10   2   .9360636       .4581837       2.042988    
  27     dx4       10   3  -.8904432       .4648611      -1.915504    
  28     dx4       10   4  -.5072378       .4519149      -1.122419    
  29     dx4       10   5  -.6719150E-02   .4333220      -.1550614E-01
  30     dx4       10   6  -.2069315       .4381206      -.4723163    
  31     dx4       10   7   .3149059E-04   .4368155       .7209128E-04
  32     dx4       10   8   .9453580E-01   .3944545       .2396621    
  33     dmp       11   1   .1883800       1.185405       .1589162    
  34     dmp       11   2  -1.142500       1.444158      -.7911184    
  35     dmp       11   3   2.548078       1.509399       1.688141    
  36     dmp       11   4  -4.667501       1.617509      -2.885610    
  37     dmp       11   5   .3030141       1.657365       .1828288    
  38     dmp       11   6  -4.407014       1.720831      -2.560980    
  39     dmp       11   7   .5222325       1.520274       .3435121    
  40     dmp       11   8  -.8817460       1.490977      -.5913880    
  41     dx6       12   1   1.065020       .6184015       1.722214    
  42     dx6       12   2   2.094456       .7425624       2.820579    
  43     dx6       12   3   1.169692       .7867415       1.486755    
  44     dx6       12   4   .6437696       .8151282       .7897771    
  45     dx6       12   5   .3448221       .8305371       .4151797    
  46     dx6       12   6  -.5578135       .7813889      -.7138743    
  47     dx6       12   7  -.2011096       .6964821      -.2887506    
  48     dx6       12   8  -.6466551       .4383015      -1.475366    
  49     CONSTANT   0   0  -.3371118       .1569968      -2.147252    
  50     z1        13   1  -.2690916E-01   .1725370      -.1559617    
  51     z2        14   1  -.1750255       .8664311E-01  -2.020074    
  52     z3        15   1   .8412264E-01   .8806102E-01   .9552767    




     F-TESTS, DEPENDENT VARIABLE     di      
    VARIABLE      F-STATISTIC      SIGNIF. LEVEL
     dy               1.60664        .1343309    
     dc               1.12763        .3528903    
     di               1.41563        .2011599    
     dx4              2.76152        .9044522E-02
     dmp              1.75716        .9647628E-01
     dx6              2.11932        .4208416E-01






 EQUATION    4
 DEPENDENT VARIABLE   10     dx4     
 FROM      54: 1 UNTIL      88: 4
 TOTAL OBSERVATIONS    140     SKIPPED/MISSING         0
 USABLE OBSERVATIONS   140     DEGREES OF FREEDOM     88
 R**2            .74556497     RBAR**2         .59810830
 SSR         .34274726E-02     SEE         .62408775E-02
 DURBIN-WATSON  2.06602269
 Q(  33)=   15.6774       SIGNIFICANCE LEVEL  .995393    
 NO.     LABEL    VAR  LAG    COEFFICIENT   STAND. ERROR    T-STATISTIC
 ***    *******   ***  ***   ************   ************   ************
   1     dy         7   1  -.1757340       .9343689E-01  -1.880777    
   2     dy         7   2  -.4739992E-01   .9576036E-01  -.4949848    
   3     dy         7   3  -.1142271       .9616287E-01  -1.187850    
   4     dy         7   4  -.3754779E-01   .1004498      -.3737966    
   5     dy         7   5   .6869107E-01   .1021317       .6725737    
   6     dy         7   6   .1307440       .9651568E-01   1.354640    
   7     dy         7   7   .7269875E-01   .9136914E-01   .7956597    
   8     dy         7   8  -.1622534E-01   .8694383E-01  -.1866187    
   9     dc         8   1   .1824846       .1182811       1.542804    
  10     dc         8   2   .4873534E-01   .1189814       .4096046    
  11     dc         8   3   .9657603E-01   .1218900       .7923214    
  12     dc         8   4  -.8806235E-01   .1251289      -.7037731    
  13     dc         8   5  -.5490534E-01   .1265882      -.4337318    
  14     dc         8   6   .1993074E-01   .1225048       .1626935    
  15     dc         8   7  -.1466955E-01   .1189879      -.1232861    
  16     dc         8   8  -.2119882       .1140671      -1.858451    
  17     di         9   1   .6691945E-01   .4424203E-01   1.512576    
  18     di         9   2   .8381527E-01   .4489618E-01   1.866869    
  19     di         9   3  -.1436046E-01   .4380369E-01  -.3278366    
  20     di         9   4  -.2488834E-01   .4445721E-01  -.5598269    
  21     di         9   5  -.2138824E-01   .4371185E-01  -.4893007    
  22     di         9   6  -.3022232E-01   .4264362E-01  -.7087185    
  23     di         9   7   .3480773E-01   .4285618E-01   .8121986    
  24     di         9   8   .3689521E-01   .4012243E-01   .9195658    
  25     dx4       10   1   .6367417       .1329664       4.788741    
  26     dx4       10   2  -.1864823       .1523252      -1.224238    
  27     dx4       10   3   .6745619E-01   .1545451       .4364822    
  28     dx4       10   4  -.9731839E-01   .1502411      -.6477481    
  29     dx4       10   5   .4307856       .1440598       2.990325    
  30     dx4       10   6  -.1418511       .1456551      -.9738838    
  31     dx4       10   7   .2193647       .1452212       1.510556    
  32     dx4       10   8  -.2996271       .1311381      -2.284821    
  33     dmp       11   1  -2.283267       .3940930      -5.793726    
  34     dmp       11   2   .9720793       .4801168       2.024673    
  35     dmp       11   3  -.8060037       .5018063      -1.606205    
  36     dmp       11   4   1.123699       .5377480       2.089639    
  37     dmp       11   5  -1.221341       .5509981      -2.216597    
  38     dmp       11   6   .8124487       .5720978       1.420122    
  39     dmp       11   7  -.5295274       .5054217      -1.047694    
  40     dmp       11   8  -.1869922E-01   .4956819      -.3772424E-01
  41     dx6       12   1   .3711392       .2055903       1.805237    
  42     dx6       12   2   .1857755       .2468681       .7525294    
  43     dx6       12   3   .3509524E-01   .2615556       .1341789    
  44     dx6       12   4   .6943194E-02   .2709929       .2562131E-01
  45     dx6       12   5   .1649969       .2761157       .5975645    
  46     dx6       12   6   .3669647E-01   .2597762       .1412619    
  47     dx6       12   7   .4055448       .2315485       1.751446    
  48     dx6       12   8   .2716751E-01   .1457152       .1864425    
  49     CONSTANT   0   0  -.4924275E-01   .5219427E-01  -.9434511    
  50     z1        13   1   .2944135E-01   .5736068E-01   .5132672    
  51     z2        14   1  -.4239002E-01   .2880488E-01  -1.471626    
  52     z3        15   1  -.1412694E-01   .2927627E-01  -.4825389    




     F-TESTS, DEPENDENT VARIABLE     dx4     
    VARIABLE      F-STATISTIC      SIGNIF. LEVEL
     dy                .98578        .4526521    
     dc                .89530        .5240751    
     di               1.20370        .3062181    
     dx4              5.27000        .2103724E-04
     dmp              5.80491        .6065928E-05
     dx6              1.25201        .2790921    






 EQUATION    5
 DEPENDENT VARIABLE   11     dmp     
 FROM      54: 1 UNTIL      88: 4
 TOTAL OBSERVATIONS    140     SKIPPED/MISSING         0
 USABLE OBSERVATIONS   140     DEGREES OF FREEDOM     88
 R**2            .58118009     RBAR**2         .33845492
 SSR         .27907330E-03     SEE         .17808109E-02
 DURBIN-WATSON  1.94926332
 Q(  33)=   30.4226       SIGNIFICANCE LEVEL  .596071    
 NO.     LABEL    VAR  LAG    COEFFICIENT   STAND. ERROR    T-STATISTIC
 ***    *******   ***  ***   ************   ************   ************
   1     dy         7   1   .3503738E-02   .2666187E-01   .1314138    
   2     dy         7   2  -.4185235E-03   .2732486E-01  -.1531658E-01
   3     dy         7   3  -.2928056E-01   .2743971E-01  -1.067087    
   4     dy         7   4  -.2616463E-01   .2866297E-01  -.9128374    
   5     dy         7   5  -.5933606E-01   .2914289E-01  -2.036039    
   6     dy         7   6  -.4085844E-01   .2754039E-01  -1.483583    
   7     dy         7   7  -.3218733E-01   .2607184E-01  -1.234563    
   8     dy         7   8  -.1752909E-01   .2480909E-01  -.7065591    
   9     dc         8   1   .1804291E-01   .3375108E-01   .5345878    
  10     dc         8   2  -.2527491E-01   .3395091E-01  -.7444546    
  11     dc         8   3  -.3342007E-01   .3478085E-01  -.9608757    
  12     dc         8   4   .2952843E-01   .3570506E-01   .8270097    
  13     dc         8   5   .6341701E-01   .3612147E-01   1.755659    
  14     dc         8   6   .3348281E-01   .3495629E-01   .9578480    
  15     dc         8   7   .2693284E-01   .3395276E-01   .7932445    
  16     dc         8   8  -.1423583E-01   .3254862E-01  -.4373714    
  17     di         9   1  -.3525889E-02   .1262430E-01  -.2792939    
  18     di         9   2  -.1566080E-01   .1281096E-01  -1.222453    
  19     di         9   3   .3778919E-02   .1249922E-01   .3023324    
  20     di         9   4  -.1223434E-01   .1268570E-01  -.9644202    
  21     di         9   5   .3550987E-02   .1247301E-01   .2846936    
  22     di         9   6   .8330588E-02   .1216820E-01   .6846199    
  23     di         9   7   .2854530E-02   .1222885E-01   .2334259    
  24     di         9   8  -.1586934E-01   .1144878E-01  -1.386115    
  25     dx4       10   1   .2194549E-02   .3794146E-01   .5784038E-01
  26     dx4       10   2   .4717286E-01   .4346542E-01   1.085296    
  27     dx4       10   3   .3223940E-01   .4409886E-01   .7310709    
  28     dx4       10   4  -.5710580E-01   .4287073E-01  -1.332046    
  29     dx4       10   5  -.2648625E-01   .4110692E-01  -.6443258    
  30     dx4       10   6   .4540431E-01   .4156214E-01   1.092444    
  31     dx4       10   7  -.1739905E-01   .4143833E-01  -.4198783    
  32     dx4       10   8   .8419118E-01   .3741977E-01   2.249911    
  33     dmp       11   1   .1517166       .1124530       1.349156    
  34     dmp       11   2  -.5137849       .1369995      -3.750268    
  35     dmp       11   3   .2887413       .1431886       2.016511    
  36     dmp       11   4  -.1743037       .1534444      -1.135941    
  37     dmp       11   5   .8750034E-01   .1572252       .5565286    
  38     dmp       11   6  -.1243031       .1632459      -.7614466    
  39     dmp       11   7  -.2222744       .1442202      -1.541216    
  40     dmp       11   8   .6801659E-01   .1414410       .4808832    
  41     dx6       12   1   .7897315E-02   .5866441E-01   .1346185    
  42     dx6       12   2   .9663299E-01   .7044289E-01   1.371792    
  43     dx6       12   3   .1379386       .7463392E-01   1.848202    
  44     dx6       12   4   .9450108E-02   .7732681E-01   .1222100    
  45     dx6       12   5  -.1157168       .7878857E-01  -1.468701    
  46     dx6       12   6  -.7639279E-01   .7412615E-01  -1.030578    
  47     dx6       12   7  -.1259823       .6607150E-01  -1.906757    
  48     dx6       12   8  -.4648986E-01   .4157930E-01  -1.118101    
  49     CONSTANT   0   0   .3261806E-01   .1489344E-01   2.190096    
  50     z1        13   1  -.4036113E-01   .1636765E-01  -2.465908    
  51     z2        14   1   .1598388E-01   .8219364E-02   1.944661    
  52     z3        15   1  -.2514910E-01   .8353874E-02  -3.010472    




     F-TESTS, DEPENDENT VARIABLE     dmp     
    VARIABLE      F-STATISTIC      SIGNIF. LEVEL
     dy                .74731        .6496417    
     dc                .80111        .6031940    
     di                .74126        .6548902    
     dx4              1.73246        .1019278    
     dmp              3.63396        .1072146E-02
     dx6              2.01344        .5384756E-01






 EQUATION    6
 DEPENDENT VARIABLE   12     dx6     
 FROM      54: 1 UNTIL      88: 4
 TOTAL OBSERVATIONS    140     SKIPPED/MISSING         0
 USABLE OBSERVATIONS   140     DEGREES OF FREEDOM     88
 R**2            .60047561     RBAR**2         .36893306
 SSR         .14390854E-02     SEE         .40439144E-02
 DURBIN-WATSON  1.91374510
 Q(  33)=   38.0365       SIGNIFICANCE LEVEL  .250747    
 NO.     LABEL    VAR  LAG    COEFFICIENT   STAND. ERROR    T-STATISTIC
 ***    *******   ***  ***   ************   ************   ************
   1     dy         7   1   .1239429       .6054450E-01   2.047137    
   2     dy         7   2   .7772388E-01   .6205004E-01   1.252600    
   3     dy         7   3   .1314087       .6231085E-01   2.108921    
   4     dy         7   4   .1195032E-01   .6508867E-01   .1836007    
   5     dy         7   5  -.6384202E-01   .6617847E-01  -.9646948    
   6     dy         7   6  -.2073223E-01   .6253946E-01  -.3315063    
   7     dy         7   7  -.1049923E-01   .5920465E-01  -.1773379    
   8     dy         7   8   .1023369E-01   .5633717E-01   .1816507    
   9     dc         8   1  -.1983454E-01   .7664287E-01  -.2587917    
  10     dc         8   2  -.1312667       .7709665E-01  -1.702626    
  11     dc         8   3  -.1389596       .7898130E-01  -1.759398    
  12     dc         8   4   .5072403E-01   .8108003E-01   .6256045    
  13     dc         8   5  -.1430232E-01   .8202563E-01  -.1743640    
  14     dc         8   6  -.1160149E-01   .7937971E-01  -.1461518    
  15     dc         8   7   .6408743E-01   .7710087E-01   .8312154    
  16     dc         8   8   .7181248E-02   .7391230E-01   .9715904E-01
  17     di         9   1  -.1028763       .2866760E-01  -3.588592    
  18     di         9   2  -.3445687E-01   .2909147E-01  -1.184432    
  19     di         9   3  -.3438704E-01   .2838357E-01  -1.211512    
  20     di         9   4   .7047880E-03   .2880703E-01   .2446583E-01
  21     di         9   5   .1342819E-01   .2832406E-01   .4740913    
  22     di         9   6  -.2368552E-02   .2763187E-01  -.8571813E-01
  23     di         9   7  -.4344933E-01   .2776961E-01  -1.564636    
  24     di         9   8  -.1719646E-01   .2599821E-01  -.6614479    
  25     dx4       10   1   .7656925E-02   .8615852E-01   .8887020E-01
  26     dx4       10   2   .1373532       .9870246E-01   1.391588    
  27     dx4       10   3  -.1226902E-01   .1001409      -.1225176    
  28     dx4       10   4  -.7073771E-01   .9735204E-01  -.7266177    
  29     dx4       10   5  -.1397028       .9334672E-01  -1.496601    
  30     dx4       10   6   .1115878       .9438044E-01   1.182319    
  31     dx4       10   7  -.4260254E-01   .9409930E-01  -.4527403    
  32     dx4       10   8   .2324267       .8497385E-01   2.735273    
  33     dmp       11   1   .5424044       .2553613       2.124067    
  34     dmp       11   2  -.2034036       .3111023      -.6538159    
  35     dmp       11   3  -.9039691E-01   .3251565      -.2780105    
  36     dmp       11   4  -.2093321       .3484457      -.6007598    
  37     dmp       11   5  -.3224279       .3570314      -.9030801    
  38     dmp       11   6  -.9824114E-01   .3707034      -.2650128    
  39     dmp       11   7  -.4102230E-02   .3274992      -.1252592E-01
  40     dmp       11   8   .3447575       .3211880       1.073382    
  41     dx6       12   1  -.8080185       .1332168      -6.065442    
  42     dx6       12   2  -.5685490       .1599636      -3.554239    
  43     dx6       12   3  -.5315337       .1694808      -3.136248    
  44     dx6       12   4  -.5242717       .1755959      -2.985673    
  45     dx6       12   5  -.5533870       .1789153      -3.093012    
  46     dx6       12   6  -.4573013       .1683277      -2.716733    
  47     dx6       12   7  -.5145256       .1500370      -3.429326    
  48     dx6       12   8  -.1244099       .9441941E-01  -1.317631    
  49     CONSTANT   0   0   .6683770E-01   .3382043E-01   1.976252    
  50     z1        13   1  -.6155188E-01   .3716812E-01  -1.656040    
  51     z2        14   1   .4912688E-01   .1866476E-01   2.632066    
  52     z3        15   1  -.5317306E-02   .1897021E-01  -.2802978    




     F-TESTS, DEPENDENT VARIABLE     dx6     
    VARIABLE      F-STATISTIC      SIGNIF. LEVEL
     dy               1.25742        .2761739    
     dc                .98065        .4565531    
     di               2.40109        .2158943E-01
     dx4              2.14649        .3948781E-01
     dmp               .86597        .5482875    
     dx6              5.46729        .1326144E-04



  Epsilon variance-covariance matrix:  

          COVARIANCE/CORRELATION MATRIX
     VARIABLE           dy           dc           di           dx4     
           SERIES LAG   16   0       17   0       18   0       19   0
     dy        16   0   .75997E-04   .52428       .64912       .76486E-01
     dc        17   0   .23242E-04   .25859E-04   .37432       .93773E-01
     di        18   0   .84219E-04   .28329E-04   .22150E-03   .68108E-02
     dx4       19   0   .32992E-05   .23594E-05   .50155E-06   .24482E-04
     dmp       20   0   .53235E-05   .13761E-05   .93990E-05  -.84175E-06
     dx6       21   0  -.15053E-06  -.88098E-06   .60462E-05  -.10009E-04



     VARIABLE           dmp          dx6     
           SERIES LAG   20   0       21   0
     dy        16   0   .43252      -.53859E-02
     dc        17   0   .19166      -.54035E-01
     di        18   0   .44730       .12671    
     dx4       19   0  -.12049      -.63092    
     dmp       20   0   .19934E-05  -.14224E-01
     dx6       21   0  -.64386E-07   .10279E-04



  Log determinant of VCV matrix =    -65.462     

 VARIABLES IN CROSS-MOMENT MATRIX
 FROM      54: 1 UNTIL      88: 4
 Series     dy       (    7 )   LAGS    1 TO    8
 Series     dc       (    8 )   LAGS    1 TO    8
 Series     di       (    9 )   LAGS    1 TO    8
 Series     dx4      (   10 )   LAGS    1 TO    8
 Series     dmp      (   11 )   LAGS    1 TO    8
 Series     dx6      (   12 )   LAGS    1 TO    8
 Series     CONSTANT (    0 )
 Series     z1       (   13 )   LAGS    1 TO    1
 Series     z2       (   14 )   LAGS    1 TO    1
 Series     z3       (   15 )   LAGS    1 TO    1
  
  
                            Table       1 
  
       BHat Fraction of Variance of First Differences Due 
               to Innovation in Component #       1 
  
   Horizon    vble#1    vbl#2  . . . 
  
      1.       .37      9.77     10.42     72.00      7.13     33.47
      4.      4.41     10.41     18.03     54.09      5.50     28.06
      8.      5.37     11.57     14.74     46.60      5.16     26.94
     12.      8.13     13.61     16.80     43.60      7.98     26.02
     16.      8.00     13.00     16.54     42.41      8.37     25.63
     20.      8.22     12.90     16.62     41.98      8.53     25.39
     24.      8.12     12.68     16.19     40.98      8.64     25.34
      0.       .00       .00       .00       .00       .00       .00
  
  
       RMSE Fraction of Variance of First Differences Due 
               to Innovation in Component #       1 
  
   Horizon    vble#1    vbl#2  . . . 
  
      1.     24.08      7.93      7.25     28.67      6.18     11.21
      4.     16.39      6.06      4.04     25.33      6.86      9.13
      8.     11.24      5.31      3.22     20.14      5.75      8.46
     12.      8.93      2.99      4.74     19.27      3.93      7.94
     16.      8.79      2.92      4.82     19.29      3.71      7.22
     20.      8.78      2.79      5.12     19.76      3.37      7.35
     24.      8.79      2.94      5.10     18.67      3.31      7.52
      0.       .00       .00       .00       .00       .00       .00
  
  
       Mean Fraction of Variance of First Differences Due 
               to Innovation in Component #       1 
  
   Horizon    vble#1    vbl#2  . . . 
  
      1.     14.69      6.20      8.82     54.19      5.84     28.95
      4.     13.70     10.24     14.63     34.54      6.94     27.25
      8.     11.65     10.74     12.13     29.59      7.36     25.17
     12.     13.47     14.37     12.93     26.64      8.02     24.11
     16.     13.25     13.81     12.50     24.91      8.29     23.20
     20.     13.30     13.74     12.06     23.92      8.26     22.56
     24.     13.25     13.90     11.51     24.02      8.58     22.65
      0.       .00       .00       .00       .00       .00       .00
  
  
       SDev Fraction of Variance of First Differences Due 
               to Innovation in Component #       1 
  
   Horizon    vble#1    vbl#2  . . . 
  
      1.     19.36      7.08      7.07     22.46      6.04     10.26
      4.     13.50      6.06      2.17     16.12      6.71      9.09
      8.      9.32      5.25      1.88     10.78      5.31      8.28
     12.      7.15      2.90      2.73      9.16      3.93      7.70
     16.      7.05      2.80      2.63      8.13      3.71      6.80
     20.      7.16      2.66      2.33      8.02      3.36      6.78
     24.      7.14      2.68      2.03      7.83      3.31      7.02
      0.       .00       .00       .00       .00       .00       .00
  
  
           BHat Fraction of Variance of Levels Due 
               to Innovation in Component #       1 
  
   Horizon    vble#1    vbl#2  . . . 
  
      1.       .37      9.77     10.42     72.00      7.13     33.47
      4.      4.65     21.68      3.90     69.85      9.53     24.30
      8.     18.65     36.95      9.56     67.30      9.51     22.29
     12.     42.35     52.11     24.81     67.71      7.43     16.05
     16.     52.28     60.24     28.65     65.79      6.07     14.48
     20.     55.93     65.60     27.96     64.82      5.90     13.70
     24.     59.77     70.45     28.76     65.76      6.12     13.05
    120.    100.00    100.00    100.00     55.38      5.52       .96
  
  
           RMSE Fraction of Variance of Levels Due 
               to Innovation in Component #       1 
  
   Horizon    vble#1    vbl#2  . . . 
  
      1.     24.08      7.93      7.25     28.67      6.18     11.21
      4.     20.98     13.01      7.44     38.93      6.38      8.71
      8.     16.51     20.91      6.32     35.54      5.80      7.31
     12.     14.05     28.16     14.16     31.84      5.13      4.42
     16.     14.75     27.49     16.04     27.29      5.21      3.90
     20.     14.58     24.85     14.93     23.79      4.88      3.55
     24.     12.17     20.07     12.53     21.66      4.90      4.00
    120.       .49      1.12      3.83     31.99     35.78     31.72
  
  
           Mean Fraction of Variance of Levels Due 
               to Innovation in Component #       1 
  
   Horizon    vble#1    vbl#2  . . . 
  
      1.     14.69      6.20      8.82     54.19      5.84     28.95
      4.     17.74     18.22      7.91     39.64      6.22     20.10
      8.     24.64     20.52      9.11     38.41      5.53     17.41
     12.     36.03     27.02     13.17     41.44      5.86     13.27
     16.     44.37     35.84     15.91     44.28      6.02     12.31
     20.     49.40     44.31     17.35     48.11      6.27     12.20
     24.     55.59     53.44     20.06     51.92      6.98     12.73
    120.     99.74     99.46     98.17     58.67     21.94     20.24
  
  
           SDev Fraction of Variance of Levels Due 
               to Innovation in Component #       1 
  
   Horizon    vble#1    vbl#2  . . . 
  
      1.     19.36      7.08      7.07     22.46      6.04     10.26
      4.     16.40     12.54      6.26     24.56      5.45      7.63
      8.     15.39     12.94      6.31     20.70      4.21      5.45
     12.     12.54     12.80      8.07     17.97      4.88      3.44
     16.     12.45     12.65      9.74     16.79      5.21      3.25
     20.     13.04     12.82     10.50     16.94      4.87      3.22
     24.     11.43     10.65      9.03     16.66      4.82      3.98
    120.       .42       .99      3.36     31.82     31.79     25.19
  
  
  
                            Table       2 
  
       BHat Fraction of Variance of First Differences Due 
               to Innovation in Component #       2 
  
   Horizon    vble#1    vbl#2  . . . 
  
      1.      1.10      4.08     13.03      8.17      2.64     23.37
      4.      5.47      8.53     20.92     11.55     14.29     25.65
      8.      8.26      8.22     21.54     12.93     16.45     23.96
     12.      8.10      7.39     19.17     13.26     16.08     25.13
     16.      8.73      7.77     19.23     14.40     16.38     24.83
     20.      9.17      8.05     19.67     14.55     16.46     24.65
     24.      9.59      8.76     20.25     14.94     16.51     24.67
      0.       .00       .00       .00       .00       .00       .00
  
  
       RMSE Fraction of Variance of First Differences Due 
               to Innovation in Component #       2 
  
   Horizon    vble#1    vbl#2  . . . 
  
      1.      6.09     10.86      7.13      5.48      4.28     12.92
      4.      5.83      8.13      6.36      5.83      3.47     14.94
      8.      4.75      5.51      6.50      3.72      3.29     11.82
     12.      4.19      5.73      5.67      4.77      4.48     11.39
     16.      5.45      7.31      5.39      5.00      4.74     10.65
     20.      5.82      7.47      5.64      4.42      4.76     10.74
     24.      5.75      7.52      5.90      4.39      4.61     10.75
      0.       .00       .00       .00       .00       .00       .00
  
  
       Mean Fraction of Variance of First Differences Due 
               to Innovation in Component #       2 
  
   Horizon    vble#1    vbl#2  . . . 
  
      1.      4.17     11.53      8.63      8.24      4.62     25.35
      4.      8.07     14.07     19.80     14.70     14.59     28.28
      8.      9.76     12.18     18.42     14.70     16.44     25.49
     12.     10.52     11.83     17.67     15.88     16.48     24.54
     16.     12.14     13.20     18.71     16.98     16.87     23.66
     20.     12.85     13.82     19.24     16.87     17.15     23.52
     24.     13.32     14.11     19.86     16.98     17.19     23.41
      0.       .00       .00       .00       .00       .00       .00
  
  
       SDev Fraction of Variance of First Differences Due 
               to Innovation in Component #       2 
  
   Horizon    vble#1    vbl#2  . . . 
  
      1.      5.26      7.90      5.61      5.48      3.79     12.77
      4.      5.22      5.95      6.26      4.91      3.45     14.71
      8.      4.51      3.83      5.70      3.27      3.29     11.72
     12.      3.42      3.62      5.47      3.99      4.46     11.38
     16.      4.26      4.90      5.37      4.29      4.71     10.58
     20.      4.50      4.74      5.62      3.76      4.71     10.68
     24.      4.38      5.28      5.88      3.88      4.56     10.68
      0.       .00       .00       .00       .00       .00       .00
  
  
           BHat Fraction of Variance of Levels Due 
               to Innovation in Component #       2 
  
   Horizon    vble#1    vbl#2  . . . 
  
      1.      1.10      4.08     13.03      8.17      2.64     23.37
      4.     10.44      1.93     35.44      8.78      7.39     28.42
      8.     10.30       .92     32.34      2.43      5.73     31.89
     12.      6.83       .69     21.33      1.62      8.69     47.78
     16.      5.65      1.60     19.13      2.93     11.54     53.72
     20.      5.97      2.42     20.85      3.80     10.84     57.35
     24.      5.40      2.13     20.39      3.73     10.28     59.02
    120.       .00       .00       .00      4.53      9.63     99.04
  
  
           RMSE Fraction of Variance of Levels Due 
               to Innovation in Component #       2 
  
   Horizon    vble#1    vbl#2  . . . 
  
      1.      6.09     10.86      7.13      5.48      4.28     12.92
      4.     10.90     12.50     12.28      7.23      1.68      9.13
      8.     11.04      9.50     13.57      4.46      4.33      5.02
     12.     11.36      8.63     12.52      4.04      8.47      6.04
     16.      9.66      8.19      9.93      4.87     10.80      8.53
     20.      9.32      8.42     10.68      4.94     11.12      9.70
     24.      7.73      7.19     10.01      4.22     11.09     11.08
    120.       .23       .53      1.82      4.06      7.50     31.72
  
  
           Mean Fraction of Variance of Levels Due 
               to Innovation in Component #       2 
  
   Horizon    vble#1    vbl#2  . . . 
  
      1.      4.17     11.53      8.63      8.24      4.62     25.35
      4.     12.84     11.71     32.33     11.27      7.21     28.40
      8.     13.34      8.24     32.06      4.85      6.77     31.05
     12.     11.22      7.07     23.99      4.67      9.53     43.19
     16.     10.04      7.05     20.92      5.59     11.40     47.71
     20.     10.38      7.13     21.78      5.68     10.76     49.97
     24.      8.84      6.04     20.34      4.97     10.18     50.55
    120.       .11       .25       .85       .48      2.30     79.76
  
  
           SDev Fraction of Variance of Levels Due 
               to Innovation in Component #       2 
  
   Horizon    vble#1    vbl#2  . . . 
  
      1.      5.26      7.90      5.61      5.48      3.79     12.77
      4.     10.64      7.78     11.88      6.78      1.67      9.13
      8.     10.61      6.06     13.56      3.74      4.20      4.95
     12.     10.48      5.80     12.23      2.64      8.43      3.92
     16.      8.60      6.11      9.77      4.07     10.79      6.04
     20.      8.21      6.98     10.63      4.57     11.12      6.29
     24.      6.92      6.04     10.01      4.04     11.09      7.14
    120.       .20       .46      1.60       .31      1.62     25.19
  
  
  
                            Table       3 
  
       BHat Fraction of Variance of First Differences Due 
               to Innovation in Component #       3 
  
   Horizon    vble#1    vbl#2  . . . 
  
      1.     70.10      7.90     44.27      3.97     56.02      7.06
      4.     61.97      8.00     36.17     19.92     44.25     16.63
      8.     57.42     16.51     40.01     26.52     41.50     16.69
     12.     51.95     14.78     37.15     24.39     38.64     16.39
     16.     50.98     16.05     37.19     24.37     37.62     17.01
     20.     50.21     16.47     36.87     24.06     37.01     17.07
     24.     49.78     16.95     36.47     23.78     36.93     17.08
      0.       .00       .00       .00       .00       .00       .00
  
  
       RMSE Fraction of Variance of First Differences Due 
               to Innovation in Component #       3 
  
   Horizon    vble#1    vbl#2  . . . 
  
      1.     21.68      6.47     10.84     13.79     11.81      6.18
      4.     18.77      7.66      7.75     16.50      8.32      8.51
      8.     13.95      7.89      5.23     12.18      6.82      6.38
     12.     13.69      6.85      5.58     12.72      4.31      5.68
     16.     13.89      6.40      6.14     12.03      4.89      4.49
     20.     14.37      6.33      6.77     12.15      4.57      4.10
     24.     14.73      6.08      7.19     12.01      4.49      3.79
      0.       .00       .00       .00       .00       .00       .00
  
  
       Mean Fraction of Variance of First Differences Due 
               to Innovation in Component #       3 
  
   Horizon    vble#1    vbl#2  . . . 
  
      1.     58.11      9.41     42.07     10.49     57.14      6.21
      4.     51.90     10.66     32.78     31.41     45.00      9.17
      8.     50.99     22.08     38.85     36.09     39.40     11.48
     12.     44.35     19.87     35.22     33.97     37.35     11.81
     16.     43.08     21.23     35.15     32.76     35.38     13.15
     20.     41.44     21.56     34.07     32.61     35.04     13.71
     24.     40.32     21.68     33.45     32.12     34.75     13.91
      0.       .00       .00       .00       .00       .00       .00
  
  
       SDev Fraction of Variance of First Differences Due 
               to Innovation in Component #       3 
  
   Horizon    vble#1    vbl#2  . . . 
  
      1.     18.06      6.29     10.62     12.15     11.76      6.12
      4.     15.84      7.19      6.97     11.84      8.29      4.09
      8.     12.38      5.59      5.10      7.53      6.48      3.67
     12.     11.39      4.59      5.24      8.37      4.11      3.37
     16.     11.42      3.77      5.79      8.63      4.34      2.29
     20.     11.38      3.77      6.16      8.63      4.12      2.35
     24.     11.28      3.83      6.53      8.65      3.93      2.08
      0.       .00       .00       .00       .00       .00       .00
  
  
           BHat Fraction of Variance of Levels Due 
               to Innovation in Component #       3 
  
   Horizon    vble#1    vbl#2  . . . 
  
      1.     70.10      7.90     44.27      3.97     56.02      7.06
      4.     66.16      4.49     46.69      8.66     68.59     14.03
      8.     49.98      9.42     34.55     22.38     76.42     18.22
     12.     34.60     15.16     33.48     25.37     76.22     14.72
     16.     28.36     13.99     33.11     25.56     76.20     12.75
     20.     24.55     11.66     30.27     25.33     78.03     11.52
     24.     22.29     10.03     29.91     24.93     78.97     11.02
    120.       .00       .00       .00     40.09     84.85       .00
  
  
           RMSE Fraction of Variance of Levels Due 
               to Innovation in Component #       3 
  
   Horizon    vble#1    vbl#2  . . . 
  
      1.     21.68      6.47     10.84     13.79     11.81      6.18
      4.     19.33      3.77     13.22     32.02      5.98      4.94
      8.     12.03      9.83      7.71     30.60      2.64      3.98
     12.      4.82     16.90      8.76     26.49      7.30      4.02
     16.      5.43     15.14      8.49     24.25      9.65      4.47
     20.      6.07     14.50      9.07     22.58     10.55      4.55
     24.      5.97     11.69      9.07     20.68     11.35      4.56
    120.       .14       .24       .91     31.73     33.91       .00
  
  
           Mean Fraction of Variance of Levels Due 
               to Innovation in Component #       3 
  
   Horizon    vble#1    vbl#2  . . . 
  
      1.     58.11      9.41     42.07     10.49     57.14      6.21
      4.     53.45      4.82     35.33     31.88     70.57     14.33
      8.     39.92     18.78     29.24     47.05     74.91     18.08
     12.     33.75     29.01     34.50     45.69     72.41     16.06
     16.     27.98     26.18     33.61     42.40     72.66     15.00
     20.     24.54     22.88     31.92     39.22     74.16     14.09
     24.     21.41     19.24     30.94     36.28     75.09     13.71
    120.       .08       .12       .46     40.85     75.58       .00
  
  
           SDev Fraction of Variance of Levels Due 
               to Innovation in Component #       3 
  
   Horizon    vble#1    vbl#2  . . . 
  
      1.     18.06      6.29     10.62     12.15     11.76      6.12
      4.     14.57      3.76      6.75     22.05      5.65      4.93
      8.      6.59      3.01      5.60     18.10      2.16      3.97
     12.      4.75      9.69      8.70     17.00      6.23      3.78
     16.      5.42      8.99      8.48     17.45      8.98      3.86
     20.      6.07      9.18      8.92     17.80      9.81      3.75
     24.      5.91      7.20      9.02     17.29     10.66      3.69
    120.       .12       .21       .78     31.72     32.62       .00
  
   
   
                            Table       4 
   
       BHat Fraction of Variance of First Differences Due 
            to Innovation in all Permanent Components 
   
   Horizon    vble#1    vbl#2  . . .  
   
      1.     71.58     21.75     67.72     84.13     65.79     63.90
      4.     71.85     26.94     75.12     85.56     64.04     70.34
      8.     71.06     36.30     76.29     86.06     63.11     67.60
     12.     68.18     35.79     73.12     81.24     62.70     67.54
     16.     67.71     36.82     72.96     81.19     62.37     67.46
     20.     67.60     37.43     73.16     80.59     62.00     67.10
     24.     67.50     38.39     72.90     79.70     62.08     67.08
      0.       .00       .00       .00       .00       .00       .00
   
   
       RMSE Fraction of Variance of First Differences Due 
            to Innovation in all Permanent Components 
   
   Horizon    vble#1    vbl#2  . . .  
   
      1.     15.74      6.67     19.09     15.12     11.06     16.25
      4.     12.44      8.07     13.93      7.51      6.59     13.76
      8.     10.94      9.30      8.26      7.01      6.47     11.24
     12.      8.62     10.98      8.27      5.81      6.59     10.76
     16.      7.80     12.30      7.47      7.34      6.62     10.29
     20.      8.04     12.51      8.55      7.73      6.48      9.66
     24.      7.60     12.31      8.69      7.21      6.52      9.39
      0.       .00       .00       .00       .00       .00       .00
   
   
       Mean Fraction of Variance of First Differences Due 
            to Innovation in All Permanent Components 
   
   Horizon    vble#1    vbl#2  . . .  
   
      1.     76.97     27.14     59.52     72.92     67.60     60.51
      4.     73.66     34.97     67.21     80.66     66.53     64.70
      8.     72.41     45.00     69.40     80.38     63.20     62.14
     12.     68.34     46.07     65.81     76.49     61.85     60.47
     16.     68.47     48.23     66.36     74.65     60.54     60.01
     20.     67.58     49.12     65.38     73.40     60.45     59.79
     24.     66.89     49.68     64.82     73.12     60.52     59.97
      0.       .00       .00       .00       .00       .00       .00
   
   
       SDev Fraction of Variance of First Differences Due 
            to Innovation in All Permanent Components 
   
   Horizon    vble#1    vbl#2  . . .  
   
      1.     14.78      3.94     17.24     10.14     10.91     15.89
      4.     12.31       .86     11.46      5.69      6.10     12.56
      8.     10.85      3.29      4.56      4.12      6.46      9.83
     12.      8.62      3.85      3.88      3.33      6.54      8.11
     16.      7.77      4.59      3.51      3.32      6.36      7.09
     20.      8.04      4.43      3.55      2.85      6.29      6.31
     24.      7.57      4.89      3.20      2.93      6.33      6.14
      0.       .00       .00       .00       .00       .00       .00
   
   
           BHat Fraction of Variance of Levels Due 
          to Innovation in All Permanent Components 
   
   Horizon    vble#1    vbl#2  . . .  
   
      1.     71.58     21.75     67.72     84.13     65.79     63.90
      4.     81.26     28.10     86.03     87.29     85.51     66.75
      8.     78.92     47.29     76.45     92.11     91.66     72.40
     12.     83.77     67.96     79.62     94.70     92.34     78.54
     16.     86.29     75.83     80.88     94.29     93.81     80.94
     20.     86.45     79.68     79.08     93.95     94.77     82.57
     24.     87.45     82.61     79.05     94.42     95.37     83.09
    120.    100.00    100.00    100.00    100.00    100.00    100.00
   
   
           RMSE Fraction of Variance of Levels Due 
          to Innovation in All Permanent Components 
   
   Horizon    vble#1    vbl#2  . . .  
   
      1.     15.74      6.67     19.09     15.12     11.06     16.25
      4.     15.33      9.29     12.58      7.86      7.86     11.23
      8.     15.01      7.59      7.82      3.28      7.39      8.27
     12.      9.73     12.27      8.25      3.22      6.23      6.33
     16.      7.76     13.47     10.83      2.66      4.99      6.37
     20.      5.14     11.00      8.69      2.04      4.48      6.83
     24.      4.20      8.96      8.02      2.41      3.83      6.84
    120.       .13       .36      1.11       .00       .27       .00
   
   
           Mean Fraction of Variance of Levels Due 
          to Innovation in All Permanent Components 
   
   Horizon    vble#1    vbl#2  . . .  
   
      1.     76.97     27.14     59.52     72.92     67.60     60.51
      4.     84.03     34.75     75.57     82.80     84.00     62.83
      8.     77.89     47.54     70.41     90.32     87.20     66.55
     12.     81.00     63.10     71.66     91.79     87.81     72.52
     16.     82.39     69.06     70.44     92.28     90.08     75.02
     20.     84.32     74.32     71.06     93.02     91.19     76.26
     24.     85.84     78.72     71.35     93.16     92.25     76.99
    120.     99.93     99.83     99.48    100.00     99.82    100.00
   
   
           SDev Fraction of Variance of Levels Due 
          to Innovation in All Permanent Components 
   
   Horizon    vble#1    vbl#2  . . .  
   
      1.     14.78      3.94     17.24     10.14     10.91     15.89
      4.     15.08      6.49      6.99      6.45      7.72     10.52
      8.     14.97      7.58      4.97      2.75      5.90      5.84
     12.      9.32     11.27      2.15      1.38      4.27      1.96
     16.      6.71     11.64      2.85      1.75      3.31      2.34
     20.      4.67      9.61      3.33      1.81      2.68      2.63
     24.      3.88      8.07      2.21      2.05      2.21      3.10
    120.       .11       .31       .98       .00       .20       .00
   


          NORMAL COMPLETION OF JOB
                    HALT AT    0
                        0 ERRORS        0 WARNINGS
