 RATS Version 2.13. 07/15/88 
 Copyright (c) 1988,1987,1986 by VAR Econometrics
 Portions (c) 1988 by Doan Associates
 * XVAR6UVD.RTS, acb 8/8/89
 *
 * XVAR6u.RTS, MWW 6/16/89
 *  Rats program to estimate the six variable model
 *
 *  In this program the money demand disturbance is I(0), so that the
 *   cointegrating relation from the money demand equation is enforced.
 *
 * Program is slightly modified version of above MWW Program
 * Calculation of standard errors on VDs only
 * See Rats manual section on Monte Carlo Integration
 *
 bma com 3500 mat 100 glo 250
 *************
 * Set up VECM
 *
 *  (i)    Model definition parameters
 *
 ieval nv=6 ;ieval nk=3
 ieval nciv=nv-nk;
 ieval nlags=8 ;ieval nimp=120
 ieval nac=27
 ieval neq=2*nv+nciv
 ieval mxvr=nv*nlags+4
 seed 123
 sou d:\kpsw\kpsw1b.inp
 * kpsw1.inp, from Stock, modified by mww 4/20/89
 *
 * inputs, transforms data for KPSW1 analysis, using citibase data
 cal 47 1 4
 all nac 88:4 neq mxvr
 ieval nfirst = (47:1)
 ieval nlast  = (88:4)
 ***
 sou d:\kpsw\ctinit.pgm
 * CTINIT.PGM                        JHS  3/6/87
 *
 * Declares work arrays for subsequent CT programs ;must be run before
 *    any executable commands
 *
 dec rect h hinv hs hsinv hsinvu c1 r0 r1 r2 r3 f1 g1 fstar
 dec rect sel a0 as aparm ahat alpha qk rsq1
 dec sym cc v2 v3 sdm sdmc
 dec vec sigeta ivd xout kp9
 *
 dec rect h2 hinv2 hs2 hsinv2 c2 r02 r12 r22 r32
 dec rect sel2 a2 as2 aparm2 ahat2 alpha2 qk2 rsq12
 dec sym cc2 v22 v32 sdm2 sdmc2
 dec vec sigeta2 ivd2 xout2 kp92
 ***
 open data d:\kpsw\data\kpsw1.dat
 data(for=rats,compact=average) / gnp82 gc82 gif82 gge82 p16 gnp gge
     GNP82   
 CITIBASE SERIES: GNP82                                                         
 GROSS NATIONAL PRODUCT (BIL 1982$)                                             
     GC82    
 CITIBASE SERIES: GC82                                                          
 PERSONAL CONSUMPTION EXPENDITURES (BIL 1982$)                                  
     GIF82   
 CITIBASE SERIES: GIF82                                                         
 GROSS PRIV DOMESTIC INVESTMENT, FIXED (BIL 1982$)                              
     GGE82   
 CITIBASE SERIES: GGE82                                                         
 GOVERMENT PURCHASES OF GOODS AND SERVICES, TOTAL (1982$)                       
     P16     
 CITIBASE SERIES: P16                                                           
 POPULATION: TOTAL CIVILIAN NONINSTITUTIONAL , AGE 16 +(THOUS.,NSA)             
     GNP     
 CITIBASE SERIES: GNP                                                           
 GROSS NATIONAL PRODUCT, TOTAL                                                  
     GGE     
 CITIBASE SERIES: GGE                                                           
 GOVERMENT PURCHASES OF GOODS AND SERVICES, TOTAL                               
 close data
 *
 set y     / = log(gnp82(t)-gge82(t))-log(p16(t))
 set c     / = log(gc82(t))-log(p16(t))
 set in     / = log(gif82(t))-log(p16(t))
 **********
 set dy  nfirst+1 nlast = y(t)-y(t-1)
 set dc  nfirst+1 nlast = c(t)-c(t-1)
 set din nfirst+1 nlast = in(t)-in(t-1)
 *
 * Money and Price -- 5 variable model
 *
 ieval nfirst = (47:1)
 ieval nlast  = (88:4)
 open data d:\kpsw\data\kpsw1.dat
 data(for=rats,compact=average) nfirst nlast m2 fygm3 fyaaac fycp
     M2      
 CONSTRUCTED M2 SERIES (CITIBASE, FM2 FROM 59:1-88:12)                          
 MONEY STOCK: M2                                                                
     FYGM3   
 CITIBASE SERIES: FYGM3                                                         
 INTEREST RATE: U.S.TREASURY BILLS,SEC MKT,3-MO.(% PER ANN,NSA)                 
     FYAAAC  
 CITIBASE SERIES: FYAAAC   12              47:01         88:12                  
     BOND YIELD: MOODY'S AAA CORPORATE (% PER ANNUM)                            
     FYCP    
 CITIBASE SERIES: FYCP     12              47:01         88:12                  
     INTEREST RATE: COMMERCIAL PAPER, 6-MONTH (% PER ANNUM,NSA)                 
 close data
 *
 set p nfirst nlast =  log( (gnp(t)-gge(t))/(gnp82(t)-gge82(t)) )
 set m nfirst nlast =  log(m2(t)) - log(p16(t))
 set mp nfirst nlast = m(t)-p(t)
 set vel nfirst nlast = m(t)-p(t)-y(t)
 set rgs nfirst nlast = fygm3(t)/400.0
 set rps nfirst nlast = fycp(t)/400.0
 set rpl nfirst nlast = fyaaac(t)/400.0
 **********
 zer dp; zer dm
 set dp  nfirst+1 nlast = p(t)-p(t-1)
 set dm  nfirst+1 nlast = m(t)-m(t-1)
 set dp1 nfirst   nlast-1 = p(t+1)-p(t)
  set dp1 nlast nlast = 0.0
 env err=1 war=1
 ieval n1=(54:1) ;ieval n2=(88:4)
 ieval nest1=n1 ; ieval nest2=n2
 ieval nimpr = 32   ;* number of impulses to report
 *eval ep = -3.914 ; eval ey = 1.100; * Money demand elasticity (dp), 54:1-88:4
  eval ep = -.01343*400 ;eval ey = 1.197; * Money demand elast(fygm3),54:1-88:4
 *eval ep = -4.717 ; eval ey = 1.183; * Money dem elast(fygm3), orig, 54:1-88:4
 *eval ep = -4.979 ; eval ey = 1.199; * Money demand elast (fycp), 54:1-88:4
 *eval ep = -4.736 ; eval ey = 1.218; * Money demand elast (fyaaac), 54:1-88:4
 *eval phi1=1.973 ; eval phi2=-1.008; * Johansen MLE's, 54:1 - 88:4
  eval phi1=0.00334*400;eval phi2 = -0.0028*400; * Stock-Watson MLE's,54:1-88:4
 *eval phi1=1.16;eval phi2 = -0.55; * Stock-Watson MLE's, 54:1-88:4, original
 *eval ep = -4.803  ;eval ey = 1.210; *  Money demand elast (fycp), 53:1-88:4
 *
 *  (ii)   Basic variables in model, in first differences
 *
 ieval k=0
 100087 dofor yy=y c in mp rgs dp
 100116  ieval k=k+1
 100126  set k / = yy(t)
 100145 end dofor
 *
 *  (iii)  Cointegrating vectors (either theoretical or empirical), to be
 *         entered as columns of alpha
 *
 dim alpha(nv,nv-nk) a0(nv,nk)
 read(unit=input) alpha
 -1 -1 -8
  1  0  0
  0  1  0
  0  0  1
 -7 -6 -9
  7  6  0
 eval alpha(1,3)=-ey
 eval alpha(5,3)=-ep
 eval alpha(5,1)=-phi1 ; eval alpha(6,1)=phi1
 eval alpha(5,2)=-phi2 ; eval alpha(6,2)=phi2
 *
 * Desired form for "A" (factor loading) matrix -- must:
 *   (i)  be of form AHAT=A0*P, where P is kxk lower triangular with
 *        ones on the diagonal
 *   (ii) have tr(ALPHA)*A0=0, i.e. be orthogonal to cointegrating vectors
 *
 read(unit=input) a0
  0   0   1
  0   7   1
  0   7   1
  8   9   8
  1   1   0
  1   0   0
 *
 eval a0(4,1)=ep
 eval a0(4,2)=ep
 eval a0(2,2)=phi1 ; eval a0(3,2)=phi2 ; eval a0(4,3)=ey
 *
 declare rect xmark(nciv,nk)
 mat xmark=(tr(alpha))*a0
 write xmark
   .0000000       .0000000       .0000000    
   .0000000       .0000000       .0000000    
   .0000000       .0000000       .0000000    



 *
 *--------------------------------------------------*
 * Estimate model, A, Impulse responses, Variance Decomps
 *
 output noecho
 Number of Series Needed  
       27



 Number of Series allocated  
       27



  Check that data series have been properly constructed:  
   
                   y runs from       1 to       6 
             delta y runs from       7 to      12 
                   z runs from      13 to      15 


  ENTRY        y         1     c         2     i         3     x4        4
      51: 4    -4.66240        -4.93616        -6.25898        -4.87589    
      52: 1    -4.66059        -4.93409        -6.24721        -4.86696    
      52: 2    -4.67596        -4.91786        -6.23926        -4.85704    
      52: 3    -4.67589        -4.91508        -6.29918        -4.85938    
      52: 4    -4.65217        -4.89636        -6.24100        -4.86420    
      53: 1    -4.65045        -4.89315        -6.21201        -4.86626    
      53: 2    -4.64754        -4.89047        -6.21185        -4.86290    
      53: 3    -4.65649        -4.89341        -6.21591        -4.86376    
      53: 4    -4.67443        -4.89655        -6.22398        -4.85411    
      54: 1    -4.67163        -4.89530        -6.23973        -4.85566    
      54: 2    -4.66181        -4.88920        -6.22508        -4.85171    
      54: 3    -4.64164        -4.87582        -6.19673        -4.83609    


  ENTRY        mp        5     x6        6     dy        7     dc        8
      51: 4     .402500E-02     .972242E-02    -.146066E-01     .405016E-02
      52: 1     .391667E-02     .402854E-02     .181419E-02     .207196E-02
      52: 2     .411667E-02    -.106351E-02    -.153735E-01     .162337E-01
      52: 3     .445833E-02     .110755E-01     .709539E-04     .277625E-02
      52: 4     .473333E-02     .139913E-01     .237226E-01     .187273E-01
      53: 1     .495000E-02     .648149E-03     .172280E-02     .320332E-02
      53: 2     .538333E-02     .387800E-02     .290881E-02     .268560E-02
      53: 3     .489167E-02     .469460E-02    -.895226E-02    -.294263E-02
      53: 4     .368333E-02    -.665889E-02    -.179368E-01    -.313957E-02
      54: 1     .265000E-02     .596207E-02     .279415E-02     .125259E-02
      54: 2     .196667E-02     .221401E-02     .982090E-02     .610110E-02
      54: 3     .220833E-02    -.433432E-02     .201747E-01     .133795E-01


  ENTRY        di        9     dx4      10     dmp      11     dx6      12
      51: 4    -.841553E-02     .578204E-02     .166667E-04     .127143E-01
      52: 1     .117774E-01     .893427E-02    -.108333E-03    -.569388E-02
      52: 2     .795015E-02     .992262E-02     .200000E-03    -.509205E-02
      52: 3    -.599226E-01    -.233757E-02     .341667E-03     .121390E-01
      52: 4     .581817E-01    -.481971E-02     .275000E-03     .291581E-02
      53: 1     .289926E-01    -.206070E-02     .216667E-03    -.133431E-01
      53: 2     .156047E-03     .335507E-02     .433333E-03     .322985E-02
      53: 3    -.406322E-02    -.858669E-03    -.491667E-03     .816594E-03
      53: 4    -.807242E-02     .965147E-02    -.120833E-02    -.113535E-01
      54: 1    -.157484E-01    -.155702E-02    -.103333E-02     .126210E-01
      54: 2     .146525E-01     .395399E-02    -.683333E-03    -.374805E-02
      54: 3     .283551E-01     .156167E-01     .241667E-03    -.654834E-02


  ENTRY        z1       13     z2       14     z3       15
      51: 4    -.266150        -1.60296         .726625    
      52: 1    -.273354        -1.58674         .732805    
      52: 2    -.248817        -1.55749         .762204    
      52: 3    -.230351        -1.63070         .761617    
      52: 4    -.231818        -1.59920         .729879    
      53: 1    -.248453        -1.55674         .726920    
      53: 2    -.244940        -1.56263         .729121    
      53: 3    -.237183        -1.55920         .736337    
      53: 4    -.235939        -1.53798         .760968    
      54: 1    -.219239        -1.57181         .750515    
      54: 2    -.227053        -1.56355         .739043    
      54: 3    -.242920        -1.54776         .731808    



 Series     dy       (    7 )
 Series     y        (    1 )   LAGS    1 TO    1
 Series     dc       (    8 )
 Series     c        (    2 )   LAGS    1 TO    1
 Series     di       (    9 )
 Series     i        (    3 )   LAGS    1 TO    1
 Series     dx4      (   10 )
 Series     x4       (    4 )   LAGS    1 TO    1
 Series     dmp      (   11 )
 Series     mp       (    5 )   LAGS    1 TO    1
 Series     dx6      (   12 )
 Series     x6       (    6 )   LAGS    1 TO    1
 Series     y        (    1 )
 Series     c        (    2 )
 Series     i        (    3 )
 Series     x4       (    4 )
 Series     mp       (    5 )
 Series     x6       (    6 )
 Series     y        (    1 )
 Series     c        (    2 )
 Series     i        (    3 )
 Series     x4       (    4 )
 Series     mp       (    5 )
 Series     x6       (    6 )
 Series     y        (    1 )
 Series     c        (    2 )
 Series     i        (    3 )
 Series     x4       (    4 )
 Series     mp       (    5 )
 Series     x6       (    6 )



 EQUATION    1
 DEPENDENT VARIABLE    7     dy      
 FROM      54: 1 UNTIL      88: 4
 TOTAL OBSERVATIONS    140     SKIPPED/MISSING         0
 USABLE OBSERVATIONS   140     DEGREES OF FREEDOM     88
 R**2            .54540878     RBAR**2         .28195250
 SSR         .10340192E-01     SEE         .10839842E-01
 DURBIN-WATSON  1.96014451
 Q(  33)=   18.0484       SIGNIFICANCE LEVEL  .983896    
 NO.     LABEL    VAR  LAG    COEFFICIENT   STAND. ERROR    T-STATISTIC
 ***    *******   ***  ***   ************   ************   ************
   1     dy         7   1   .1965622       .1573141       1.249489    
   2     dy         7   2   .6328864E-01   .1616830       .3914367    
   3     dy         7   3   .2225323E-01   .1648242       .1350119    
   4     dy         7   4  -.8961604E-01   .1724422      -.5196875    
   5     dy         7   5  -.1571547       .1753846      -.8960575    
   6     dy         7   6   .7500863E-01   .1665276       .4504277    
   7     dy         7   7   .7436922E-02   .1585545       .4690451E-01
   8     dy         7   8   .2042555       .1507767       1.354689    
   9     dc         8   1  -.6095234E-01   .2033965      -.2996724    
  10     dc         8   2   .4575240E-01   .2049568       .2232295    
  11     dc         8   3  -.1000091       .2113844      -.4731148    
  12     dc         8   4   .1564954       .2172983       .7201871    
  13     dc         8   5  -.2948174E-01   .2194115      -.1343674    
  14     dc         8   6   .9207031E-01   .2125620       .4331456    
  15     dc         8   7   .6436250E-01   .2066881       .3113992    
  16     dc         8   8  -.5467087       .1982099      -2.758231    
  17     di         9   1   .6771040E-01   .7665639E-01   .8832976    
  18     di         9   2   .2827593E-01   .7790342E-01   .3629613    
  19     di         9   3  -.5241948E-01   .7590950E-01  -.6905524    
  20     di         9   4   .4938982E-01   .7718558E-01   .6398841    
  21     di         9   5   .2645308E-01   .7592848E-01   .3483947    
  22     di         9   6   .2612984E-01   .7385232E-01   .3538120    
  23     di         9   7   .4779918E-01   .7382575E-01   .6474595    
  24     di         9   8  -.7661459E-01   .6920258E-01  -1.107106    
  25     dx4       10   1   .3381060       .2300511       1.469700    
  26     dx4       10   2   .9556444E-01   .2645640       .3612149    
  27     dx4       10   3  -.2552538       .2691776      -.9482725    
  28     dx4       10   4  -.5639724E-01   .2598186      -.2170639    
  29     dx4       10   5  -.9187793E-01   .2502974      -.3670751    
  30     dx4       10   6   .1315463       .2525796       .5208115    
  31     dx4       10   7  -.1684344       .2506274      -.6720509    
  32     dx4       10   8   .1690413       .2185334       .7735260    
  33     dmp       11   1   .5985923       .6951711       .8610719    
  34     dmp       11   2  -.5580710E-01   .8455516      -.6600082E-01
  35     dmp       11   3   1.298341       .8797168       1.475862    
  36     dmp       11   4  -.3226353       .9642331      -.3346030    
  37     dmp       11   5  -.1083698       .9745203      -.1112033    
  38     dmp       11   6  -.4560968       1.016572      -.4486614    
  39     dmp       11   7  -.3811816       .8841862      -.4311101    
  40     dmp       11   8  -.2394721       .8704535      -.2751119    
  41     dx6       12   1   .3619416       .3540197       1.022377    
  42     dx6       12   2   .4260100       .4080523       1.044008    
  43     dx6       12   3   .1593629       .4223848       .3772931    
  44     dx6       12   4   .1091408       .4452000       .2451500    
  45     dx6       12   5  -.4463205       .4519675      -.9875056    
  46     dx6       12   6  -.2446766       .4187848      -.5842539    
  47     dx6       12   7  -.2708290       .3802355      -.7122666    
  48     dx6       12   8  -.3931908       .2501977      -1.571520    
  49     CONSTANT   0   0  -.5718589E-01   .8560468E-01  -.6680229    
  50     z1        13   1   .1578399       .9362861E-01   1.685808    
  51     z2        14   1  -.7674756E-02   .4617621E-01  -.1662058    
  52     z3        15   1   .1311811       .4881607E-01   2.687252    




     F-TESTS, DEPENDENT VARIABLE     dy      
    VARIABLE      F-STATISTIC      SIGNIF. LEVEL
     dy                .64659        .7365034    
     dc               1.13553        .3478157    
     di                .63436        .7468540    
     dx4               .70027        .6904301    
     dmp               .40994        .9120992    
     dx6               .90002        .5202249    






 EQUATION    2
 DEPENDENT VARIABLE    8     dc      
 FROM      54: 1 UNTIL      88: 4
 TOTAL OBSERVATIONS    140     SKIPPED/MISSING         0
 USABLE OBSERVATIONS   140     DEGREES OF FREEDOM     88
 R**2            .49409081     RBAR**2         .20089343
 SSR         .37023717E-02     SEE         .64863245E-02
 DURBIN-WATSON  1.92816135
 Q(  33)=   29.7192       SIGNIFICANCE LEVEL  .631257    
 NO.     LABEL    VAR  LAG    COEFFICIENT   STAND. ERROR    T-STATISTIC
 ***    *******   ***  ***   ************   ************   ************
   1     dy         7   1   .1245707       .9413333E-01   1.323344    
   2     dy         7   2   .6700409E-01   .9674754E-01   .6925664    
   3     dy         7   3  -.5185925E-01   .9862718E-01  -.5258109    
   4     dy         7   4  -.1564463       .1031856      -1.516164    
   5     dy         7   5  -.1437708       .1049463      -1.369946    
   6     dy         7   6  -.2692208E-01   .9964646E-01  -.2701760    
   7     dy         7   7  -.6952812E-01   .9487555E-01  -.7328350    
   8     dy         7   8   .5564674E-03   .9022148E-01   .6167792E-02
   9     dc         8   1  -.7731580E-01   .1217080      -.6352563    
  10     dc         8   2  -.4214851E-01   .1226417      -.3436721    
  11     dc         8   3   .6683568E-01   .1264878       .5283962    
  12     dc         8   4   .1275965       .1300265       .9813111    
  13     dc         8   5  -.5700532E-01   .1312910      -.4341906    
  14     dc         8   6   .8724180E-01   .1271925       .6859038    
  15     dc         8   7   .1554726       .1236776       1.257079    
  16     dc         8   8  -.1696740       .1186045      -1.430586    
  17     di         9   1  -.2875751E-01   .4586950E-01  -.6269419    
  18     di         9   2   .3874645E-01   .4661570E-01   .8311887    
  19     di         9   3   .3702349E-01   .4542259E-01   .8150900    
  20     di         9   4   .6263445E-01   .4618616E-01   1.356130    
  21     di         9   5   .4778539E-01   .4543394E-01   1.051755    
  22     di         9   6   .2696214E-01   .4419161E-01   .6101191    
  23     di         9   7  -.9534398E-02   .4417571E-01  -.2158290    
  24     di         9   8  -.2454109E-01   .4140931E-01  -.5926466    
  25     dx4       10   1   .1931135       .1376575       1.402855    
  26     dx4       10   2  -.5988886E-01   .1583093      -.3783029    
  27     dx4       10   3  -.1271272       .1610700      -.7892669    
  28     dx4       10   4  -.9128733E-01   .1554698      -.5871710    
  29     dx4       10   5   .1338806       .1497725       .8938934    
  30     dx4       10   6  -.9942246E-01   .1511381      -.6578253    
  31     dx4       10   7  -.2428671E-01   .1499700      -.1619438    
  32     dx4       10   8   .1434990       .1307656       1.097376    
  33     dmp       11   1  -.9886650       .4159752      -2.376741    
  34     dmp       11   2  -.7250511       .5059596      -1.433022    
  35     dmp       11   3  -1.207897       .5264033      -2.294623    
  36     dmp       11   4  -.4970142       .5769760      -.8614122    
  37     dmp       11   5  -.9980262       .5831316      -1.711494    
  38     dmp       11   6   .3186041       .6082947       .5237660    
  39     dmp       11   7  -.5909139       .5290777      -1.116876    
  40     dmp       11   8   .3941231       .5208604       .7566770    
  41     dx6       12   1   .3538408       .2118377       1.670339    
  42     dx6       12   2   .3570946       .2441696       1.462486    
  43     dx6       12   3   .1855355       .2527458       .7340792    
  44     dx6       12   4   .8597052E-01   .2663979       .3227147    
  45     dx6       12   5   .8768269E-01   .2704475       .3242134    
  46     dx6       12   6  -.8716266E-01   .2505916      -.3478275    
  47     dx6       12   7   .5778590E-03   .2275246       .2539765E-02
  48     dx6       12   8  -.8795387E-01   .1497128      -.5874838    
  49     CONSTANT   0   0  -.5550000E-01   .5122397E-01  -1.083477    
  50     z1        13   1  -.8153388E-01   .5602531E-01  -1.455304    
  51     z2        14   1  -.1125197E-01   .2763083E-01  -.4072251    
  52     z3        15   1   .3526517E-01   .2921047E-01   1.207278    




     F-TESTS, DEPENDENT VARIABLE     dc      
    VARIABLE      F-STATISTIC      SIGNIF. LEVEL
     dy                .93599        .4912970    
     dc                .93660        .4908117    
     di                .57050        .7994243    
     dx4               .61013        .7671249    
     dmp              1.76940        .9387514E-01
     dx6               .67221        .7146244    






 EQUATION    3
 DEPENDENT VARIABLE    9     di      
 FROM      54: 1 UNTIL      88: 4
 TOTAL OBSERVATIONS    140     SKIPPED/MISSING         0
 USABLE OBSERVATIONS   140     DEGREES OF FREEDOM     88
 R**2            .68993899     RBAR**2         .51024454
 SSR         .30452506E-01     SEE         .18602451E-01
 DURBIN-WATSON  1.94399623
 Q(  33)=   31.1961       SIGNIFICANCE LEVEL  .557119    
 NO.     LABEL    VAR  LAG    COEFFICIENT   STAND. ERROR    T-STATISTIC
 ***    *******   ***  ***   ************   ************   ************
   1     dy         7   1   .6251490       .2699696       2.315627    
   2     dy         7   2   .5039184       .2774671       1.816138    
   3     dy         7   3   .2736073       .2828578       .9672963    
   4     dy         7   4  -.3329169       .2959312      -1.124981    
   5     dy         7   5  -.4282702       .3009808      -1.422915    
   6     dy         7   6  -.2663818       .2857810      -.9321185    
   7     dy         7   7  -.1859383       .2720983      -.6833497    
   8     dy         7   8  -.2310823       .2587507      -.8930696    
   9     dc         8   1  -.3155375       .3490525      -.9039830    
  10     dc         8   2  -.5546808       .3517301      -1.577007    
  11     dc         8   3  -.3211459       .3627606      -.8852832    
  12     dc         8   4   .4180980       .3729095       1.121178    
  13     dc         8   5   .1007449       .3765360       .2675572    
  14     dc         8   6   .6235956       .3647816       1.709504    
  15     dc         8   7   .3097703       .3547012       .8733274    
  16     dc         8   8  -.2294656       .3401517      -.6745979    
  17     di         9   1   .1575772       .1315514       1.197837    
  18     di         9   2  -.1004561       .1336915      -.7514023    
  19     di         9   3   .2670404E-01   .1302697       .2049905    
  20     di         9   4   .9198120E-01   .1324596       .6944096    
  21     di         9   5   .2346826       .1303023       1.801063    
  22     di         9   6   .2615111       .1267393       2.063378    
  23     di         9   7   .8784128E-01   .1266937       .6933357    
  24     di         9   8  -.2767563E-01   .1187598      -.2330387    
  25     dx4       10   1   .9149701       .3947949       2.317583    
  26     dx4       10   2   .9344013       .4540231       2.058048    
  27     dx4       10   3  -.8398525       .4619407      -1.818096    
  28     dx4       10   4  -.5061762       .4458794      -1.135231    
  29     dx4       10   5   .1159488E-01   .4295399       .2699371E-01
  30     dx4       10   6  -.2022748       .4334564      -.4666555    
  31     dx4       10   7   .1959273E-01   .4301063       .4555322E-01
  32     dx4       10   8   .6597414E-01   .3750292       .1759173    
  33     dmp       11   1   .4702773       1.192996       .3941987    
  34     dmp       11   2  -.7547222       1.451066      -.5201155    
  35     dmp       11   3   2.907828       1.509698       1.926099    
  36     dmp       11   4  -4.030167       1.654738      -2.435532    
  37     dmp       11   5   .7287322       1.672392       .4357424    
  38     dmp       11   6  -3.857165       1.744558      -2.210969    
  39     dmp       11   7   .7608413       1.517368       .5014217    
  40     dmp       11   8  -.5687794       1.493801      -.3807598    
  41     dx6       12   1   .7808719       .6075397       1.285302    
  42     dx6       12   2   1.861407       .7002660       2.658143    
  43     dx6       12   3   1.016046       .7248623       1.401710    
  44     dx6       12   4   .5295548       .7640159       .6931202    
  45     dx6       12   5   .2796020       .7756298       .3604838    
  46     dx6       12   6  -.6026661       .7186842      -.8385687    
  47     dx6       12   7  -.2157050       .6525290      -.3305676    
  48     dx6       12   8  -.6674058       .4293689      -1.554388    
  49     CONSTANT   0   0  -.3535962       .1469078      -2.406927    
  50     z1        13   1   .8589872E-01   .1606778       .5346024    
  51     z2        14   1  -.1927607       .7924384E-01  -2.432501    
  52     z3        15   1   .1063695       .8377416E-01   1.269718    




     F-TESTS, DEPENDENT VARIABLE     di      
    VARIABLE      F-STATISTIC      SIGNIF. LEVEL
     dy               1.76771        .9422948E-01
     dc               1.18185        .3191247    
     di               1.33684        .2360818    
     dx4              2.74856        .9333994E-02
     dmp              1.51588        .1631547    
     dx6              1.86127        .7632585E-01






 EQUATION    4
 DEPENDENT VARIABLE   10     dx4     
 FROM      54: 1 UNTIL      88: 4
 TOTAL OBSERVATIONS    140     SKIPPED/MISSING         0
 USABLE OBSERVATIONS   140     DEGREES OF FREEDOM     88
 R**2            .74339459     RBAR**2         .59468009
 SSR         .34567096E-02     SEE         .62674389E-02
 DURBIN-WATSON  2.04377527
 Q(  33)=   15.0330       SIGNIFICANCE LEVEL  .996910    
 NO.     LABEL    VAR  LAG    COEFFICIENT   STAND. ERROR    T-STATISTIC
 ***    *******   ***  ***   ************   ************   ************
   1     dy         7   1  -.2001096       .9095673E-01  -2.200052    
   2     dy         7   2  -.7018628E-01   .9348273E-01  -.7507941    
   3     dy         7   3  -.1309052       .9529894E-01  -1.373627    
   4     dy         7   4  -.5377182E-01   .9970355E-01  -.5393170    
   5     dy         7   5   .5330830E-01   .1014048       .5256977    
   6     dy         7   6   .1199944       .9628382E-01   1.246258    
   7     dy         7   7   .6745968E-01   .9167390E-01   .7358656    
   8     dy         7   8  -.2194048E-01   .8717689E-01  -.2516777    
   9     dc         8   1   .1978881       .1176009       1.682709    
  10     dc         8   2   .6354080E-01   .1185030       .5361956    
  11     dc         8   3   .1027447       .1222194       .8406580    
  12     dc         8   4  -.8329730E-01   .1256387      -.6629908    
  13     dc         8   5  -.4618940E-01   .1268605      -.3640960    
  14     dc         8   6   .2588807E-01   .1229003       .2106429    
  15     dc         8   7  -.1594840E-01   .1195040      -.1334549    
  16     dc         8   8  -.2118798       .1146021      -1.848830    
  17     di         9   1   .6422337E-01   .4432161E-01   1.449031    
  18     di         9   2   .8094961E-01   .4504262E-01   1.797178    
  19     di         9   3  -.1702562E-01   .4388977E-01  -.3879178    
  20     di         9   4  -.2617790E-01   .4462758E-01  -.5865859    
  21     di         9   5  -.2375896E-01   .4390074E-01  -.5411972    
  22     di         9   6  -.3311800E-01   .4270033E-01  -.7755912    
  23     di         9   7   .3005473E-01   .4268497E-01   .7041056    
  24     di         9   8   .3221786E-01   .4001192E-01   .8052065    
  25     dx4       10   1   .6265643       .1330122       4.710578    
  26     dx4       10   2  -.1852247       .1529670      -1.210880    
  27     dx4       10   3   .6202258E-01   .1556346       .3985141    
  28     dx4       10   4  -.8516294E-01   .1502233      -.5669089    
  29     dx4       10   5   .4337310       .1447183       2.997071    
  30     dx4       10   6  -.1345454       .1460378      -.9213054    
  31     dx4       10   7   .2344137       .1449091       1.617660    
  32     dx4       10   8  -.2671458       .1263529      -2.114284    
  33     dmp       11   1  -2.303341       .4019378      -5.730590    
  34     dmp       11   2   .9203217       .4888856       1.882489    
  35     dmp       11   3  -.8599875       .5086394      -1.690760    
  36     dmp       11   4   1.045189       .5575056       1.874761    
  37     dmp       11   5  -1.250869       .5634534      -2.220005    
  38     dmp       11   6   .7506972       .5877674       1.277201    
  39     dmp       11   7  -.5422057       .5112236      -1.060604    
  40     dmp       11   8  -.4837062E-01   .5032836      -.9611008E-01
  41     dx6       12   1   .2996553       .2046890       1.463954    
  42     dx6       12   2   .9916000E-01   .2359299       .4202943    
  43     dx6       12   3  -.5677838E-01   .2442167      -.2324918    
  44     dx6       12   4  -.7462925E-01   .2574082      -.2899257    
  45     dx6       12   5   .8301056E-01   .2613211       .3176574    
  46     dx6       12   6  -.4813358E-01   .2421352      -.1987880    
  47     dx6       12   7   .3399358       .2198466       1.546241    
  48     dx6       12   8   .7354444E-02   .1446607       .5083927E-01
  49     CONSTANT   0   0  -.3401298E-01   .4949538E-01  -.6871951    
  50     z1        13   1  -.5540456E-03   .5413470E-01  -.1023458E-01
  51     z2        14   1  -.3210063E-01   .2669841E-01  -1.202342    
  52     z3        15   1  -.2268798E-01   .2822474E-01  -.8038330    




     F-TESTS, DEPENDENT VARIABLE     dx4     
    VARIABLE      F-STATISTIC      SIGNIF. LEVEL
     dy               1.10038        .3707856    
     dc                .94468        .4844258    
     di               1.13207        .3500298    
     dx4              5.19823        .2490185E-04
     dmp              5.66588        .8361439E-05
     dx6              1.12021        .3577012    






 EQUATION    5
 DEPENDENT VARIABLE   11     dmp     
 FROM      54: 1 UNTIL      88: 4
 TOTAL OBSERVATIONS    140     SKIPPED/MISSING         0
 USABLE OBSERVATIONS   140     DEGREES OF FREEDOM     88
 R**2            .54701594     RBAR**2         .28449109
 SSR         .30183799E-03     SEE         .18520197E-02
 DURBIN-WATSON  1.92687010
 Q(  33)=   30.2150       SIGNIFICANCE LEVEL  .606496    
 NO.     LABEL    VAR  LAG    COEFFICIENT   STAND. ERROR    T-STATISTIC
 ***    *******   ***  ***   ************   ************   ************
   1     dy         7   1   .2737205E-01   .2687759E-01   1.018397    
   2     dy         7   2   .2169930E-01   .2762402E-01   .7855228    
   3     dy         7   3  -.1292336E-01   .2816071E-01  -.4589146    
   4     dy         7   4  -.1027735E-01   .2946226E-01  -.3488311    
   5     dy         7   5  -.4443802E-01   .2996500E-01  -1.482998    
   6     dy         7   6  -.3053788E-01   .2845174E-01  -1.073322    
   7     dy         7   7  -.2691530E-01   .2708952E-01  -.9935691    
   8     dy         7   8  -.1185160E-01   .2576065E-01  -.4600661    
   9     dc         8   1   .3475041E-02   .3475091E-01   .9999856E-01
  10     dc         8   2  -.3949894E-01   .3501748E-01  -1.127978    
  11     dc         8   3  -.3921500E-01   .3611566E-01  -1.085817    
  12     dc         8   4   .2463647E-01   .3712606E-01   .6635895    
  13     dc         8   5   .5487910E-01   .3748711E-01   1.463946    
  14     dc         8   6   .2763709E-01   .3631686E-01   .7609987    
  15     dc         8   7   .2780815E-01   .3531328E-01   .7874698    
  16     dc         8   8  -.1475909E-01   .3386477E-01  -.4358245    
  17     di         9   1  -.1071099E-02   .1309697E-01  -.8178220E-01
  18     di         9   2  -.1276265E-01   .1331003E-01  -.9588739    
  19     di         9   3   .6270501E-02   .1296937E-01   .4834855    
  20     di         9   4  -.1117479E-01   .1318739E-01  -.8473844    
  21     di         9   5   .5318325E-02   .1297261E-01   .4099657    
  22     di         9   6   .1082328E-01   .1261789E-01   .8577722    
  23     di         9   7   .7080917E-02   .1261335E-01   .5613826    
  24     di         9   8  -.1135555E-01   .1182347E-01  -.9604244    
  25     dx4       10   1   .1120630E-01   .3930492E-01   .2851118    
  26     dx4       10   2   .4599882E-01   .4520155E-01   1.017638    
  27     dx4       10   3   .3876733E-01   .4598981E-01   .8429547    
  28     dx4       10   4  -.6787884E-01   .4439079E-01  -1.529120    
  29     dx4       10   5  -.2849120E-01   .4276406E-01  -.6662418    
  30     dx4       10   6   .3906420E-01   .4315398E-01   .9052282    
  31     dx4       10   7  -.3012468E-01   .4282045E-01  -.7035116    
  32     dx4       10   8   .5435104E-01   .3733710E-01   1.455685    
  33     dmp       11   1   .1790183       .1187721       1.507242    
  34     dmp       11   2  -.4547594       .1444650      -3.147885    
  35     dmp       11   3   .3488065       .1503023       2.320700    
  36     dmp       11   4  -.8312222E-01   .1647421      -.5045596    
  37     dmp       11   5   .1280321       .1664997       .7689630    
  38     dmp       11   6  -.5095661E-01   .1736845      -.2933861    
  39     dmp       11   7  -.2030001       .1510659      -1.343785    
  40     dmp       11   8   .1048945       .1487196       .7053172    
  41     dx6       12   1   .6193319E-01   .6048534E-01   1.023937    
  42     dx6       12   2   .1658373       .6971697E-01   2.378722    
  43     dx6       12   3   .2144808       .7216572E-01   2.972060    
  44     dx6       12   4   .7815470E-01   .7606376E-01   1.027489    
  45     dx6       12   5  -.4500133E-01   .7722002E-01  -.5827677    
  46     dx6       12   6  -.2465752E-02   .7155064E-01  -.3446163E-01
  47     dx6       12   7  -.6813210E-01   .6496437E-01  -1.048761    
  48     dx6       12   8  -.2956785E-01   .4274704E-01  -.6916935    
  49     CONSTANT   0   0   .1852300E-01   .1462582E-01   1.266459    
  50     z1        13   1  -.9906629E-02   .1599673E-01  -.6192909    
  51     z2        14   1   .6239863E-02   .7889345E-02   .7909228    
  52     z3        15   1  -.1679065E-01   .8340374E-02  -2.013178    




     F-TESTS, DEPENDENT VARIABLE     dmp     
    VARIABLE      F-STATISTIC      SIGNIF. LEVEL
     dy                .68677        .7020869    
     dc                .70763        .6840530    
     di                .58987        .7837882    
     dx4              1.22510        .2939624    
     dmp              3.28695        .2506422E-02
     dx6              2.12643        .4138878E-01






 EQUATION    6
 DEPENDENT VARIABLE   12     dx6     
 FROM      54: 1 UNTIL      88: 4
 TOTAL OBSERVATIONS    140     SKIPPED/MISSING         0
 USABLE OBSERVATIONS   140     DEGREES OF FREEDOM     88
 R**2            .57841805     RBAR**2         .33409215
 SSR         .15185367E-02     SEE         .41540460E-02
 DURBIN-WATSON  1.87367808
 Q(  33)=   37.9693       SIGNIFICANCE LEVEL  .253147    
 NO.     LABEL    VAR  LAG    COEFFICIENT   STAND. ERROR    T-STATISTIC
 ***    *******   ***  ***   ************   ************   ************
   1     dy         7   1   .1666537       .6028594E-01   2.764387    
   2     dy         7   2   .1174310       .6196016E-01   1.895266    
   3     dy         7   3   .1606615       .6316395E-01   2.543563    
   4     dy         7   4   .4037898E-01   .6608331E-01   .6110313    
   5     dy         7   5  -.3707393E-01   .6721093E-01  -.5516057    
   6     dy         7   6  -.2128257E-02   .6381672E-01  -.3334951E-01
   7     dy         7   7  -.1159345E-02   .6076128E-01  -.1908032E-01
   8     dy         7   8   .2033933E-01   .5778067E-01   .3520092    
   9     dc         8   1  -.4624394E-01   .7794565E-01  -.5932844    
  10     dc         8   2  -.1569008       .7854357E-01  -1.997627    
  11     dc         8   3  -.1494917       .8100676E-01  -1.845423    
  12     dc         8   4   .4211994E-01   .8327307E-01   .5058051    
  13     dc         8   5  -.2957811E-01   .8408289E-01  -.3517732    
  14     dc         8   6  -.2205383E-01   .8145805E-01  -.2707385    
  15     dc         8   7   .6590341E-01   .7920704E-01   .8320398    
  16     dc         8   8   .6521254E-02   .7595804E-01   .8585337E-01
  17     di         9   1  -.9836099E-01   .2937627E-01  -3.348314    
  18     di         9   2  -.2933185E-01   .2985416E-01  -.9825047    
  19     di         9   3  -.2985027E-01   .2909005E-01  -1.026133    
  20     di         9   4   .2735377E-02   .2957907E-01   .9247679E-01
  21     di         9   5   .1695774E-01   .2909732E-01   .5827937    
  22     di         9   6   .2318982E-02   .2830170E-01   .8193793E-01
  23     di         9   7  -.3560317E-01   .2829151E-01  -1.258440    
  24     di         9   8  -.9075473E-02   .2651982E-01  -.3422147    
  25     dx4       10   1   .2441469E-01   .8816022E-01   .2769355    
  26     dx4       10   2   .1352142       .1013862       1.333655    
  27     dx4       10   3  -.1387532E-02   .1031543      -.1345103E-01
  28     dx4       10   4  -.9076353E-01   .9956772E-01  -.9115759    
  29     dx4       10   5  -.1438729       .9591900E-01  -1.499942    
  30     dx4       10   6   .9970369E-01   .9679358E-01   1.030065    
  31     dx4       10   7  -.6670577E-01   .9604548E-01  -.6945227    
  32     dx4       10   8   .1777279       .8374642E-01   2.122215    
  33     dmp       11   1   .5861942       .2664036       2.200399    
  34     dmp       11   2  -.1033092       .3240324      -.3188238    
  35     dmp       11   3   .1231307E-01   .3371252       .3652374E-01
  36     dmp       11   4  -.5564523E-01   .3695136      -.1505905    
  37     dmp       11   5  -.2575947       .3734558      -.6897595    
  38     dmp       11   6   .2447545E-01   .3895710       .6282666E-01
  39     dmp       11   7   .2584375E-01   .3388380       .7627172E-01
  40     dmp       11   8   .4055653       .3335753       1.215813    
  41     dx6       12   1  -.7007523       .1356675      -5.165219    
  42     dx6       12   2  -.4343729       .1563739      -2.777785    
  43     dx6       12   3  -.3856771       .1618664      -2.382688    
  44     dx6       12   4  -.3939300       .1706096      -2.308955    
  45     dx6       12   5  -.4205104       .1732031      -2.427846    
  46     dx6       12   6  -.3189608       .1604868      -1.987459    
  47     dx6       12   7  -.4067714       .1457139      -2.791576    
  48     dx6       12   8  -.9248711E-01   .9588081E-01  -.9646050    
  49     CONSTANT   0   0   .4107382E-01   .3280544E-01   1.252043    
  50     z1        13   1  -.7773196E-02   .3588037E-01  -.2166420    
  51     z2        14   1   .3147119E-01   .1769565E-01   1.778470    
  52     z3        15   1   .9655764E-02   .1870730E-01   .5161494    




     F-TESTS, DEPENDENT VARIABLE     dx6     
    VARIABLE      F-STATISTIC      SIGNIF. LEVEL
     dy               1.65106        .1219565    
     dc               1.16617        .3286333    
     di               2.04543        .4999831E-01
     dx4              1.65955        .1197113    
     dmp               .81672        .5898376    
     dx6              4.25764        .2351292E-03



  Epsilon variance-covariance matrix:  

          COVARIANCE/CORRELATION MATRIX
     VARIABLE           dy           dc           di           dx4     
           SERIES LAG   16   0       17   0       18   0       19   0
     dy        16   0   .73859E-04   .54461       .63975       .70577E-01
     dc        17   0   .24069E-04   .26446E-04   .37978       .78140E-01
     di        18   0   .81088E-04   .28804E-04   .21752E-03   .63942E-02
     dx4       19   0   .30139E-05   .19967E-05   .46860E-06   .24691E-04
     dmp       20   0   .54721E-05   .17145E-05   .92947E-05  -.10286E-05
     dx6       21   0   .20200E-06  -.26428E-06   .59500E-05  -.10355E-04



     VARIABLE           dmp          dx6     
           SERIES LAG   20   0       21   0
     dy        16   0   .43365       .71369E-02
     dc        17   0   .22706      -.15604E-01
     di        18   0   .42920       .12250    
     dx4       19   0  -.14097      -.63273    
     dmp       20   0   .21560E-05   .49637E-01
     dx6       21   0   .24004E-06   .10847E-04



  Log determinant of VCV matrix =    -65.316     

 VARIABLES IN CROSS-MOMENT MATRIX
 FROM      54: 1 UNTIL      88: 4
 Series     dy       (    7 )   LAGS    1 TO    8
 Series     dc       (    8 )   LAGS    1 TO    8
 Series     di       (    9 )   LAGS    1 TO    8
 Series     dx4      (   10 )   LAGS    1 TO    8
 Series     dmp      (   11 )   LAGS    1 TO    8
 Series     dx6      (   12 )   LAGS    1 TO    8
 Series     CONSTANT (    0 )
 Series     z1       (   13 )   LAGS    1 TO    1
 Series     z2       (   14 )   LAGS    1 TO    1
 Series     z3       (   15 )   LAGS    1 TO    1
  
  
                            Table       1 
  
       BHat Fraction of Variance of First Differences Due 
               to Innovation in Component #       1 
  
   Horizon    vble#1    vbl#2  . . . 
  
      1.       .09       .87      4.93      7.16      5.11     29.36
      4.      5.27      4.98     15.03     13.87     13.22     32.47
      8.      6.91      5.05     14.28     13.59     16.18     30.44
     12.      7.80      4.69     13.15     12.74     15.80     30.89
     16.      7.85      4.94     13.01     12.95     15.87     30.49
     20.      7.97      4.99     13.07     12.82     15.92     30.26
     24.      8.01      5.04     13.04     12.83     16.01     30.25
      0.       .00       .00       .00       .00       .00       .00
  
  
       RMSE Fraction of Variance of First Differences Due 
               to Innovation in Component #       1 
  
   Horizon    vble#1    vbl#2  . . . 
  
      1.      2.02      2.63      4.24     26.89      6.06     20.86
      4.      2.37      1.49      4.96     12.33      5.07     17.98
      8.      3.69      1.75      5.73     10.16      6.28     15.09
     12.      3.53      4.71      4.99      9.17      6.12     12.70
     16.      4.30      5.42      4.50      7.93      6.21     11.85
     20.      4.05      5.71      4.23      8.09      6.31     11.65
     24.      4.02      6.32      4.15      8.88      6.05     11.49
      0.       .00       .00       .00       .00       .00       .00
  
  
       Mean Fraction of Variance of First Differences Due 
               to Innovation in Component #       1 
  
   Horizon    vble#1    vbl#2  . . . 
  
      1.      1.14      2.24      4.68     16.03      6.25     36.36
      4.      5.64      5.51     11.90     19.97     12.68     38.08
      8.      7.04      5.74     10.66     18.58     13.03     33.54
     12.      9.17      8.41     10.91     17.45     14.04     31.22
     16.     10.00      9.88     11.74     17.46     13.77     29.65
     20.     10.00     10.25     11.86     17.26     14.06     29.29
     24.     10.07     10.86     11.79     17.74     14.10     29.13
      0.       .00       .00       .00       .00       .00       .00
  
  
       SDev Fraction of Variance of First Differences Due 
               to Innovation in Component #       1 
  
   Horizon    vble#1    vbl#2  . . . 
  
      1.      1.73      2.25      4.23     25.39      5.95     19.65
      4.      2.34      1.39      3.84     10.72      5.04     17.08
      8.      3.69      1.61      4.44      8.84      5.44     14.77
     12.      3.25      2.89      4.46      7.87      5.86     12.70
     16.      3.72      2.22      4.31      6.53      5.85     11.82
     20.      3.50      2.21      4.05      6.76      6.03     11.60
     24.      3.46      2.48      3.96      7.40      5.75     11.43
      0.       .00       .00       .00       .00       .00       .00
  
  
           BHat Fraction of Variance of Levels Due 
               to Innovation in Component #       1 
  
   Horizon    vble#1    vbl#2  . . . 
  
      1.       .09       .87      4.93      7.16      5.11     29.36
      4.      5.90      2.74     24.54     12.44      3.89     27.22
      8.      6.55      2.10     23.56      5.01      1.98     26.65
     12.      5.01      1.51     15.22      3.75      1.75     38.18
     16.      4.73      1.21     13.14      2.89      2.01     43.77
     20.      4.08      1.08     12.40      2.41      1.80     48.75
     24.      3.72       .90     11.62      2.16      1.60     51.62
    120.      3.43       .14      7.43      1.34       .00     99.98
  
  
           RMSE Fraction of Variance of Levels Due 
               to Innovation in Component #       1 
  
   Horizon    vble#1    vbl#2  . . . 
  
      1.      2.02      2.63      4.24     26.89      6.06     20.86
      4.      4.55      4.51     12.25     17.35      4.68     15.80
      8.      5.27      5.37      9.00     19.56      5.15     14.67
     12.     13.28      9.14      2.26     20.69      5.38     15.06
     16.     18.89     14.27      3.81     22.22      6.04     15.03
     20.     21.25     17.93      4.44     24.07      5.50     14.41
     24.     24.02     21.63      6.50     26.53      5.51     13.26
    120.     37.65     40.22     36.20     38.73     32.59       .39
  
  
           Mean Fraction of Variance of Levels Due 
               to Innovation in Component #       1 
  
   Horizon    vble#1    vbl#2  . . . 
  
      1.      1.14      2.24      4.68     16.03      6.25     36.36
      4.      5.59      5.84     15.25     16.63      6.85     31.53
      8.      8.83      7.01     17.30     14.11      5.92     30.13
     12.     12.88      9.29     15.95     14.54      5.65     35.85
     16.     15.37     11.43     15.47     15.76      5.74     39.96
     20.     16.56     13.47     15.22     16.97      5.21     44.16
     24.     17.82     15.69     15.70     18.38      5.15     47.74
    120.     22.40     25.50     22.14     22.29     17.24     99.67
  
  
           SDev Fraction of Variance of Levels Due 
               to Innovation in Component #       1 
  
   Horizon    vble#1    vbl#2  . . . 
  
      1.      1.73      2.25      4.23     25.39      5.95     19.65
      4.      4.54      3.29      7.99     16.83      3.63     15.20
      8.      4.75      2.17      6.47     17.31      3.31     14.26
     12.     10.70      4.80      2.15     17.66      3.71     14.88
     16.     15.62      9.95      3.01     18.12      4.75     14.54
     20.     17.21     12.96      3.43     19.16      4.31     13.65
     24.     19.45     15.77      5.05     20.99      4.21     12.68
    120.     32.53     31.22     33.07     32.58     27.66       .23
  
  
  
                            Table       2 
  
       BHat Fraction of Variance of First Differences Due 
               to Innovation in Component #       2 
  
   Horizon    vble#1    vbl#2  . . . 
  
      1.     49.25     18.69     57.85      6.24     73.34      8.61
      4.     47.01     19.30     44.87     33.79     60.59      4.81
      8.     51.26     29.06     49.63     43.71     54.97      6.36
     12.     50.19     27.98     48.99     41.12     52.17      7.06
     16.     49.35     28.38     48.62     41.61     51.15      7.94
     20.     49.26     28.93     49.12     41.60     50.06      8.01
     24.     49.07     28.86     48.87     41.07     49.72      8.04
      0.       .00       .00       .00       .00       .00       .00
  
  
       RMSE Fraction of Variance of First Differences Due 
               to Innovation in Component #       2 
  
   Horizon    vble#1    vbl#2  . . . 
  
      1.     25.35     16.10     28.01     13.91     32.93      9.50
      4.     23.93     15.11     20.39     13.80     23.76      9.41
      8.     25.25     12.59     21.78     13.56     20.95      7.32
     12.     22.98      9.95     21.32     13.32     20.67      6.97
     16.     22.87      8.63     21.24     14.66     20.61      7.50
     20.     23.39      8.65     22.07     15.37     19.75      7.54
     24.     23.59      8.55     21.89     15.14     19.64      7.29
      0.       .00       .00       .00       .00       .00       .00
  
  
       Mean Fraction of Variance of First Differences Due 
               to Innovation in Component #       2 
  
   Horizon    vble#1    vbl#2  . . . 
  
      1.     27.08     23.43     34.18     15.57     50.16     14.81
      4.     24.88     21.79     27.91     31.93     42.61     12.41
      8.     27.63     26.05     29.29     34.34     37.07     12.05
     12.     28.01     24.56     29.34     32.04     34.26     12.82
     16.     27.22     25.32     28.74     31.14     32.73     14.23
     20.     26.62     25.22     28.29     30.61     32.83     14.36
     24.     26.24     24.82     28.35     30.33     32.36     14.17
      0.       .00       .00       .00       .00       .00       .00
  
  
       SDev Fraction of Variance of First Differences Due 
               to Innovation in Component #       2 
  
   Horizon    vble#1    vbl#2  . . . 
  
      1.     12.29     15.39     14.98     10.32     23.39      7.19
      4.      9.10     14.90     11.31     13.68     15.53      5.56
      8.      8.91     12.23      7.82      9.80     10.89      4.60
     12.      6.00      9.34      8.29      9.75     10.30      3.92
     16.      5.77      8.07      7.48     10.26      9.24      4.09
     20.      5.90      7.81      7.31     10.75      9.65      4.07
     24.      5.97      7.54      7.63     10.68      9.19      3.96
      0.       .00       .00       .00       .00       .00       .00
  
  
           BHat Fraction of Variance of Levels Due 
               to Innovation in Component #       2 
  
   Horizon    vble#1    vbl#2  . . . 
  
      1.     49.25     18.69     57.85      6.24     73.34      8.61
      4.     47.23      7.87     41.60     36.58     82.46     17.65
      8.     36.72     15.10     33.59     59.63     86.73     25.68
     12.     44.39     28.16     48.72     64.25     87.16     22.09
     16.     45.25     28.44     53.87     63.65     87.79     20.40
     20.     40.85     23.75     50.86     61.01     88.98     18.47
     24.     36.31     19.35     47.69     59.12     90.22     17.44
    120.     22.56      6.48     35.85     68.92    100.00       .00
  
  
           RMSE Fraction of Variance of Levels Due 
               to Innovation in Component #       2 
  
   Horizon    vble#1    vbl#2  . . . 
  
      1.     25.35     16.10     28.01     13.91     32.93      9.50
      4.     22.84      5.20     23.30     19.40     30.22      7.43
      8.     17.13      4.00     16.01     19.94     28.87      7.50
     12.     16.24      9.80     19.17     18.83     26.06      9.52
     16.     15.81     11.37     20.43     18.53     22.82      9.36
     20.     13.58     11.08     18.48     18.61     20.78      8.58
     24.     12.14      9.58     18.06     18.58     19.89      7.49
    120.     14.11      3.95     18.25     30.58     32.60       .07
  
  
           Mean Fraction of Variance of Levels Due 
               to Innovation in Component #       2 
  
   Horizon    vble#1    vbl#2  . . . 
  
      1.     27.08     23.43     34.18     15.57     50.16     14.81
      4.     28.09     11.45     26.66     37.70     58.03     20.50
      8.     24.64     14.09     24.88     49.28     63.16     22.53
     12.     30.26     23.23     33.13     51.64     66.35     22.30
     16.     30.73     23.03     36.67     50.48     69.65     21.22
     20.     29.39     21.28     36.35     47.58     72.57     19.29
     24.     26.38     18.21     33.47     45.14     74.70     17.54
    120.     12.78      6.40     25.59     53.46     82.75       .06
  
  
           SDev Fraction of Variance of Levels Due 
               to Innovation in Component #       2 
  
   Horizon    vble#1    vbl#2  . . . 
  
      1.     12.29     15.39     14.98     10.32     23.39      7.19
      4.     12.47      3.77     17.88     19.36     17.79      6.86
      8.     12.15      3.87     13.43     17.04     16.68      6.81
     12.      8.01      8.47     11.15     14.00     15.68      9.51
     16.      6.27     10.00     11.03     13.02     13.83      9.32
     20.      7.29     10.80     11.45     12.88     12.75      8.54
     24.      6.99      9.51     11.12     12.24     12.44      7.49
    120.     10.18      3.95     15.09     26.38     27.66       .05
  
  
  
                            Table       3 
  
       BHat Fraction of Variance of First Differences Due 
               to Innovation in Component #       3 
  
   Horizon    vble#1    vbl#2  . . . 
  
      1.     17.48     19.54       .00     69.64       .89     35.34
      4.     16.96     17.57     11.16     35.64       .88     38.74
      8.     12.82     14.23      9.03     28.22      2.01     36.60
     12.     12.31     14.91      9.59     26.19      4.06     35.36
     16.     11.95     14.39      9.11     24.25      4.57     34.99
     20.     11.77     14.37      8.80     23.95      4.95     34.77
     24.     11.72     14.37      8.72     23.63      5.15     34.71
      0.       .00       .00       .00       .00       .00       .00
  
  
       RMSE Fraction of Variance of First Differences Due 
               to Innovation in Component #       3 
  
   Horizon    vble#1    vbl#2  . . . 
  
      1.     18.98      7.63      8.44     38.08     23.98     20.60
      4.     15.58      8.69      3.29     14.27     19.45     19.37
      8.     14.97      9.33      7.96      7.64     17.96     17.35
     12.     11.31      6.41      5.96      7.63     16.04     16.74
     16.     12.18      5.91      7.11      6.33     15.43     17.02
     20.     12.02      5.86      7.38      6.51     15.22     17.03
     24.     11.44      5.67      6.66      6.51     14.97     16.80
      0.       .00       .00       .00       .00       .00       .00
  
  
       Mean Fraction of Variance of First Differences Due 
               to Innovation in Component #       3 
  
   Horizon    vble#1    vbl#2  . . . 
  
      1.     28.03     24.04      4.13     41.60     12.90     17.46
      4.     25.22     22.10     13.41     25.60     12.51     21.04
      8.     21.33     21.26     14.39     23.26     12.99     20.52
     12.     18.43     19.23     13.08     20.12     13.06     19.46
     16.     18.73     18.32     13.46     19.39     13.37     18.94
     20.     18.73     18.43     13.51     19.09     13.39     18.66
     24.     18.36     18.18     12.92     18.72     13.46     18.76
      0.       .00       .00       .00       .00       .00       .00
  
  
       SDev Fraction of Variance of First Differences Due 
               to Innovation in Component #       3 
  
   Horizon    vble#1    vbl#2  . . . 
  
      1.     15.78      6.16      7.36     25.77     20.75     10.22
      4.     13.21      7.41      2.40     10.14     15.58      7.84
      8.     12.31      6.13      5.88      5.81     14.22      6.51
     12.      9.51      4.74      4.83      4.62     13.28      5.21
     16.     10.11      4.42      5.63      4.04     12.68      5.70
     20.      9.79      4.23      5.68      4.32     12.67      5.52
     24.      9.31      4.20      5.16      4.28     12.46      5.26
      0.       .00       .00       .00       .00       .00       .00
  
  
           BHat Fraction of Variance of Levels Due 
               to Innovation in Component #       3 
  
   Horizon    vble#1    vbl#2  . . . 
  
      1.     17.48     19.54       .00     69.64       .89     35.34
      4.     30.11     29.24     12.94     37.78      1.17     23.86
      8.     38.47     26.58     14.42     26.38      1.64     19.80
     12.     35.43     29.80     11.77     26.23      2.01     16.00
     16.     38.00     38.93     11.89     28.43      1.97     13.94
     20.     43.54     49.26     13.80     30.92      1.76     12.53
     24.     48.91     57.83     16.74     33.12      1.56     11.79
    120.     74.01     93.38     56.72     29.74       .00       .00
  
  
           RMSE Fraction of Variance of Levels Due 
               to Innovation in Component #       3 
  
   Horizon    vble#1    vbl#2  . . . 
  
      1.     18.98      7.63      8.44     38.08     23.98     20.60
      4.     13.41     13.52      5.72     19.49     21.91     12.06
      8.      9.14     14.22      4.38     10.95     23.43      8.48
     12.      8.37     13.47      3.29     10.83     21.51      6.54
     16.     12.33     17.83      2.74     13.13     18.04      5.63
     20.     16.41     22.47      3.79     15.11     16.22      5.42
     24.     19.20     25.08      4.18     16.08     15.12      5.35
    120.     32.06     39.51     25.98     14.14       .01       .07
  
  
           Mean Fraction of Variance of Levels Due 
               to Innovation in Component #       3 
  
   Horizon    vble#1    vbl#2  . . . 
  
      1.     28.03     24.04      4.13     41.60     12.90     17.46
      4.     36.39     32.94     14.29     24.67     13.69     13.14
      8.     34.46     24.93     12.73     20.09     13.66     12.60
     12.     29.38     24.87     11.83     21.41     12.71     10.65
     16.     29.82     31.41     11.38     23.32     10.78     10.19
     20.     32.85     38.03     12.54     25.62      9.62      9.84
     24.     36.89     43.60     15.54     27.09      8.82      9.57
    120.     64.81     68.09     52.26     24.25       .01       .03
  
  
           SDev Fraction of Variance of Levels Due 
               to Innovation in Component #       3 
  
   Horizon    vble#1    vbl#2  . . . 
  
      1.     15.78      6.16      7.36     25.77     20.75     10.22
      4.     11.84     13.00      5.56     14.42     17.97      5.52
      8.      8.21     14.12      4.05      8.96     20.11      4.49
     12.      5.79     12.54      3.29      9.69     18.66      3.76
     16.      9.22     16.17      2.69     12.10     15.74      4.21
     20.     12.45     19.45      3.57     14.15     14.19      4.70
     24.     14.97     20.65      4.01     14.90     13.26      4.87
    120.     30.71     30.36     25.60     13.03       .01       .06
  
   
   
                            Table       4 
   
       BHat Fraction of Variance of First Differences Due 
            to Innovation in all Permanent Components 
   
   Horizon    vble#1    vbl#2  . . .  
   
      1.     66.83     39.10     62.78     83.05     79.34     73.31
      4.     69.24     41.86     71.06     83.30     74.69     76.02
      8.     70.99     48.33     72.94     85.52     73.15     73.40
     12.     70.30     47.59     71.73     80.05     72.03     73.32
     16.     69.14     47.72     70.73     78.81     71.60     73.41
     20.     69.00     48.29     70.99     78.37     70.93     73.05
     24.     68.80     48.27     70.63     77.53     70.88     73.00
      0.       .00       .00       .00       .00       .00       .00
   
   
       RMSE Fraction of Variance of First Differences Due 
            to Innovation in all Permanent Components 
   
   Horizon    vble#1    vbl#2  . . .  
   
      1.     17.78     18.87     30.49     14.80     11.56     16.67
      4.     17.84     15.78     22.18      9.34      9.88     12.84
      8.     18.24     11.35     22.86     11.33     10.82     11.86
     12.     18.20      8.30     22.72     13.47     11.05     12.77
     16.     16.96      7.33     20.96     14.39     11.96     12.58
     20.     17.00      6.59     21.28     15.13     10.98     12.37
     24.     17.29      6.35     21.37     14.61     11.30     12.52
      0.       .00       .00       .00       .00       .00       .00
   
   
       Mean Fraction of Variance of First Differences Due 
            to Innovation in All Permanent Components 
   
   Horizon    vble#1    vbl#2  . . .  
   
      1.     56.25     49.71     42.99     73.20     69.31     68.63
      4.     55.74     49.40     53.21     77.50     67.80     71.53
      8.     56.00     53.05     54.34     76.18     63.08     66.11
     12.     55.61     52.20     53.33     69.61     61.35     63.49
     16.     55.95     53.52     53.94     67.98     59.88     62.82
     20.     55.35     53.89     53.66     66.96     60.28     62.31
     24.     54.68     53.86     53.06     66.79     59.92     62.05
      0.       .00       .00       .00       .00       .00       .00
   
   
       SDev Fraction of Variance of First Differences Due 
            to Innovation in All Permanent Components 
   
   Horizon    vble#1    vbl#2  . . .  
   
      1.     14.29     15.61     23.20     11.05      5.76     16.00
      4.     11.65     13.86     13.17      7.32      7.07     12.02
      8.     10.40     10.32     13.30      6.41      3.97      9.35
     12.     10.74      6.90     13.34      8.52      2.84      8.16
     16.     10.66      4.48     12.54      9.48      2.36      6.79
     20.     10.14      3.47     12.35      9.94      2.65      6.15
     24.      9.96      3.02     12.18      9.91      2.72      6.06
      0.       .00       .00       .00       .00       .00       .00
   
   
           BHat Fraction of Variance of Levels Due 
          to Innovation in All Permanent Components 
   
   Horizon    vble#1    vbl#2  . . .  
   
      1.     66.83     39.10     62.78     83.05     79.34     73.31
      4.     83.24     39.85     79.08     86.79     87.51     68.74
      8.     81.74     43.78     71.57     91.02     90.34     72.13
     12.     84.83     59.46     75.70     94.23     90.92     76.28
     16.     87.98     68.58     78.90     94.98     91.77     78.11
     20.     88.47     74.09     77.06     94.34     92.54     79.75
     24.     88.93     78.08     76.05     94.40     93.37     80.85
    120.    100.00    100.00    100.00    100.00    100.00     99.98
   
   
           RMSE Fraction of Variance of Levels Due 
          to Innovation in All Permanent Components 
   
   Horizon    vble#1    vbl#2  . . .  
   
      1.     17.78     18.87     30.49     14.80     11.56     16.67
      4.     18.31     18.47     26.25     13.33     12.74     10.43
      8.     16.91     11.25     18.45     10.06     11.16      9.47
     12.     15.38     11.41     18.14      8.49      9.35      9.32
     16.     14.92      9.82     18.98      6.68      8.34      8.28
     20.     11.95      6.88     16.21      5.50      7.64      7.80
     24.     10.28      6.46     15.13      5.49      6.94      7.45
    120.       .01       .00       .01       .00       .02       .31
   
   
           Mean Fraction of Variance of Levels Due 
          to Innovation in All Permanent Components 
   
   Horizon    vble#1    vbl#2  . . .  
   
      1.     56.25     49.71     42.99     73.20     69.31     68.63
      4.     70.07     50.22     56.20     79.01     78.56     65.17
      8.     67.93     46.04     54.92     83.49     82.75     65.26
     12.     72.52     57.38     60.90     87.59     84.70     68.80
     16.     75.92     65.87     63.52     89.56     86.17     71.37
     20.     78.81     72.77     64.11     90.18     87.40     73.28
     24.     81.09     77.51     64.71     90.61     88.67     74.85
    120.     99.99    100.00    100.00    100.00     99.99     99.76
   
   
           SDev Fraction of Variance of Levels Due 
          to Innovation in All Permanent Components 
   
   Horizon    vble#1    vbl#2  . . .  
   
      1.     14.29     15.61     23.20     11.05      5.76     16.00
      4.     12.73     15.29     12.87     10.82      9.06      9.80
      8.      9.75     11.02      7.94      6.67      8.17      6.51
     12.      9.22     11.22     10.49      5.29      6.99      5.55
     16.      8.77      9.44     11.13      3.92      6.18      4.81
     20.      7.03      6.75      9.75      3.60      5.66      4.36
     24.      6.64      6.43     10.02      3.98      5.11      4.41
    120.       .01       .00       .01       .00       .01       .21
   


          NORMAL COMPLETION OF JOB
                    HALT AT    0
                        0 ERRORS        0 WARNINGS
