 RATS Version 2.13. 07/15/88 
 Copyright (c) 1988,1987,1986 by VAR Econometrics
 Portions (c) 1988 by Doan Associates
 * XVAR6UVD.RTS, acb 8/8/89
 *
 * XVAR6u.RTS, MWW 6/16/89
 *  Rats program to estimate the six variable model
 *
 *  In this program the money demand disturbance is I(0), so that the
 *   cointegrating relation from the money demand equation is enforced.
 *
 * Program is slightly modified version of above MWW Program
 * Calculation of standard errors on VDs only
 * See Rats manual section on Monte Carlo Integration
 *
 bma com 3500 mat 100 glo 250
 *************
 * Set up VECM
 *
 *  (i)    Model definition parameters
 *
 ieval nv=6 ;ieval nk=2
 ieval nciv=nv-nk;
 ieval nlags=8 ;ieval nimp=120
 ieval nac=28
 ieval neq=2*nv+nciv
 ieval mxvr=nv*nlags+4
 seed 123
 sou \kpsw\var\kpsw1.inp
 * kpsw1.inp, from Stock, modified by mww 4/20/89
 *
 * inputs, transforms data for KPSW1 analysis, using citibase data
 cal 47 1 4
 all nac 88:4 neq mxvr
 ieval nfirst = (47:1)
 ieval nlast  = (88:4)
 ***
 sou \kpsw\var\ctinit.pgm
 * CTINIT.PGM                        JHS  3/6/87
 *
 * Declares work arrays for subsequent CT programs ;must be run before
 *    any executable commands
 *
 dec rect h hinv hs hsinv hsinvu c1 r0 r1 r2 r3 f1 g1 fstar
 dec rect sel a0 as aparm ahat alpha qk rsq1
 dec sym cc v2 v3 sdm sdmc
 dec vec sigeta ivd xout kp9
 *
 dec rect h2 hinv2 hs2 hsinv2 c2 r02 r12 r22 r32
 dec rect sel2 a2 as2 aparm2 ahat2 alpha2 qk2 rsq12
 dec sym cc2 v22 v32 sdm2 sdmc2
 dec vec sigeta2 ivd2 xout2 kp92
 ***
 open data \kpsw\data\kpsw1.dat
 data(for=rats,compact=average) / gnp82 gc82 gif82 gge82 p16 gnp gge
     GNP82   
 CITIBASE SERIES: GNP82                                                         
 GROSS NATIONAL PRODUCT (BIL 1982$)                                             
     GC82    
 CITIBASE SERIES: GC82                                                          
 PERSONAL CONSUMPTION EXPENDITURES (BIL 1982$)                                  
     GIF82   
 CITIBASE SERIES: GIF82                                                         
 GROSS PRIV DOMESTIC INVESTMENT, FIXED (BIL 1982$)                              
     GGE82   
 CITIBASE SERIES: GGE82                                                         
 GOVERMENT PURCHASES OF GOODS AND SERVICES, TOTAL (1982$)                       
     P16     
 CITIBASE SERIES: P16                                                           
 POPULATION: TOTAL CIVILIAN NONINSTITUTIONAL , AGE 16 +(THOUS.,NSA)             
     GNP     
 CITIBASE SERIES: GNP                                                           
 GROSS NATIONAL PRODUCT, TOTAL                                                  
     GGE     
 CITIBASE SERIES: GGE                                                           
 GOVERMENT PURCHASES OF GOODS AND SERVICES, TOTAL                               
 close data
 *
 set y     / = log(gnp82(t)-gge82(t))-log(p16(t))
 set c     / = log(gc82(t))-log(p16(t))
 set in     / = log(gif82(t))-log(p16(t))
 **********
 set dy  nfirst+1 nlast = y(t)-y(t-1)
 set dc  nfirst+1 nlast = c(t)-c(t-1)
 set din nfirst+1 nlast = in(t)-in(t-1)
 *
 * Money and Price -- 5 variable model
 *
 ieval nfirst = (47:1)
 ieval nlast  = (88:4)
 open data \kpsw\data\kpsw1.dat
 data(for=rats,compact=average) nfirst nlast m2 fygm3 fyaaac fycp
     M2      
 CONSTRUCTED M2 SERIES (CITIBASE, FM2 FROM 59:1-88:12)                          
 MONEY STOCK: M2                                                                
     FYGM3   
 CITIBASE SERIES: FYGM3                                                         
 INTEREST RATE: U.S.TREASURY BILLS,SEC MKT,3-MO.(% PER ANN,NSA)                 
     FYAAAC  
 CITIBASE SERIES: FYAAAC   12              47:01         88:12                  
     BOND YIELD: MOODY'S AAA CORPORATE (% PER ANNUM)                            
     FYCP    
 CITIBASE SERIES: FYCP     12              47:01         88:12                  
     INTEREST RATE: COMMERCIAL PAPER, 6-MONTH (% PER ANNUM,NSA)                 
 close data
 *
 set p nfirst nlast =  log( (gnp(t)-gge(t))/(gnp82(t)-gge82(t)) )
 set m nfirst nlast =  log(m2(t)) - log(p16(t))
 set mp nfirst nlast = m(t)-p(t)
 set vel nfirst nlast = m(t)-p(t)-y(t)
 set rgs nfirst nlast = fygm3(t)/400.0
 set rps nfirst nlast = fycp(t)/400.0
 set rpl nfirst nlast = fyaaac(t)/400.0
 **********
 zer dp; zer dm
 set dp  nfirst+1 nlast = p(t)-p(t-1)
 set dm  nfirst+1 nlast = m(t)-m(t-1)
 set dp1 nfirst   nlast-1 = p(t+1)-p(t)
  set dp1 nlast nlast = 0.0
 env err=1 war=1
 ieval n1=(54:1) ;ieval n2=(88:4)
 ieval nest1=n1 ; ieval nest2=n2
 ieval nimpr = 32   ;* number of impulses to report
 *eval ep = -3.914 ; eval ey = 1.100; * Money demand elasticity (dp), 54:1-88:4
 eval ep = -.01343*400 ;eval ey = 1.197; * Money demand elast(fygm3), 54:1-88:4
 *eval ep = -4.717 ; eval ey = 1.183; * Money dem elast(fygm3), orig, 54:1-88:4
 *eval ep = -4.979 ; eval ey = 1.199; * Money demand elast (fycp), 54:1-88:4
 *eval ep = -4.736 ; eval ey = 1.218; * Money demand elast (fyaaac), 54:1-88:4
 *eval phi1=1.973 ; eval phi2=-1.008; * Johansen MLE's, 54:1 - 88:4
 eval phi1=0.00334*400;eval phi2 = -0.0028*400; * Stock-Watson MLE's, 54:1-88:4
 *eval phi1=1.16;eval phi2 = -0.55; * Stock-Watson MLE's, 54:1-88:4, original
 *eval ep = -4.803  ;eval ey = 1.210; *  Money demand elast (fycp), 53:1-88:4
 *
 *  (ii)   Basic variables in model, in first differences
 *
 ieval k=0
 100653 dofor yy=y c in mp rgs dp
 100682  ieval k=k+1
 100692  set k / = yy(t)
 100711 end dofor
 *
 *  (iii)  Cointegrating vectors (either theoretical or empirical), to be
 *         entered as columns of alpha
 *
 dim alpha(nv,nv-nk) a0(nv,nk)
 read(unit=input) alpha
 -1 -1 -8  0
  1  0  0  0
  0  1  0  0
  0  0  1  0
  0  0 -9 -1
  0  0  0  1
 eval alpha(1,3)=-ey
 eval alpha(5,3)=-ep
 *eval alpha(5,1)=-phi1 ; eval alpha(6,1)=phi1
 *eval alpha(5,2)=-phi2 ; eval alpha(6,2)=phi2
 *
 * Desired form for "A" (factor loading) matrix -- must:
 *   (i)  be of form AHAT=A0*P, where P is kxk lower triangular with
 *        ones on the diagonal
 *   (ii) have tr(ALPHA)*A0=0, i.e. be orthogonal to cointegrating vectors
 *
 read(unit=input) a0
  1   0
  1   0
  1   0
  8   9
  0   1
  0   1
 *
 eval a0(4,1)=ey
 eval a0(4,2)=ep
 *eval a0(2,3)=phi1 ; eval a0(3,3)=phi2
 *eval a0(4,3)=ep
 *
 declare rect xmark(nciv,nk)
 mat xmark=(tr(alpha))*a0
 write xmark
   .0000000       .0000000    
   .0000000       .0000000    
   .0000000       .0000000    
   .0000000       .0000000    



 *
 *--------------------------------------------------*
 * Estimate model, A, Impulse responses, Variance Decomps
 *
 output noecho
 Number of Series Needed  
       28



 Number of Series allocated  
       28



  Check that data series have been properly constructed:  
   
                   y runs from       1 to       6 
             delta y runs from       7 to      12 
                   z runs from      13 to      16 


  ENTRY        y         1     c         2     i         3     mp        4
      51: 4    -4.66240        -4.93616        -6.25898        -4.87589    
      52: 1    -4.66059        -4.93409        -6.24721        -4.86696    
      52: 2    -4.67596        -4.91786        -6.23926        -4.85704    
      52: 3    -4.67589        -4.91508        -6.29918        -4.85938    
      52: 4    -4.65217        -4.89636        -6.24100        -4.86420    
      53: 1    -4.65045        -4.89315        -6.21201        -4.86626    
      53: 2    -4.64754        -4.89047        -6.21185        -4.86290    
      53: 3    -4.65649        -4.89341        -6.21591        -4.86376    
      53: 4    -4.67443        -4.89655        -6.22398        -4.85411    
      54: 1    -4.67163        -4.89530        -6.23973        -4.85566    
      54: 2    -4.66181        -4.88920        -6.22508        -4.85171    
      54: 3    -4.64164        -4.87582        -6.19673        -4.83609    


  ENTRY        rgs       5     dp        6     dy        7     dc        8
      51: 4     .402500E-02     .972242E-02    -.146066E-01     .405016E-02
      52: 1     .391667E-02     .402854E-02     .181419E-02     .207196E-02
      52: 2     .411667E-02    -.106351E-02    -.153735E-01     .162337E-01
      52: 3     .445833E-02     .110755E-01     .709539E-04     .277625E-02
      52: 4     .473333E-02     .139913E-01     .237226E-01     .187273E-01
      53: 1     .495000E-02     .648149E-03     .172280E-02     .320332E-02
      53: 2     .538333E-02     .387800E-02     .290881E-02     .268560E-02
      53: 3     .489167E-02     .469460E-02    -.895226E-02    -.294263E-02
      53: 4     .368333E-02    -.665889E-02    -.179368E-01    -.313957E-02
      54: 1     .265000E-02     .596207E-02     .279415E-02     .125259E-02
      54: 2     .196667E-02     .221401E-02     .982090E-02     .610110E-02
      54: 3     .220833E-02    -.433432E-02     .201747E-01     .133795E-01


  ENTRY        di        9     dmp      10     drgs     11     ddp      12
      51: 4    -.841553E-02     .578204E-02     .166667E-04     .127143E-01
      52: 1     .117774E-01     .893427E-02    -.108333E-03    -.569388E-02
      52: 2     .795015E-02     .992262E-02     .200000E-03    -.509205E-02
      52: 3    -.599226E-01    -.233757E-02     .341667E-03     .121390E-01
      52: 4     .581817E-01    -.481971E-02     .275000E-03     .291581E-02
      53: 1     .289926E-01    -.206070E-02     .216667E-03    -.133431E-01
      53: 2     .156047E-03     .335507E-02     .433333E-03     .322985E-02
      53: 3    -.406322E-02    -.858669E-03    -.491667E-03     .816594E-03
      53: 4    -.807242E-02     .965147E-02    -.120833E-02    -.113535E-01
      54: 1    -.157484E-01    -.155702E-02    -.103333E-02     .126210E-01
      54: 2     .146525E-01     .395399E-02    -.683333E-03    -.374805E-02
      54: 3     .283551E-01     .156167E-01     .241667E-03    -.654834E-02


  ENTRY        z1       13     z2       14     z3       15     z4       16
      51: 4    -.273761        -1.59658         .726625         .569742E-02
      52: 1    -.273504        -1.58662         .732805         .111873E-03
      52: 2    -.241896        -1.56329         .762204        -.518017E-02
      52: 3    -.239191        -1.62329         .761617         .661714E-02
      52: 4    -.244186        -1.58883         .729879         .925795E-02
      53: 1    -.242706        -1.56156         .726920        -.430185E-02
      53: 2    -.242929        -1.56431         .729121        -.150533E-02
      53: 3    -.236919        -1.55942         .736337        -.197071E-03
      53: 4    -.222122        -1.54956         .760968        -.103422E-01
      54: 1    -.223664        -1.56810         .750515         .331207E-02
      54: 2    -.227384        -1.56327         .739043         .247347E-03
      54: 3    -.234179        -1.55509         .731808        -.654266E-02



 Series     dy       (    7 )
 Series     y        (    1 )   LAGS    1 TO    1
 Series     dc       (    8 )
 Series     c        (    2 )   LAGS    1 TO    1
 Series     di       (    9 )
 Series     i        (    3 )   LAGS    1 TO    1
 Series     dmp      (   10 )
 Series     mp       (    4 )   LAGS    1 TO    1
 Series     drgs     (   11 )
 Series     rgs      (    5 )   LAGS    1 TO    1
 Series     ddp      (   12 )
 Series     dp       (    6 )   LAGS    1 TO    1
 Series     y        (    1 )
 Series     c        (    2 )
 Series     i        (    3 )
 Series     mp       (    4 )
 Series     rgs      (    5 )
 Series     dp       (    6 )
 Series     y        (    1 )
 Series     c        (    2 )
 Series     i        (    3 )
 Series     mp       (    4 )
 Series     rgs      (    5 )
 Series     dp       (    6 )
 Series     y        (    1 )
 Series     c        (    2 )
 Series     i        (    3 )
 Series     mp       (    4 )
 Series     rgs      (    5 )
 Series     dp       (    6 )
 Series     y        (    1 )
 Series     c        (    2 )
 Series     i        (    3 )
 Series     mp       (    4 )
 Series     rgs      (    5 )
 Series     dp       (    6 )



 EQUATION    1
 DEPENDENT VARIABLE    7     dy      
 FROM      54: 1 UNTIL      88: 4
 TOTAL OBSERVATIONS    140     SKIPPED/MISSING         0
 USABLE OBSERVATIONS   140     DEGREES OF FREEDOM     87
 R**2            .56563419     RBAR**2         .30601324
 SSR         .98801422E-02     SEE         .10656681E-01
 DURBIN-WATSON  1.99527311
 Q(  33)=   16.9692       SIGNIFICANCE LEVEL  .990525    
 NO.     LABEL    VAR  LAG    COEFFICIENT   STAND. ERROR    T-STATISTIC
 ***    *******   ***  ***   ************   ************   ************
   1     dy         7   1   .1175998       .1595544       .7370513    
   2     dy         7   2  -.1403817E-01   .1635282      -.8584558E-01
   3     dy         7   3  -.3130038E-01   .1642092      -.1906129    
   4     dy         7   4  -.1421562       .1715264      -.8287712    
   5     dy         7   5  -.2099610       .1744059      -1.203864    
   6     dy         7   6   .3647494E-01   .1648294       .2212890    
   7     dy         7   7  -.6967973E-02   .1560396      -.4465515E-01
   8     dy         7   8   .1872114       .1484707       1.260931    
   9     dc         8   1  -.1745060E-02   .2021120      -.8634125E-02
  10     dc         8   2   .9865341E-01   .2032006       .4854975    
  11     dc         8   3  -.7559118E-01   .2081665      -.3631285    
  12     dc         8   4   .1678446       .2137010       .7854182    
  13     dc         8   5  -.1307935E-02   .2161578      -.6050836E-02
  14     dc         8   6   .1111447       .2091851       .5313222    
  15     dc         8   7   .5340632E-01   .2032686       .2627377    
  16     dc         8   8  -.5538986       .1948935      -2.842058    
  17     di         9   1   .5562925E-01   .7559979E-01   .7358387    
  18     di         9   2   .2065837E-01   .7668054E-01   .2694082    
  19     di         9   3  -.6318817E-01   .7481841E-01  -.8445538    
  20     di         9   4   .4153990E-01   .7598153E-01   .5467105    
  21     di         9   5   .8758362E-02   .7516145E-01   .1165273    
  22     di         9   6   .1055425E-01   .7301568E-01   .1445477    
  23     di         9   7   .2467114E-01   .7348234E-01   .3357424    
  24     di         9   8  -.9296345E-01   .6851646E-01  -1.356805    
  25     dmp       10   1   .2878959       .2275356       1.265278    
  26     dmp       10   2   .1006767       .2601060       .3870601    
  27     dmp       10   3  -.2510302       .2646377      -.9485808    
  28     dmp       10   4   .3395085E-02   .2571502       .1320273E-01
  29     dmp       10   5  -.6644519E-01   .2463923      -.2696723    
  30     dmp       10   6   .1699187       .2490425       .6822879    
  31     dmp       10   7  -.8334938E-01   .2499928      -.3334072    
  32     dmp       10   8   .3097850       .2259347       1.371127    
  33     drgs      11   1   .6717753       .6843913       .9815661    
  34     drgs      11   2  -.7262431E-01   .8313062      -.8736168E-01
  35     drgs      11   3   1.253703       .8651365       1.449139    
  36     drgs      11   4  -.3183705       .9479428      -.3358542    
  37     drgs      11   5   .5975345E-02   .9597367       .6226025E-02
  38     drgs      11   6  -.4233112       .9995281      -.4235111    
  39     drgs      11   7  -.2982506       .8702221      -.3427293    
  40     drgs      11   8  -.1941610       .8560415      -.2268126    
  41     ddp       12   1  -.1581277       .4334712      -.3647940    
  42     ddp       12   2  -.1367180       .4889750      -.2796012    
  43     ddp       12   3  -.3808239       .4944319      -.7702252    
  44     ddp       12   4  -.3570208       .4951812      -.7209902    
  45     ddp       12   5  -.8848000       .4948644      -1.787964    
  46     ddp       12   6  -.6846485       .4661423      -1.468754    
  47     ddp       12   7  -.5989312       .4078093      -1.468655    
  48     ddp       12   8  -.5021791       .2518602      -1.993881    
  49     CONSTANT   0   0   .6931244E-02   .8998568E-01   .7702608E-01
  50     z1        13   1   .8025555E-01   .9979209E-01   .8042275    
  51     z2        14   1   .3164416E-01   .4942088E-01   .6402994    
  52     z3        15   1   .1030069       .4999106E-01   2.060506    
  53     z4        16   1   .5912282       .2286311       2.585948    




     F-TESTS, DEPENDENT VARIABLE     dy      
    VARIABLE      F-STATISTIC      SIGNIF. LEVEL
     dy                .59718        .7777789    
     dc               1.18650        .3164968    
     di                .63458        .7466385    
     dmp               .88170        .5352912    
     drgs              .38209        .9274933    
     ddp               .89077        .5278341    






 EQUATION    2
 DEPENDENT VARIABLE    8     dc      
 FROM      54: 1 UNTIL      88: 4
 TOTAL OBSERVATIONS    140     SKIPPED/MISSING         0
 USABLE OBSERVATIONS   140     DEGREES OF FREEDOM     87
 R**2            .50679423     RBAR**2         .21200458
 SSR         .36094048E-02     SEE         .64410722E-02
 DURBIN-WATSON  1.94432909
 Q(  33)=   26.7104       SIGNIFICANCE LEVEL  .772210    
 NO.     LABEL    VAR  LAG    COEFFICIENT   STAND. ERROR    T-STATISTIC
 ***    *******   ***  ***   ************   ************   ************
   1     dy         7   1   .8907453E-01   .9643730E-01   .9236522    
   2     dy         7   2   .3224312E-01   .9883910E-01   .3262183    
   3     dy         7   3  -.7593338E-01   .9925071E-01  -.7650663    
   4     dy         7   4  -.1800649       .1036734      -1.736848    
   5     dy         7   5  -.1675090       .1054138      -1.589062    
   6     dy         7   6  -.4424426E-01   .9962559E-01  -.4441054    
   7     dy         7   7  -.7600360E-01   .9431290E-01  -.8058665    
   8     dy         7   8  -.7105437E-02   .8973813E-01  -.7917969E-01
   9     dc         8   1  -.5070016E-01   .1221598      -.4150316    
  10     dc         8   2  -.1836776E-01   .1228178      -.1495529    
  11     dc         8   3   .7781233E-01   .1258192       .6184456    
  12     dc         8   4   .1326983       .1291644       1.027360    
  13     dc         8   5  -.4434026E-01   .1306493      -.3393839    
  14     dc         8   6   .9581637E-01   .1264349       .7578315    
  15     dc         8   7   .1505474       .1228588       1.225369    
  16     dc         8   8  -.1729061       .1177968      -1.467833    
  17     di         9   1  -.3418839E-01   .4569375E-01  -.7482072    
  18     di         9   2   .3532210E-01   .4634697E-01   .7621231    
  19     di         9   3   .3218261E-01   .4522147E-01   .7116667    
  20     di         9   4   .5910565E-01   .4592448E-01   1.287018    
  21     di         9   5   .3983103E-01   .4542881E-01   .8767790    
  22     di         9   6   .1996040E-01   .4413187E-01   .4522899    
  23     di         9   7  -.1993122E-01   .4441393E-01  -.4487606    
  24     di         9   8  -.3189044E-01   .4141247E-01  -.7700687    
  25     dmp       10   1   .1705424       .1375262       1.240072    
  26     dmp       10   2  -.5759075E-01   .1572123      -.3663246    
  27     dmp       10   3  -.1252286       .1599513      -.7829170    
  28     dmp       10   4  -.6440870E-01   .1554258      -.4144017    
  29     dmp       10   5   .1453135       .1489235       .9757590    
  30     dmp       10   6  -.8217281E-01   .1505254      -.5459067    
  31     dmp       10   7   .1396183E-01   .1510997       .9240141E-01
  32     dmp       10   8   .2067680       .1365586       1.514134    
  33     drgs      11   1  -.9557668       .4136573      -2.310528    
  34     drgs      11   2  -.7326110       .5024551      -1.458063    
  35     drgs      11   3  -1.227963       .5229026      -2.348359    
  36     drgs      11   4  -.4950970       .5729521      -.8641159    
  37     drgs      11   5  -.9466243       .5800806      -1.631884    
  38     drgs      11   6   .3333423       .6041311       .5517714    
  39     drgs      11   7  -.5536337       .5259764      -1.052583    
  40     drgs      11   8   .4144919       .5174055       .8010969    
  41     ddp       12   1   .1200524       .2619971       .4582202    
  42     ddp       12   2   .1041297       .2955445       .3523318    
  43     ddp       12   3  -.5729644E-01   .2988427      -.1917277    
  44     ddp       12   4  -.1235846       .2992956      -.4129181    
  45     ddp       12   5  -.1094284       .2991041      -.3658539    
  46     ddp       12   6  -.2849446       .2817440      -1.011360    
  47     ddp       12   7  -.1469149       .2464866      -.5960363    
  48     ddp       12   8  -.1369478       .1522284      -.8996203    
  49     CONSTANT   0   0  -.2667722E-01   .5438881E-01  -.4904909    
  50     z1        13   1  -.1164106       .6031597E-01  -1.930013    
  51     z2        14   1   .6423189E-02   .2987079E-01   .2150325    
  52     z3        15   1   .2259994E-01   .3021542E-01   .7479607    
  53     z4        16   1   .7079067E-01   .1381884       .5122765    




     F-TESTS, DEPENDENT VARIABLE     dc      
    VARIABLE      F-STATISTIC      SIGNIF. LEVEL
     dy                .89197        .5268553    
     dc                .89954        .5206710    
     di                .55676        .8102737    
     dmp               .75040        .6469683    
     drgs             1.72746        .1032515    
     ddp               .40289        .9161002    






 EQUATION    3
 DEPENDENT VARIABLE    9     di      
 FROM      54: 1 UNTIL      88: 4
 TOTAL OBSERVATIONS    140     SKIPPED/MISSING         0
 USABLE OBSERVATIONS   140     DEGREES OF FREEDOM     87
 R**2            .69281851     RBAR**2         .50921577
 SSR         .30169695E-01     SEE         .18621979E-01
 DURBIN-WATSON  1.95486672
 Q(  33)=   29.9975       SIGNIFICANCE LEVEL  .617382    
 NO.     LABEL    VAR  LAG    COEFFICIENT   STAND. ERROR    T-STATISTIC
 ***    *******   ***  ***   ************   ************   ************
   1     dy         7   1   .5632383       .2788128       2.020131    
   2     dy         7   2   .4432901       .2857567       1.551285    
   3     dy         7   3   .2316184       .2869467       .8071825    
   4     dy         7   4  -.3741112       .2997332      -1.248147    
   5     dy         7   5  -.4696731       .3047649      -1.541100    
   6     dy         7   6  -.2965942       .2880305      -1.029732    
   7     dy         7   7  -.1972325       .2726709      -.7233354    
   8     dy         7   8  -.2444458       .2594446      -.9421889    
   9     dc         8   1  -.2691159       .3531798      -.7619798    
  10     dc         8   2  -.5132037       .3550822      -1.445309    
  11     dc         8   3  -.3020010       .3637597      -.8302210    
  12     dc         8   4   .4269964       .3734310       1.143441    
  13     dc         8   5   .1228347       .3777241       .3251968    
  14     dc         8   6   .6385509       .3655398       1.746871    
  15     dc         8   7   .3011801       .3552009       .8479146    
  16     dc         8   8  -.2351029       .3405660      -.6903298    
  17     di         9   1   .1481049       .1321066       1.121102    
  18     di         9   2  -.1064287       .1339951      -.7942726    
  19     di         9   3   .1826082E-01   .1307412       .1396716    
  20     di         9   4   .8582645E-01   .1327737       .6464117    
  21     di         9   5   .2208090       .1313406       1.681193    
  22     di         9   6   .2492990       .1275910       1.953892    
  23     di         9   7   .6970766E-01   .1284065       .5428673    
  24     di         9   8  -.4049400E-01   .1197288      -.3382143    
  25     dmp       10   1   .8756027       .3976063       2.202185    
  26     dmp       10   2   .9384096       .4545213       2.064611    
  27     dmp       10   3  -.8365410       .4624401      -1.808971    
  28     dmp       10   4  -.4592958       .4493561      -1.022120    
  29     dmp       10   5   .3153549E-01   .4305574       .7324341E-01
  30     dmp       10   6  -.1721889       .4351885      -.3956650    
  31     dmp       10   7   .8630388E-01   .4368489       .1975600    
  32     dmp       10   8   .1763247       .3948087       .4466079    
  33     drgs      11   1   .5276567       1.195937       .4412077    
  34     drgs      11   2  -.7679078       1.452663      -.5286207    
  35     drgs      11   3   2.872830       1.511780       1.900297    
  36     drgs      11   4  -4.026823       1.656479      -2.430953    
  37     drgs      11   5   .8183849       1.677088       .4879796    
  38     drgs      11   6  -3.831459       1.746622      -2.193640    
  39     drgs      11   7   .8258636       1.520666       .5430932    
  40     drgs      11   8  -.5332531       1.495887      -.3564796    
  41     ddp       12   1   .3731100       .7574677       .4925755    
  42     ddp       12   2   1.420199       .8544576       1.662106    
  43     ddp       12   3   .5925113       .8639933       .6857823    
  44     ddp       12   4   .1640594       .8653026       .1895977    
  45     ddp       12   5  -.6418923E-01   .8647491      -.7422874E-01
  46     ddp       12   6  -.9476274       .8145586      -1.163363    
  47     ddp       12   7  -.4729545       .7126248      -.6636795    
  48     ddp       12   8  -.7528585       .4401121      -1.710606    
  49     CONSTANT   0   0  -.3033250       .1572451      -1.928994    
  50     z1        13   1   .2506848E-01   .1743813       .1437567    
  51     z2        14   1  -.1619326       .8636034E-01  -1.875081    
  52     z3        15   1   .8427949E-01   .8735670E-01   .9647742    
  53     z4        16   1   .6221310       .3995206       1.557194    




     F-TESTS, DEPENDENT VARIABLE     di      
    VARIABLE      F-STATISTIC      SIGNIF. LEVEL
     dy               1.63356        .1268934    
     dc               1.10789        .3659229    
     di               1.24008        .2857755    
     dmp              2.70331        .1048024E-01
     drgs             1.48493        .1743527    
     ddp              1.53883        .1555867    






 EQUATION    4
 DEPENDENT VARIABLE   10     dmp     
 FROM      54: 1 UNTIL      88: 4
 TOTAL OBSERVATIONS    140     SKIPPED/MISSING         0
 USABLE OBSERVATIONS   140     DEGREES OF FREEDOM     87
 R**2            .74653346     RBAR**2         .59503622
 SSR         .34144261E-02     SEE         .62646849E-02
 DURBIN-WATSON  2.07316842
 Q(  33)=   15.6572       SIGNIFICANCE LEVEL  .995448    
 NO.     LABEL    VAR  LAG    COEFFICIENT   STAND. ERROR    T-STATISTIC
 ***    *******   ***  ***   ************   ************   ************
   1     dy         7   1  -.1761707       .9379639E-01  -1.878225    
   2     dy         7   2  -.4674329E-01   .9613241E-01  -.4862386    
   3     dy         7   3  -.1146695       .9653275E-01  -1.187882    
   4     dy         7   4  -.3784336E-01   .1008343      -.3753025    
   5     dy         7   5   .6931745E-01   .1025270       .6760896    
   6     dy         7   6   .1316766       .9689736E-01   1.358929    
   7     dy         7   7   .7182678E-01   .9173016E-01   .7830225    
   8     dy         7   8  -.1677325E-01   .8728067E-01  -.1921759    
   9     dc         8   1   .1799383       .1188144       1.514448    
  10     dc         8   2   .4750292E-01   .1194545       .3976656    
  11     dc         8   3   .9534198E-01   .1223737       .7791053    
  12     dc         8   4  -.8673801E-01   .1256272      -.6904396    
  13     dc         8   5  -.5473078E-01   .1270715      -.4307086    
  14     dc         8   6   .2010533E-01   .1229725       .1634944    
  15     dc         8   7  -.1262684E-01   .1194944      -.1056689    
  16     dc         8   8  -.2097001       .1145710      -1.830307    
  17     di         9   1   .6788598E-01   .4444243E-01   1.527504    
  18     di         9   2   .8325901E-01   .4507777E-01   1.847008    
  19     di         9   3  -.1376090E-01   .4398309E-01  -.3128681    
  20     di         9   4  -.2379806E-01   .4466685E-01  -.5327903    
  21     di         9   5  -.1839449E-01   .4418475E-01  -.4163086    
  22     di         9   6  -.2839599E-01   .4292333E-01  -.6615513    
  23     di         9   7   .3706640E-01   .4319766E-01   .8580650    
  24     di         9   8   .3717431E-01   .4027840E-01   .9229342    
  25     dmp       10   1   .6417864       .1337601       4.798040    
  26     dmp       10   2  -.1867745       .1529071      -1.221490    
  27     dmp       10   3   .6074214E-01   .1555711       .3904462    
  28     dmp       10   4  -.1032900       .1511695      -.6832732    
  29     dmp       10   5   .4260206       .1448453       2.941211    
  30     dmp       10   6  -.1461787       .1464033      -.9984660    
  31     dmp       10   7   .2086187       .1469619       1.419543    
  32     dmp       10   8  -.3098148       .1328190      -2.332609    
  33     drgs      11   1  -2.325528       .4023294      -5.780158    
  34     drgs      11   2   .9254201       .4886955       1.893654    
  35     drgs      11   3  -.8464548       .5085831      -1.664339    
  36     drgs      11   4   1.043896       .5572620       1.873260    
  37     drgs      11   5  -1.285535       .5641952      -2.278529    
  38     drgs      11   6   .7407576       .5875871       1.260677    
  39     drgs      11   7  -.5673477       .5115727      -1.109027    
  40     drgs      11   8  -.6210748E-01   .5032365      -.1234161    
  41     ddp       12   1   .4573235       .2548223       1.794676    
  42     ddp       12   2   .2697609       .2874511       .9384586    
  43     ddp       12   3   .1069888       .2906590       .3680905    
  44     ddp       12   4   .6669588E-01   .2910995       .2291171    
  45     ddp       12   5   .2159434       .2909132       .7422948    
  46     ddp       12   6   .8525168E-01   .2740285       .3111051    
  47     ddp       12   7   .4394058       .2397366       1.832869    
  48     ddp       12   8   .4039619E-01   .1480597       .2728373    
  49     CONSTANT   0   0  -.5345123E-01   .5289939E-01  -1.010432    
  50     z1        13   1   .2296702E-01   .5866423E-01   .3914995    
  51     z2        14   1  -.4402086E-01   .2905278E-01  -1.515203    
  52     z3        15   1  -.1414648E-01   .2938797E-01  -.4813696    
  53     z4        16   1  -.7749262E-01   .1344041      -.5765643    




     F-TESTS, DEPENDENT VARIABLE     dmp     
    VARIABLE      F-STATISTIC      SIGNIF. LEVEL
     dy                .98724        .4516359    
     dc                .86487        .5492455    
     di               1.18249        .3188918    
     dmp              5.13221        .2977356E-04
     drgs             5.77697        .6658440E-05
     ddp              1.25579        .2772196    






 EQUATION    5
 DEPENDENT VARIABLE   11     drgs    
 FROM      54: 1 UNTIL      88: 4
 TOTAL OBSERVATIONS    140     SKIPPED/MISSING         0
 USABLE OBSERVATIONS   140     DEGREES OF FREEDOM     87
 R**2            .60745356     RBAR**2         .37282811
 SSR         .26156644E-03     SEE         .17339293E-02
 DURBIN-WATSON  1.97207342
 Q(  33)=   29.5990       SIGNIFICANCE LEVEL  .637226    
 NO.     LABEL    VAR  LAG    COEFFICIENT   STAND. ERROR    T-STATISTIC
 ***    *******   ***  ***   ************   ************   ************
   1     dy         7   1   .4009670E-02   .2596081E-01   .1544508    
   2     dy         7   2  -.1179166E-02   .2660737E-01  -.4431726E-01
   3     dy         7   3  -.2876811E-01   .2671818E-01  -1.076724    
   4     dy         7   4  -.2582225E-01   .2790875E-01  -.9252382    
   5     dy         7   5  -.6006166E-01   .2837726E-01  -2.116542    
   6     dy         7   6  -.4193874E-01   .2681909E-01  -1.563764    
   7     dy         7   7  -.3117724E-01   .2538892E-01  -1.227986    
   8     dy         7   8  -.1689440E-01   .2415740E-01  -.6993469    
   9     dc         8   1   .2099253E-01   .3288527E-01   .6383566    
  10     dc         8   2  -.2384728E-01   .3306241E-01  -.7212806    
  11     dc         8   3  -.3199055E-01   .3387039E-01  -.9444991    
  12     dc         8   4   .2799433E-01   .3477090E-01   .8051079    
  13     dc         8   5   .6321481E-01   .3517064E-01   1.797374    
  14     dc         8   6   .3328057E-01   .3403614E-01   .9778012    
  15     dc         8   7   .2456657E-01   .3307346E-01   .7427880    
  16     dc         8   8  -.1688634E-01   .3171077E-01  -.5325111    
  17     di         9   1  -.4645515E-02   .1230070E-01  -.3776626    
  18     di         9   2  -.1501643E-01   .1247655E-01  -1.203572    
  19     di         9   3   .3084401E-02   .1217357E-01   .2533687    
  20     di         9   4  -.1349732E-01   .1236282E-01  -1.091767    
  21     di         9   5   .8303941E-04   .1222938E-01   .6790155E-02
  22     di         9   6   .6214972E-02   .1188025E-01   .5231348    
  23     di         9   7   .2380888E-03   .1195618E-01   .1991345E-01
  24     di         9   8  -.1619264E-01   .1114819E-01  -1.452491    
  25     dmp       10   1  -.3649241E-02   .3702191E-01  -.9856979E-01
  26     dmp       10   2   .4751135E-01   .4232138E-01   1.122632    
  27     dmp       10   3   .4001694E-01   .4305871E-01   .9293574    
  28     dmp       10   4  -.5018825E-01   .4184044E-01  -1.199515    
  29     dmp       10   5  -.2096649E-01   .4009005E-01  -.5229850    
  30     dmp       10   6   .5041732E-01   .4052126E-01   1.244219    
  31     dmp       10   7  -.4950825E-02   .4067587E-01  -.1217141    
  32     dmp       10   8   .9599248E-01   .3676142E-01   2.611229    
  33     drgs      11   1   .2006707       .1113561       1.802064    
  34     drgs      11   2  -.4597350       .1352603      -3.398890    
  35     drgs      11   3   .3355997       .1407648       2.384117    
  36     drgs      11   4  -.8186041E-01   .1542381      -.5307407    
  37     drgs      11   5   .1618631       .1561570       1.036541    
  38     drgs      11   6  -.4125642E-01   .1626314      -.2536805    
  39     drgs      11   7  -.1784636       .1415923      -1.260405    
  40     drgs      11   8   .1183006       .1392850       .8493419    
  41     ddp       12   1  -.9193822E-01   .7052931E-01  -1.303546    
  42     ddp       12   2  -.6554483E-03   .7956024E-01  -.8238390E-02
  43     ddp       12   3   .5465732E-01   .8044813E-01   .6794108    
  44     ddp       12   4  -.5976719E-01   .8057004E-01  -.7418042    
  45     ddp       12   5  -.1747330       .8051850E-01  -2.170098    
  46     ddp       12   6  -.1326390       .7584517E-01  -1.748812    
  47     ddp       12   7  -.1652067       .6635391E-01  -2.489782    
  48     ddp       12   8  -.6181392E-01   .4097971E-01  -1.508403    
  49     CONSTANT   0   0   .3749315E-01   .1464141E-01   2.560761    
  50     z1        13   1  -.3286128E-01   .1623699E-01  -2.023853    
  51     z2        14   1   .1787304E-01   .8041182E-02   2.222688    
  52     z3        15   1  -.2512647E-01   .8133955E-02  -3.089084    
  53     z4        16   1   .8976718E-01   .3720016E-01   2.413086    




     F-TESTS, DEPENDENT VARIABLE     drgs    
    VARIABLE      F-STATISTIC      SIGNIF. LEVEL
     dy                .79432        .6090371    
     dc                .82522        .5826263    
     di                .70976        .6821999    
     dmp              2.22653        .3282289E-01
     drgs             3.73381        .8504797E-03
     ddp              2.05353        .4921039E-01






 EQUATION    6
 DEPENDENT VARIABLE   12     ddp     
 FROM      54: 1 UNTIL      88: 4
 TOTAL OBSERVATIONS    140     SKIPPED/MISSING         0
 USABLE OBSERVATIONS   140     DEGREES OF FREEDOM     87
 R**2            .61430720     RBAR**2         .38377816
 SSR         .13892641E-02     SEE         .39960672E-02
 DURBIN-WATSON  1.96002591
 Q(  33)=   46.6830       SIGNIFICANCE LEVEL  .576211E-01
 NO.     LABEL    VAR  LAG    COEFFICIENT   STAND. ERROR    T-STATISTIC
 ***    *******   ***  ***   ************   ************   ************
   1     dy         7   1   .1247964       .5983009E-01   2.085846    
   2     dy         7   2   .7644071E-01   .6132017E-01   1.246583    
   3     dy         7   3   .1322731       .6157554E-01   2.148144    
   4     dy         7   4   .1252792E-01   .6431938E-01   .1947767    
   5     dy         7   5  -.6506609E-01   .6539912E-01  -.9949077    
   6     dy         7   6  -.2255464E-01   .6180811E-01  -.3649139    
   7     dy         7   7  -.8795255E-02   .5851210E-01  -.1503151    
   8     dy         7   8   .1130438E-01   .5567390E-01   .2030463    
   9     dc         8   1  -.1485867E-01   .7578841E-01  -.1960547    
  10     dc         8   2  -.1288584       .7619665E-01  -1.691129    
  11     dc         8   3  -.1365480       .7805874E-01  -1.749298    
  12     dc         8   4   .4813606E-01   .8013409E-01   .6006939    
  13     dc         8   5  -.1464342E-01   .8105534E-01  -.1806595    
  14     dc         8   6  -.1194266E-01   .7844073E-01  -.1522507    
  15     dc         8   7   .6009563E-01   .7622213E-01   .7884277    
  16     dc         8   8   .2709971E-02   .7308163E-01   .3708142E-01
  17     di         9   1  -.1047651       .2834858E-01  -3.695603    
  18     di         9   2  -.3336986E-01   .2875385E-01  -1.160535    
  19     di         9   3  -.3555866E-01   .2805558E-01  -1.267436    
  20     di         9   4  -.1425798E-02   .2849173E-01  -.5004251E-01
  21     di         9   5   .7577919E-02   .2818422E-01   .2688710    
  22     di         9   6  -.5937501E-02   .2737959E-01  -.2168586    
  23     di         9   7  -.4786315E-01   .2755458E-01  -1.737030    
  24     di         9   8  -.1774186E-01   .2569246E-01  -.6905474    
  25     dmp       10   1  -.2201285E-02   .8532183E-01  -.2579979E-01
  26     dmp       10   2   .1379242       .9753516E-01   1.414097    
  27     dmp       10   3   .8513348E-03   .9923445E-01   .8579025E-02
  28     dmp       10   4  -.5906813E-01   .9642677E-01  -.6125698    
  29     dmp       10   5  -.1303912       .9239277E-01  -1.411271    
  30     dmp       10   6   .1200445       .9338655E-01   1.285459    
  31     dmp       10   7  -.2160294E-01   .9374287E-01  -.2304489    
  32     dmp       10   8   .2523350       .8472151E-01   2.978405    
  33     drgs      11   1   .6249879       .2566346       2.435322    
  34     drgs      11   2  -.1122239       .3117252      -.3600091    
  35     drgs      11   3  -.1134883E-01   .3244109      -.3498288E-01
  36     drgs      11   4  -.5338451E-01   .3554618      -.1501835    
  37     drgs      11   5  -.1969813       .3598843      -.5473462    
  38     drgs      11   6   .4185482E-01   .3748054       .1116708    
  39     drgs      11   7   .6980475E-01   .3263179       .2139164    
  40     drgs      11   8   .4295843       .3210005       1.338267    
  41     ddp       12   1  -.9764366       .1625440      -6.007212    
  42     ddp       12   2  -.7326702       .1833570      -3.995867    
  43     ddp       12   3  -.6720255       .1854032      -3.624669    
  44     ddp       12   4  -.6410382       .1856842      -3.452303    
  45     ddp       12   5  -.6529446       .1855654      -3.518676    
  46     ddp       12   6  -.5521861       .1747951      -3.159048    
  47     ddp       12   7  -.5806955       .1529213      -3.797350    
  48     ddp       12   8  -.1502609       .9444311E-01  -1.591020    
  49     CONSTANT   0   0   .7506176E-01   .3374304E-01   2.224511    
  50     z1        13   1  -.4889998E-01   .3742027E-01  -1.306778    
  51     z2        14   1   .5231381E-01   .1853196E-01   2.822897    
  52     z3        15   1  -.5279128E-02   .1874577E-01  -.2816171    
  53     z4        16   1   .1514332       .8573263E-01   1.766342    




     F-TESTS, DEPENDENT VARIABLE     ddp     
    VARIABLE      F-STATISTIC      SIGNIF. LEVEL
     dy               1.30937        .2495545    
     dc                .95375        .4773927    
     di               2.53308        .1580479E-01
     dmp              2.42993        .2024138E-01
     drgs              .98787        .4511572    
     ddp              5.32658        .1888722E-04



  Epsilon variance-covariance matrix:  

          COVARIANCE/CORRELATION MATRIX
     VARIABLE           dy           dc           di           dmp     
           SERIES LAG   17   0       18   0       19   0       20   0
     dy        17   0   .70572E-04   .52965       .63664       .96660E-01
     dc        18   0   .22592E-04   .25781E-04   .37090       .97489E-01
     di        19   0   .78511E-04   .27646E-04   .21550E-03   .17238E-01
     dmp       20   0   .40102E-05   .24446E-05   .12497E-05   .24389E-04
     drgs      21   0   .44999E-05   .12774E-05   .85324E-05  -.73380E-06
     ddp       22   0  -.15399E-05  -.10473E-05   .45842E-05  -.98266E-05



     VARIABLE           drgs         ddp     
           SERIES LAG   21   0       22   0
     dy        17   0   .39189      -.58190E-01
     dc        18   0   .18406      -.65479E-01
     di        19   0   .42523       .99132E-01
     dmp       20   0  -.10871      -.63165    
     drgs      21   0   .18683E-05  -.63946E-01
     ddp       22   0  -.27534E-06   .99233E-05



  Log determinant of VCV matrix =    -65.627     

 VARIABLES IN CROSS-MOMENT MATRIX
 FROM      54: 1 UNTIL      88: 4
 Series     dy       (    7 )   LAGS    1 TO    8
 Series     dc       (    8 )   LAGS    1 TO    8
 Series     di       (    9 )   LAGS    1 TO    8
 Series     dmp      (   10 )   LAGS    1 TO    8
 Series     drgs     (   11 )   LAGS    1 TO    8
 Series     ddp      (   12 )   LAGS    1 TO    8
 Series     CONSTANT (    0 )
 Series     z1       (   13 )   LAGS    1 TO    1
 Series     z2       (   14 )   LAGS    1 TO    1
 Series     z3       (   15 )   LAGS    1 TO    1
 Series     z4       (   16 )   LAGS    1 TO    1
  
  
                            Table       1 
  
       BHat Fraction of Variance of First Differences Due 
               to Innovation in Component #       1 
  
   Horizon    vble#1    vbl#2  . . . 
  
      1.     12.73     16.59       .88     70.92       .07     46.63
      4.     12.02     14.74      9.75     42.65       .50     45.09
      8.      9.59     13.13      8.35     37.42      1.28     41.88
     12.     10.43     14.40      9.94     31.66      3.73     39.85
     16.      9.46     13.20      8.90     28.49      4.18     39.29
     20.      9.44     13.19      8.72     27.99      4.49     39.00
     24.      9.39     13.20      8.59     27.30      4.70     38.86
      0.       .00       .00       .00       .00       .00       .00
  
  
       RMSE Fraction of Variance of First Differences Due 
               to Innovation in Component #       1 
  
   Horizon    vble#1    vbl#2  . . . 
  
      1.      1.17       .76       .21      1.70       .13      1.22
      4.       .60       .50       .74      1.69       .18      1.58
      8.       .58       .35       .57      1.30       .25      1.37
     12.       .63       .33       .64      1.18       .17      1.29
     16.       .80       .35       .62      1.15       .15      1.26
     20.       .80       .35       .63      1.34       .16      1.26
     24.       .93       .36       .61      1.49       .17      1.24
      0.       .00       .00       .00       .00       .00       .00
  
  
       Mean Fraction of Variance of First Differences Due 
               to Innovation in Component #       1 
  
   Horizon    vble#1    vbl#2  . . . 
  
      1.     12.92     16.76       .85     70.77       .13     46.66
      4.     12.27     14.86      9.67     42.57       .58     45.13
      8.     10.14     13.21      8.42     37.18      1.37     41.98
     12.     11.05     14.39     10.04     31.45      3.79     39.93
     16.     10.23     13.17      9.02     28.28      4.21     39.37
     20.     10.21     13.14      8.84     28.07      4.55     39.08
     24.     10.27     13.07      8.70     27.59      4.78     38.96
      0.       .00       .00       .00       .00       .00       .00
  
  
       SDev Fraction of Variance of First Differences Due 
               to Innovation in Component #       1 
  
   Horizon    vble#1    vbl#2  . . . 
  
      1.      1.16       .74       .21      1.70       .11      1.22
      4.       .54       .48       .74      1.69       .16      1.58
      8.       .20       .34       .56      1.28       .24      1.37
     12.       .13       .33       .63      1.16       .15      1.28
     16.       .20       .35       .61      1.13       .15      1.26
     20.       .23       .34       .61      1.34       .15      1.26
     24.       .29       .33       .60      1.46       .15      1.24
      0.       .00       .00       .00       .00       .00       .00
  
  
           BHat Fraction of Variance of Levels Due 
               to Innovation in Component #       1 
  
   Horizon    vble#1    vbl#2  . . . 
  
      1.     12.73     16.59       .88     70.92       .07     46.63
      4.     21.88     24.33      7.29     49.09       .29     34.50
      8.     31.36     28.53     10.38     48.78       .30     29.94
     12.     37.07     40.06     15.20     55.51       .99     18.35
     16.     43.72     50.68     17.33     57.23      1.10     14.11
     20.     47.88     57.97     17.24     58.13      1.03     11.83
     24.     52.72     64.70     19.14     60.67      1.18     10.66
    120.    100.00    100.00    100.00     61.35       .05       .05
  
  
           RMSE Fraction of Variance of Levels Due 
               to Innovation in Component #       1 
  
   Horizon    vble#1    vbl#2  . . . 
  
      1.      1.17       .76       .21      1.70       .13      1.22
      4.       .78       .25       .15      2.67       .18       .97
      8.      1.77       .76       .87      2.29       .46      1.05
     12.      2.74      1.08      1.94      2.01       .23       .47
     16.      3.62      1.44      2.44      2.14       .39       .33
     20.      4.61      3.42      2.64      3.55      1.22      1.36
     24.      5.37      5.91      2.70      5.57      2.01      2.60
    120.       .16     42.16     59.46     31.83     55.33     56.34
  
  
           Mean Fraction of Variance of Levels Due 
               to Innovation in Component #       1 
  
   Horizon    vble#1    vbl#2  . . . 
  
      1.     12.92     16.76       .85     70.77       .13     46.66
      4.     21.94     24.49      7.32     48.97       .38     34.56
      8.     29.66     28.42     10.61     48.26       .57     30.00
     12.     34.39     39.57     15.90     54.27       .95     18.36
     16.     40.15     49.37     18.58     55.20      1.02     14.42
     20.     43.37     55.26     18.99     54.94      1.81     12.77
     24.     47.54     60.26     21.21     55.98      2.82     12.32
    120.     99.85     72.05     60.23     43.86     52.93     55.09
  
  
           SDev Fraction of Variance of Levels Due 
               to Innovation in Component #       1 
  
   Horizon    vble#1    vbl#2  . . . 
  
      1.      1.16       .74       .21      1.70       .11      1.22
      4.       .78       .18       .15      2.66       .16       .97
      8.       .45       .75       .84      2.23       .37      1.05
     12.       .57       .96      1.80      1.59       .23       .47
     16.       .59       .59      2.10       .65       .38       .12
     20.       .97      2.10      1.97      1.54       .94       .99
     24.      1.42      3.90      1.73      3.01      1.15      2.00
    120.       .03     31.56     44.21     26.60     16.27     12.02
  
  
  
                            Table       2 
  
       BHat Fraction of Variance of First Differences Due 
               to Innovation in Component #       2 
  
   Horizon    vble#1    vbl#2  . . . 
  
      1.      6.75      5.02       .18     13.15     29.04     16.74
      4.     12.95     11.03     14.92     31.14     32.65     24.62
      8.     11.40     11.53     11.34     27.81     32.84     23.08
     12.     13.36     11.19     11.36     32.26     33.12     24.42
     16.     17.76     15.00     18.01     36.40     32.75     23.99
     20.     18.31     15.16     19.25     35.66     32.09     23.87
     24.     18.36     15.16     19.37     34.72     32.08     23.92
      0.       .00       .00       .00       .00       .00       .00
  
  
       RMSE Fraction of Variance of First Differences Due 
               to Innovation in Component #       2 
  
   Horizon    vble#1    vbl#2  . . . 
  
      1.       .90       .35       .33      1.69      3.21      2.51
      4.      1.17       .15       .88      2.83      1.98      2.34
      8.      1.05       .36       .61      2.36      1.61      2.07
     12.      1.10       .39       .74      2.42      1.76      2.02
     16.      1.22       .50       .99      2.45      1.63      1.98
     20.      1.23       .50      1.01      2.41      1.52      1.96
     24.      1.21       .51      1.00      2.38      1.46      1.93
      0.       .00       .00       .00       .00       .00       .00
  
  
       Mean Fraction of Variance of First Differences Due 
               to Innovation in Component #       2 
  
   Horizon    vble#1    vbl#2  . . . 
  
      1.      7.06      5.09       .35     13.29     29.49     16.53
      4.     13.20     11.11     15.09     31.41     33.04     24.40
      8.     11.87     11.62     11.59     28.06     33.00     22.96
     12.     14.01     11.33     11.65     32.62     33.06     24.28
     16.     17.73     15.22     18.11     36.86     32.83     23.85
     20.     18.23     15.39     19.33     36.18     32.38     23.74
     24.     18.33     15.35     19.48     35.41     32.46     23.77
      0.       .00       .00       .00       .00       .00       .00
  
  
       SDev Fraction of Variance of First Differences Due 
               to Innovation in Component #       2 
  
   Horizon    vble#1    vbl#2  . . . 
  
      1.       .85       .34       .28      1.68      3.18      2.50
      4.      1.14       .14       .87      2.82      1.94      2.33
      8.       .94       .35       .56      2.35      1.61      2.06
     12.       .90       .37       .68      2.39      1.76      2.01
     16.      1.22       .45       .99      2.41      1.63      1.97
     20.      1.23       .45      1.01      2.35      1.49      1.95
     24.      1.21       .47       .99      2.28      1.41      1.93
      0.       .00       .00       .00       .00       .00       .00
  
  
           BHat Fraction of Variance of Levels Due 
               to Innovation in Component #       2 
  
   Horizon    vble#1    vbl#2  . . . 
  
      1.      6.75      5.02       .18     13.15     29.04     16.74
      4.      3.86      3.21     10.60     32.50     16.91     18.37
      8.     10.18      7.11     19.32     22.68     12.16     22.78
     12.     19.76      8.04     25.17     16.42     18.77     48.42
     16.     18.13      6.94     24.07     14.56     26.35     59.37
     20.     16.17      7.50     26.43     15.16     30.20     65.73
     24.     14.47      6.74     25.97     15.58     36.33     68.34
    120.       .00       .00       .00     38.65     99.95     99.95
  
  
           RMSE Fraction of Variance of Levels Due 
               to Innovation in Component #       2 
  
   Horizon    vble#1    vbl#2  . . . 
  
      1.       .90       .35       .33      1.69      3.21      2.51
      4.       .59       .24       .87      3.65      2.09      2.22
      8.      1.20      1.33       .43      3.66      1.74      2.20
     12.      2.63      1.80      1.78      2.96      1.30      1.71
     16.      2.39      1.10      1.77      1.68      1.71      1.01
     20.      1.90       .71      1.81      1.10      3.39       .73
     24.      1.80      1.58      1.78      1.85      4.00       .95
    120.       .13     30.68     48.29     31.83     55.33     56.35
  
  
           Mean Fraction of Variance of Levels Due 
               to Innovation in Component #       2 
  
   Horizon    vble#1    vbl#2  . . . 
  
      1.      7.06      5.09       .35     13.29     29.49     16.53
      4.      4.42      3.25     10.40     32.90     17.42     18.16
      8.     10.73      7.28     19.12     23.23     12.88     22.39
     12.     19.96      8.30     25.41     16.93     19.40     47.45
     16.     18.39      7.27     24.19     15.15     25.72     58.59
     20.     17.07      8.15     25.93     16.11     27.64     65.02
     24.     15.60      8.03     25.28     17.26     32.76     67.84
    120.       .13     20.32     32.21     56.14     47.06     44.90
  
  
           SDev Fraction of Variance of Levels Due 
               to Innovation in Component #       2 
  
   Horizon    vble#1    vbl#2  . . . 
  
      1.       .85       .34       .28      1.68      3.18      2.50
      4.       .18       .23       .84      3.63      2.03      2.21
      8.      1.07      1.32       .38      3.62      1.58      2.16
     12.      2.63      1.78      1.76      2.91      1.14      1.40
     16.      2.38      1.05      1.76      1.57      1.59       .65
     20.      1.68       .28      1.74       .56      2.22       .15
     24.      1.41       .91      1.64       .75      1.82       .81
    120.       .03     22.99     35.98     26.60     16.27     12.02
  
   
   
                            Table       3 
   
       BHat Fraction of Variance of First Differences Due 
            to Innovation in all Permanent Components 
   
   Horizon    vble#1    vbl#2  . . .  
   
      1.     19.48     21.61      1.07     84.08     29.11     63.37
      4.     24.96     25.77     24.67     73.79     33.14     69.71
      8.     20.99     24.65     19.69     65.23     34.12     64.96
     12.     23.79     25.59     21.30     63.92     36.85     64.27
     16.     27.22     28.20     26.91     64.89     36.93     63.27
     20.     27.75     28.35     27.97     63.65     36.59     62.86
     24.     27.75     28.36     27.96     62.01     36.78     62.78
      0.       .00       .00       .00       .00       .00       .00
   
   
       RMSE Fraction of Variance of First Differences Due 
            to Innovation in all Permanent Components 
   
   Horizon    vble#1    vbl#2  . . .  
   
      1.      2.04       .61       .16       .02      3.33      1.31
      4.      1.75       .61       .16      1.16      2.15       .79
      8.      1.52       .70       .33      1.11      1.86       .71
     12.      1.53       .70       .40      1.28      1.92       .75
     16.      1.32       .82       .44      1.31      1.78       .73
     20.      1.27       .80       .44      1.18      1.68       .71
     24.      1.30       .80       .45      1.28      1.62       .71
      0.       .00       .00       .00       .00       .00       .00
   
   
       Mean Fraction of Variance of First Differences Due 
            to Innovation in All Permanent Components 
   
   Horizon    vble#1    vbl#2  . . .  
   
      1.     19.98     21.85      1.20     84.06     29.62     63.19
      4.     25.47     25.96     24.75     73.98     33.61     69.53
      8.     22.01     24.83     20.01     65.24     34.36     64.94
     12.     25.05     25.72     21.69     64.07     36.85     64.22
     16.     27.96     28.39     27.12     65.14     37.04     63.23
     20.     28.44     28.53     28.17     64.25     36.94     62.82
     24.     28.60     28.42     28.18     62.99     37.24     62.73
      0.       .00       .00       .00       .00       .00       .00
   
   
       SDev Fraction of Variance of First Differences Due 
            to Innovation in All Permanent Components 
   
   Horizon    vble#1    vbl#2  . . .  
   
      1.      1.98       .56       .09       .02      3.29      1.30
      4.      1.67       .58       .14      1.14      2.10       .76
      8.      1.13       .68       .07      1.11      1.84       .71
     12.       .87       .69       .10      1.27      1.92       .74
     16.      1.10       .79       .39      1.29      1.78       .73
     20.      1.06       .78       .39      1.01      1.65       .71
     24.       .99       .80       .39       .82      1.56       .71
      0.       .00       .00       .00       .00       .00       .00
   
   
           BHat Fraction of Variance of Levels Due 
          to Innovation in All Permanent Components 
   
   Horizon    vble#1    vbl#2  . . .  
   
      1.     19.48     21.61      1.07     84.08     29.11     63.37
      4.     25.74     27.53     17.89     81.59     17.20     52.87
      8.     41.55     35.64     29.70     71.47     12.45     52.72
     12.     56.83     48.10     40.37     71.93     19.76     66.77
     16.     61.85     57.62     41.40     71.79     27.46     73.48
     20.     64.05     65.47     43.67     73.29     31.24     77.57
     24.     67.19     71.44     45.11     76.24     37.51     79.00
    120.    100.00    100.00    100.00    100.00    100.00    100.00
   
   
           RMSE Fraction of Variance of Levels Due 
          to Innovation in All Permanent Components 
   
   Horizon    vble#1    vbl#2  . . .  
   
      1.      2.04       .61       .16       .02      3.33      1.31
      4.      1.09       .35       .99      1.02      1.99      1.26
      8.      1.86       .60       .61      1.46      1.64      1.20
     12.      3.36       .94       .97      1.59      1.13      1.37
     16.      4.08      1.62      1.43      2.02      1.44       .88
     20.      4.33      2.91      1.29      2.90      2.21       .93
     24.      4.85      4.36      1.38      3.79      2.05      1.67
    120.       .03     11.72     11.38       .00       .00       .01
   
   
           Mean Fraction of Variance of Levels Due 
          to Innovation in All Permanent Components 
   
   Horizon    vble#1    vbl#2  . . .  
   
      1.     19.98     21.85      1.20     84.06     29.62     63.19
      4.     26.36     27.75     17.72     81.87     17.80     52.72
      8.     40.39     35.70     29.73     71.48     13.45     52.40
     12.     54.35     47.87     41.31     71.20     20.35     65.81
     16.     58.54     56.64     42.77     70.34     26.74     73.01
     20.     60.44     63.42     44.93     71.05     29.45     77.79
     24.     63.14     68.30     46.49     73.24     35.58     80.17
    120.     99.97     92.37     92.44    100.00    100.00     99.99
   
   
           SDev Fraction of Variance of Levels Due 
          to Innovation in All Permanent Components 
   
   Horizon    vble#1    vbl#2  . . .  
   
      1.      1.98       .56       .09       .02      3.29      1.30
      4.       .89       .28       .97       .98      1.90      1.25
      8.      1.46       .59       .61      1.46      1.30      1.16
     12.      2.27       .91       .19      1.42       .96       .97
     16.      2.39      1.28       .40      1.41      1.25       .74
     20.      2.39      2.06       .27      1.83      1.30       .90
     24.      2.66      3.01       .12      2.31       .72      1.19
    120.       .01      8.90      8.51       .00       .00       .00
   


          NORMAL COMPLETION OF JOB
                    HALT AT    0
                        0 ERRORS        0 WARNINGS
