 RATS Version 3.03. 10/20/89
 Copyright (c) 1986-89 by VAR Econometrics
 Portions (c) 1988 by Doan Associates
 * PLTDCP.rts    JHS 7/5/89
 *  computes, then plots historical decompositions (forecast error
 *  decompositions), six-variable models
 *    for KPSW2,k figs 4a and 4b
 *
 ******* Figure 3, Historical Decomp of private GNP *************
 *
 *  This program reads in the VAR-residuals, permananent shocks
 *   and IRF's to form the decomposition of the fh-ahead forecast
 *   decomposition
 *
 ieval fh = 12   ;* forecast horizon
 ieval nv = 6
 ieval nk = 3
 *
 ieval nimpr=32
 cal 47 1 4
 all 2*nv+4*nv*nv+nk 88:4
 *
 *env graphic=gprinter
 *open plot dcmp6u_6.plt
 open copy dcmp6u_6.asc
 *
 ieval istr1 = 1; ieval istr2 = nk
 ieval ieps1 = istr2+1; ieval ieps2 = ieps1+nv-1
 ieval irfl1 = ieps2+1; ieval irfl2 = irfl1+(nk*nv)-1
 ieval irfel1 = irfl2+1; ieval irfel2 = irfel1+(nv*nv)-1
 ieval idcmp1 = irfel2+2 ; ieval idcmp2 = idcmp1+nk-1
 *
 * Note: Labels are model specific
 *
 *   labels for model 5k
 *
 labels idcmp1 to idcmp2
 # 'Real Sh' 'Infl sh' 'Int sh'
 *
 *
 ieval n1=(54:1) ; ieval n2=(88:4)
 *dis(unit=copy) n1+fh n2
 *dis(unit=copy) ' '
 open data prms6u_6.asc
 data(for=free,org=obs) n1 n2 istr1 to istr2
 close data
 open data prme6u_6.asc
 data(for=free,org=obs) n1 n2 ieps1 to ieps2
 close data
 open data irfe6u_6.asc
 135529 do i=1 ,nv
 135542  data(for=free,org=obs) 1 nimpr tr (irfel1+(i-1)*nv+1) to $
 135576                         (irfel1+(i-1)*nv+nv)
 135591 end do i
 close data
 open data irfl6u_6.asc
 135941 do i=1 ,nk
 135954  data(for=free,org=obs) 1 nimpr tr (irfl1+(i-1)*nv+1) to $
 135988                         (irfl1+(i-1)*nv+nv)
 136003 end do i
 close data
 *
 **********************************************************
 * Calculate Contributions to fh-quarter ahead forecasts
 **********************************************************
 *open data \kpsw1\data\kpsw.rat
 * data(for=rats) 51:1 85:4 bcturnpt
 * close data
 * zer bcdates
 * set bcdates 51:1 85:4 = (bcturnpt(t).ne.0)
 *def graph(key=none,min=-.1,max=.1,dates,grid=bcdates)
 *def graph(key=none,dates)
 *grparm(vertical) 17 .23 25 .05  ;* for 2-panel graph
 *grparm(vertical) 17 .17 25 .03   ;* for 3-panel graph
 135941 do n = 1,nv
 135954 *
 135954 zeros total
 135960 do j = 1,fh
 135973  do i = 1,nv
 135986   set total n1+fh n2 = total(t)+(irfel1+(i-1)*nv+n)(j)*(ieps1+i-1)(t+1-j
 136045  end do i
 136047 endo do j
 136049 *
 136049 * Components from structural errors
 136049 *
 136049 do i = 1,nk
 136062 zeros idcmp1+i-1
 136074  do j = 1,fh
 136087   set idcmp1+i-1 n1+fh n2 = (idcmp1+i-1)(t)+$
 136108                             (irfl1+(i-1)*nv+n)(j)*(istr1+i-1)(t+1-j)
 136159  end do i
 136161 end do j
 136163 set feres n1+fh n2 = total(t)
 136184 set feperm n1+fh n2 = 0.0
 136202 do i=idcmp1,(idcmp1+nk-1)
 136221  set feperm n1+fh n2 = feperm(t) + i(t)
 136249  set feres n1+fh n2 = feres(t) - i(t)
 136277 endo
 136279 print(dates) n1+fh n2 total idcmp1 to (idcmp1+nk-1) feres
 136314 copy(unit=copy,org=obs) n1+fh n2 total idcmp1 to (idcmp1+nk-1)
 136348 *dis(unit=copy) ' '
 136348 *
 136348 * ----- Graph format #1: one page per variable
 136348 *spgraph(vfields=fix(nk+1))
 136348 * do i=1,nk
 136348 *  gra 2 ;# total  n1+fh n2 ;#(idcmp1+i-1)   n1+fh n2
 136348 * end
 136348 * gra 2 ;# total  n1+fh n2 ;#feres n1+fh n2
 136348 *spgraph(done)
 136348 * ----- Graph format #2: nk decomps per page
 136348 * grparm  11 0.5 12 0.5 13 0.5 14 0.4 17 .17 25 .14
 136348 * ieval hf=n-fix(3.0*fix((n-1)/3))
 136348 * if hf .eq. 1
 136348 *  begin;
 136348 *   spgra(done);
 136348 *   spgra(vfields=(nk+1),hfields=3);
 136348 *  end
 136348 * do i=1,nk
 136348 *  gra 2 hf i ;#total n1+fh n2 ;#(idcmp1+i-1) n1+fh n2
 136348 * endo
 136348 * gra 2 hf nk+1 ;# total  n1+fh n2 ;#feperm n1+fh n2
 136348 endo n;


  ENTRY        TOTAL   161     Real Sh  65     Infl sh  66     Int sh   67
      57: 1     .219895E-01     .617910E-02     .190249E-02     .901545E-02
      57: 2     .110747E-01    -.442958E-02     .296129E-02     .553472E-02
      57: 3     .480290E-02    -.143150E-01     .942257E-03     .583641E-02
      57: 4    -.254917E-01    -.235062E-01     .987209E-03     .164968E-02
      58: 1    -.593783E-01    -.194767E-01    -.349150E-02    -.208561E-01
      58: 2    -.663902E-01    -.263013E-01    -.320731E-02    -.159638E-01
      58: 3    -.425108E-01    -.245361E-01     .234420E-02    -.569467E-02
      58: 4    -.270494E-01    -.254530E-01     .396177E-02     .192511E-02
      59: 1    -.116491E-01    -.187564E-01     .214701E-02     .335930E-02
      59: 2     .226065E-01    -.674247E-02     .271379E-02     .125271E-01
      59: 3     .122676E-01    -.235852E-02    -.498889E-03     .495842E-02
      59: 4     .202117E-01    -.325206E-02     .434172E-02     .985420E-02
      60: 1     .192524E-01    -.606695E-02    -.876079E-03     .864998E-02
      60: 2     .679535E-02     .222593E-02    -.391768E-02    -.413358E-04
      60: 3     .426794E-02     .416476E-02    -.215269E-02    -.955858E-02
      60: 4    -.204904E-01     .818383E-02    -.549725E-02    -.246460E-01
      61: 1    -.304773E-01     .124549E-01    -.485433E-02    -.306643E-01
      61: 2    -.214764E-01     .272097E-02    -.465434E-02    -.114983E-01
      61: 3    -.393260E-02     .787838E-02    -.463529E-02    -.176879E-02
      61: 4     .161679E-01     .148045E-01     .148906E-02     .294101E-02
      62: 1     .147426E-01     .909492E-02    -.139409E-02     .668475E-02
      62: 2     .285986E-01     .235034E-01     .339930E-02     .847630E-02
      62: 3     .200608E-01     .258456E-01     .332291E-02     .205263E-02
      62: 4     .131843E-01     .280930E-01     .368457E-02     .366782E-02
      63: 1     .327819E-01     .437247E-01     .336181E-02     .789205E-02
      63: 2     .152917E-01     .261047E-01     .804651E-03     .135179E-01
      63: 3     .128923E-01     .249370E-01     .642613E-03     .824889E-02
      63: 4     .116267E-01     .333515E-01     .363686E-02    -.480485E-03
      64: 1     .246325E-01     .254135E-01     .602550E-03     .104628E-01
      64: 2     .282673E-01     .239616E-01    -.128261E-05     .178315E-01
      64: 3     .363180E-01     .315017E-01    -.463214E-02     .164140E-01
      64: 4     .287705E-01     .330449E-01    -.516214E-02     .156049E-01
      65: 1     .439743E-01     .351486E-01    -.463346E-02     .185812E-01
      65: 2     .372209E-01     .299900E-01    -.510983E-03     .836612E-02
      65: 3     .445701E-01     .306584E-01     .472266E-02     .354708E-02
      65: 4     .498420E-01     .242290E-01     .486408E-02     .105511E-01
      66: 1     .659828E-01     .280817E-01     .671979E-02     .166224E-01
      66: 2     .565824E-01     .272024E-01     .152260E-02     .163759E-01
      66: 3     .552702E-01     .337080E-01     .320614E-02     .103380E-01
      66: 4     .434165E-01     .315237E-01    -.544781E-03    -.150826E-02
      67: 1     .259300E-01     .184649E-01    -.326407E-02    -.151529E-02
      67: 2     .135712E-01     .127107E-01    -.225709E-02    -.714010E-02
      67: 3     .149332E-01     .125611E-01    -.450680E-02    -.328531E-02
      67: 4     .580506E-02     .110167E-01    -.139511E-02    -.212050E-02
      68: 1     .184553E-01     .210070E-01    -.239655E-02     .107870E-01
      68: 2     .219059E-01     .202567E-01     .565963E-02     .112491E-01
      68: 3     .198078E-01     .152141E-01     .963631E-02     .960818E-02
      68: 4     .765313E-02     .126006E-01     .749279E-02     .766562E-02
      69: 1     .264416E-01     .221770E-01     .971653E-02     .459296E-02
      69: 2     .185310E-01     .191378E-01     .646205E-02    -.701789E-03
      69: 3     .286374E-01     .219304E-01     .749740E-02    -.113043E-02
      69: 4     .264452E-02     .712290E-02     .519410E-02    -.553526E-02
      70: 1    -.239209E-01    -.124983E-01    -.526337E-03    -.439816E-03
      70: 2    -.447181E-01    -.252549E-01    -.206930E-02    -.832705E-02
      70: 3    -.398112E-01    -.312527E-01    -.773466E-02     .197228E-02
      70: 4    -.538314E-01    -.300404E-01    -.107588E-01    -.943178E-02
      71: 1    -.798698E-02    -.159628E-01    -.174022E-02    -.992749E-02
      71: 2    -.252499E-01    -.249816E-01     .533094E-02    -.178058E-01
      71: 3    -.318456E-01    -.257463E-01     .129540E-01    -.229982E-01
      71: 4    -.322541E-01    -.136560E-01     .167516E-01    -.349095E-01
      72: 1    -.239866E-01    -.133631E-01     .131312E-01    -.349934E-01
      72: 2     .351002E-02    -.642904E-03     .966502E-02    -.142956E-01
      72: 3     .203366E-01     .105329E-01     .236341E-02     .135431E-02
      72: 4     .357264E-01     .153556E-01    -.620337E-03     .186336E-01
      73: 1     .674853E-01     .329252E-01     .280214E-02     .350759E-01
      73: 2     .510531E-01     .322298E-01     .160271E-03     .279607E-01
      73: 3     .404687E-01     .243957E-01     .212821E-02     .329647E-01
      73: 4     .218381E-01     .161898E-01    -.171110E-02     .101673E-01
      74: 1    -.562110E-03     .537882E-02     .508621E-03    -.356420E-02
      74: 2    -.222910E-01    -.945575E-03     .246751E-02    -.224852E-01
      74: 3    -.443413E-01    -.669063E-02     .304344E-04    -.347481E-01
      74: 4    -.646812E-01    -.160710E-01    -.966516E-03    -.451939E-01
      75: 1    -.846667E-01    -.124353E-01    -.534188E-03    -.572641E-01
      75: 2    -.668511E-01    -.214031E-01     .292850E-02    -.343003E-01
      75: 3    -.548331E-01    -.315694E-01     .409766E-02    -.175272E-01
      75: 4    -.503534E-01    -.363536E-01     .402656E-02    -.279113E-02
      76: 1    -.293921E-01    -.337096E-01     .421397E-02     .862399E-02
      76: 2    -.250629E-01    -.298218E-01    -.637546E-03     .157315E-01
      76: 3    -.208985E-01    -.288975E-01    -.353195E-02     .288082E-01
      76: 4    -.265501E-01    -.267590E-01    -.880771E-02     .252222E-01
      77: 1    -.154551E-01    -.223986E-01    -.338742E-02     .217842E-01
      77: 2    -.150672E-01    -.149684E-01     .306612E-02     .675065E-02
      77: 3     .122367E-01     .861688E-02     .577759E-02    -.262324E-02
      77: 4    -.128919E-01    -.529503E-03     .809472E-02    -.118498E-01
      78: 1    -.263339E-02     .126739E-01     .275761E-02    -.124369E-01
      78: 2     .539781E-02    -.810347E-02    -.227880E-02     .763076E-02
      78: 3     .595954E-02    -.983102E-02    -.326008E-02     .125277E-01
      78: 4     .121146E-01    -.182893E-01    -.177288E-02     .190355E-01
      79: 1     .255073E-02    -.303817E-01     .338791E-02     .242214E-01
      79: 2    -.142177E-01    -.450669E-01     .307288E-02     .241274E-01
      79: 3     .607137E-02    -.369480E-01     .498931E-02     .327938E-01
      79: 4    -.137170E-01    -.442014E-01     .563370E-02     .348608E-01
      80: 1    -.607173E-02    -.370218E-01     .198334E-02     .399676E-01
      80: 2    -.201451E-01    -.182131E-01    -.403040E-02     .600787E-03
      80: 3    -.240074E-01    -.257073E-01    -.593597E-02     .711298E-03
      80: 4    -.134791E-01    -.220955E-01    -.593876E-02     .696793E-02
      81: 1     .105127E-01    -.196523E-01     .928941E-03     .163287E-01
      81: 2     .195080E-01    -.731593E-02     .119495E-02     .241060E-01
      81: 3     .161893E-01    -.117578E-02     .432027E-02     .239674E-01
      81: 4    -.338736E-02     .118480E-02     .326246E-02     .223335E-02
      82: 1    -.293414E-01     .236262E-02    -.102962E-02    -.161255E-01
      82: 2    -.396148E-01     .107214E-02    -.475668E-02    -.335681E-01
      82: 3    -.653870E-01    -.108920E-01    -.100992E-01    -.383578E-01
      82: 4    -.670043E-01    -.785150E-02    -.743509E-02    -.552136E-01
      83: 1    -.581502E-01    -.951914E-02    -.106567E-01    -.388186E-01
      83: 2    -.645082E-01    -.203779E-01    -.466674E-02    -.500047E-01
      83: 3    -.416664E-01    -.113264E-01    -.588300E-02    -.359392E-01
      83: 4    -.731801E-02     .190812E-02    -.556537E-02    -.200756E-01
      84: 1     .281052E-02    -.856150E-02    -.416353E-02     .484523E-04
      84: 2     .671623E-02    -.931861E-02    -.665625E-02     .490214E-02
      84: 3    -.458580E-02    -.173799E-01    -.203496E-02     .686098E-02
      84: 4    -.253218E-01    -.249426E-01    -.711043E-03    -.692401E-03
      85: 1    -.206863E-01    -.238494E-01    -.135962E-02     .299353E-02
      85: 2    -.342405E-01    -.238370E-01     .363092E-02    -.160953E-01
      85: 3    -.328690E-01    -.165550E-01    -.126785E-03    -.176259E-01
      85: 4    -.291117E-01    -.115058E-01     .159753E-02    -.185301E-01
      86: 1    -.138498E-01    -.143567E-01    -.669734E-03    -.104523E-01
      86: 2    -.801585E-02    -.325477E-02    -.358238E-02    -.105980E-01
      86: 3    -.744144E-02     .412277E-02    -.179696E-02    -.208385E-01
      86: 4     .289703E-03     .241869E-01    -.557051E-03    -.334228E-01
      87: 1     .206061E-01     .271596E-01     .437418E-03    -.338948E-01
      87: 2     .251045E-01     .245070E-01     .291439E-02    -.310838E-01
      87: 3     .283319E-01     .291429E-01    -.342852E-02    -.185364E-01
      87: 4     .137959E-01     .550827E-02    -.573147E-02    -.621175E-02
      88: 1     .165379E-01    -.220632E-02    -.459538E-02     .816429E-02
      88: 2     .177971E-01     .586074E-02    -.818875E-02     .110389E-01
      88: 3     .262667E-01     .951643E-02    -.823017E-03     .208691E-01
      88: 4     .383637E-01     .194071E-01    -.425947E-03     .266632E-01


  ENTRY        FERES   162
      57: 1     .489250E-02
      57: 2     .700824E-02
      57: 3     .123392E-01
      57: 4    -.462239E-02
      58: 1    -.155539E-01
      58: 2    -.209178E-01
      58: 3    -.146243E-01
      58: 4    -.748328E-02
      59: 1     .160099E-02
      59: 2     .141081E-01
      59: 3     .101665E-01
      59: 4     .926785E-02
      60: 1     .175454E-01
      60: 2     .852844E-02
      60: 3     .118145E-01
      60: 4     .146908E-02
      61: 1    -.741357E-02
      61: 2    -.804470E-02
      61: 3    -.540689E-02
      61: 4    -.306667E-02
      62: 1     .357037E-03
      62: 2    -.678043E-02
      62: 3    -.111603E-01
      62: 4    -.222612E-01
      63: 1    -.221967E-01
      63: 2    -.251356E-01
      63: 3    -.209362E-01
      63: 4    -.248811E-01
      64: 1    -.118463E-01
      64: 2    -.135245E-01
      64: 3    -.696565E-02
      64: 4    -.147172E-01
      65: 1    -.512205E-02
      65: 2    -.624304E-03
      65: 3     .564192E-02
      65: 4     .101978E-01
      66: 1     .145589E-01
      66: 2     .114814E-01
      66: 3     .801800E-02
      66: 4     .139458E-01
      67: 1     .122445E-01
      67: 2     .102577E-01
      67: 3     .101641E-01
      67: 4    -.169608E-02
      68: 1    -.109421E-01
      68: 2    -.152596E-01
      68: 3    -.146508E-01
      68: 4    -.201059E-01
      69: 1    -.100449E-01
      69: 2    -.636703E-02
      69: 3     .339980E-03
      69: 4    -.413721E-02
      70: 1    -.104564E-01
      70: 2    -.906684E-02
      70: 3    -.279612E-02
      70: 4    -.360046E-02
      71: 1     .196435E-01
      71: 2     .122065E-01
      71: 3     .394486E-02
      71: 4    -.440155E-03
      72: 1     .112387E-01
      72: 2     .878350E-02
      72: 3     .608602E-02
      72: 4     .235758E-02
      73: 1    -.331795E-02
      73: 2    -.929773E-02
      73: 3    -.190199E-01
      73: 4    -.280790E-02
      74: 1    -.288535E-02
      74: 2    -.132774E-02
      74: 3    -.293302E-02
      74: 4    -.244976E-02
      75: 1    -.144331E-01
      75: 2    -.140762E-01
      75: 3    -.983417E-02
      75: 4    -.152352E-01
      76: 1    -.852046E-02
      76: 2    -.103351E-01
      76: 3    -.172773E-01
      76: 4    -.162056E-01
      77: 1    -.114532E-01
      77: 2    -.991554E-02
      77: 3     .465436E-03
      77: 4    -.860732E-02
      78: 1    -.562799E-02
      78: 2     .814932E-02
      78: 3     .652294E-02
      78: 4     .131412E-01
      79: 1     .532311E-02
      79: 2     .364895E-02
      79: 3     .523623E-02
      79: 4    -.100101E-01
      80: 1    -.110009E-01
      80: 2     .149762E-02
      80: 3     .692456E-02
      80: 4     .758725E-02
      81: 1     .129073E-01
      81: 2     .152298E-02
      81: 3    -.109226E-01
      81: 4    -.100680E-01
      82: 1    -.145489E-01
      82: 2    -.236214E-02
      82: 3    -.603809E-02
      82: 4     .349585E-02
      83: 1     .844235E-03
      83: 2     .105412E-01
      83: 3     .114822E-01
      83: 4     .164149E-01
      84: 1     .154871E-01
      84: 2     .177889E-01
      84: 3     .796809E-02
      84: 4     .102420E-02
      85: 1     .152917E-02
      85: 2     .206081E-02
      85: 3     .143866E-02
      85: 4    -.673263E-03
      86: 1     .116290E-01
      86: 2     .941928E-02
      86: 3     .110713E-01
      86: 4     .100826E-01
      87: 1     .269039E-01
      87: 2     .287669E-01
      87: 3     .211539E-01
      87: 4     .202308E-01
      88: 1     .151754E-01
      88: 2     .908621E-02
      88: 3    -.329580E-02
      88: 4    -.728063E-02





  ENTRY        TOTAL   161     Real Sh  65     Infl sh  66     Int sh   67
      57: 1     .571230E-02     .382017E-02     .455796E-03    -.907475E-03
      57: 2    -.623046E-03    -.357216E-02     .236690E-02    -.214441E-02
      57: 3    -.579613E-02    -.126951E-01     .122286E-02    -.106725E-02
      57: 4    -.152363E-01    -.199055E-01     .967497E-03    -.359812E-02
      58: 1    -.261652E-01    -.151265E-01    -.158729E-02    -.124802E-01
      58: 2    -.239343E-01    -.185928E-01    -.136733E-02    -.662539E-02
      58: 3    -.132902E-01    -.158746E-01     .117669E-02    -.328800E-02
      58: 4    -.143512E-01    -.185102E-01     .176304E-02    -.839546E-03
      59: 1    -.298376E-02    -.143359E-01    -.225597E-02     .109554E-02
      59: 2     .162129E-01    -.472196E-02     .593344E-03     .387296E-02
      59: 3     .208611E-01    -.185494E-02     .854371E-03     .398850E-03
      59: 4     .167068E-01    -.132576E-02     .153666E-02     .418971E-02
      60: 1     .544403E-02    -.493330E-02    -.433815E-03     .156207E-02
      60: 2     .152889E-01     .119699E-02    -.593854E-03    -.294461E-02
      60: 3     .813435E-02     .651822E-02    -.154549E-02    -.523375E-02
      60: 4    -.234159E-03     .788122E-02    -.793043E-03    -.107133E-01
      61: 1    -.834311E-02     .984074E-02    -.196471E-02    -.112020E-01
      61: 2    -.355922E-02     .434494E-02     .579096E-04    -.213637E-02
      61: 3    -.575929E-02     .887319E-02    -.181811E-02     .604476E-03
      61: 4     .102138E-01     .127345E-01     .567360E-03     .320065E-02
      62: 1     .831036E-02     .830208E-02     .672389E-03     .508891E-02
      62: 2     .173499E-01     .204803E-01     .134073E-02     .469115E-02
      62: 3     .113374E-01     .211764E-01     .278731E-02     .205247E-02
      62: 4     .148636E-01     .212765E-01     .171242E-02     .236122E-02
      63: 1     .242689E-01     .356351E-01     .102069E-02     .322096E-02
      63: 2    -.348402E-03     .213629E-01     .356943E-03     .540060E-02
      63: 3     .264559E-02     .195188E-01     .245473E-03     .156994E-02
      63: 4     .209488E-02     .254693E-01     .318593E-03    -.188204E-02
      64: 1     .808734E-02     .211555E-01     .583079E-03     .370918E-02
      64: 2     .146248E-01     .212457E-01    -.124891E-02     .507882E-02
      64: 3     .263571E-01     .262409E-01    -.155663E-02     .411421E-02
      64: 4     .142349E-01     .267506E-01    -.219068E-02     .326363E-02
      65: 1     .194999E-01     .277669E-01    -.228903E-02     .320099E-02
      65: 2     .156721E-01     .218940E-01    -.952527E-03    -.128862E-02
      65: 3     .247339E-01     .239638E-01     .108446E-02    -.215972E-02
      65: 4     .340176E-01     .206099E-01     .141945E-02     .229441E-03
      66: 1     .395505E-01     .228126E-01     .780473E-03     .178327E-02
      66: 2     .361693E-01     .187962E-01     .203629E-02     .136269E-02
      66: 3     .394959E-01     .236972E-01     .204248E-02    -.760649E-03
      66: 4     .327228E-01     .232176E-01     .354162E-03    -.598479E-02
      67: 1     .223097E-01     .164408E-01    -.189835E-02    -.451483E-02
      67: 2     .167777E-01     .139070E-01    -.107843E-02    -.617389E-02
      67: 3     .791776E-02     .130653E-01    -.154215E-02    -.475667E-02
      67: 4     .207338E-02     .846347E-02    -.315172E-02    -.355686E-02
      68: 1     .187792E-01     .138498E-01    -.188841E-02     .241276E-02
      68: 2     .199180E-01     .140780E-01     .105219E-02     .124389E-02
      68: 3     .249007E-01     .136985E-01     .267593E-02     .840973E-03
      68: 4     .135529E-01     .945533E-02    -.192326E-03     .236114E-03
      69: 1     .220159E-01     .134664E-01     .219061E-02    -.784972E-03
      69: 2     .206562E-01     .105869E-01     .309610E-02    -.280973E-02
      69: 3     .206095E-01     .126311E-01    -.568362E-04    -.309725E-02
      69: 4     .967378E-02     .224405E-02     .138202E-03    -.494169E-02
      70: 1    -.471820E-02    -.111808E-01     .509075E-03    -.203858E-02
      70: 2    -.216083E-01    -.207737E-01    -.313949E-02    -.529570E-02
      70: 3    -.212515E-01    -.238707E-01    -.516104E-02     .656659E-03
      70: 4    -.270481E-01    -.217689E-01    -.599759E-02    -.519230E-02
      71: 1    -.107670E-01    -.957626E-02    -.259278E-02    -.393256E-02
      71: 2    -.213895E-01    -.165336E-01    -.156467E-02    -.587964E-02
      71: 3    -.290896E-01    -.168298E-01     .125726E-02    -.788768E-02
      71: 4    -.162510E-01    -.652684E-02     .406725E-02    -.115866E-01
      72: 1    -.163927E-01    -.759112E-02     .425949E-02    -.889250E-02
      72: 2    -.208328E-02    -.374658E-03     .209460E-02    -.140292E-04
      72: 3     .867554E-02     .908542E-02     .883423E-03     .589346E-02
      72: 4     .230666E-01     .124963E-01    -.199064E-02     .125295E-01
      73: 1     .359874E-01     .247888E-01    -.189858E-02     .170401E-01
      73: 2     .167153E-01     .216547E-01    -.300248E-02     .119704E-01
      73: 3     .819996E-02     .152696E-01    -.379943E-02     .133932E-01
      73: 4    -.105154E-01     .104587E-01    -.352487E-02     .220916E-02
      74: 1    -.320605E-01     .290763E-02    -.167819E-02    -.416884E-02
      74: 2    -.363085E-01    -.217692E-02     .262549E-03    -.107832E-01
      74: 3    -.355210E-01    -.821857E-02    -.629322E-03    -.143259E-01
      74: 4    -.604159E-01    -.182291E-01    -.245225E-02    -.171941E-01
      75: 1    -.494184E-01    -.128883E-01    -.416468E-03    -.190843E-01
      75: 2    -.370765E-01    -.174038E-01     .728390E-03    -.649320E-02
      75: 3    -.338764E-01    -.210530E-01     .375057E-03     .500241E-03
      75: 4    -.363397E-01    -.277491E-01     .725168E-03     .619598E-02
      76: 1    -.209381E-01    -.256952E-01     .261811E-02     .109107E-01
      76: 2    -.163097E-01    -.205094E-01    -.336578E-03     .125755E-01
      76: 3    -.115137E-01    -.193337E-01    -.202804E-02     .158644E-01
      76: 4    -.838434E-02    -.192813E-01    -.255762E-02     .127867E-01
      77: 1     .244410E-02    -.150754E-01    -.161723E-02     .891258E-02
      77: 2    -.894213E-02    -.139164E-01    -.145037E-02     .161502E-02
      77: 3     .301793E-02     .116506E-02     .132739E-02    -.128481E-02
      77: 4     .368432E-02    -.252634E-02     .227655E-02    -.553036E-02
      78: 1     .480929E-02     .938302E-02     .207050E-02    -.474337E-02
      78: 2    -.164760E-02    -.101959E-01    -.173204E-02     .329546E-02
      78: 3    -.154707E-02    -.131830E-01     .115783E-03     .383726E-02
      78: 4    -.710996E-03    -.162494E-01    -.350488E-03     .708115E-02
      79: 1    -.106170E-01    -.241758E-01    -.560372E-03     .817765E-02
      79: 2    -.240888E-01    -.346863E-01    -.150103E-02     .635884E-02
      79: 3    -.138161E-01    -.254970E-01     .560730E-04     .100638E-01
      79: 4    -.229915E-01    -.319304E-01     .265086E-02     .847382E-02
      80: 1    -.282705E-01    -.297276E-01     .906503E-03     .847763E-02
      80: 2    -.333298E-01    -.124735E-01    -.104851E-02    -.909343E-02
      80: 3    -.300083E-01    -.163997E-01    -.260769E-02    -.547202E-02
      80: 4    -.271024E-01    -.173307E-01    -.180270E-02    -.326541E-02
      81: 1    -.226092E-01    -.174608E-01    -.216997E-02    -.113465E-02
      81: 2    -.185487E-01    -.523107E-02     .820755E-03     .273213E-02
      81: 3    -.182705E-01    -.118401E-02     .548606E-03     .222554E-02
      81: 4    -.258412E-01     .373455E-03     .207338E-02    -.875678E-02
      82: 1    -.261600E-01     .171784E-02     .753409E-03    -.109110E-01
      82: 2    -.315237E-01     .497939E-03     .928713E-03    -.175447E-01
      82: 3    -.374437E-01    -.928591E-02    -.114221E-02    -.191012E-01
      82: 4    -.280471E-01    -.673402E-02    -.836442E-03    -.213712E-01
      83: 1    -.278879E-01    -.676049E-02    -.270170E-02    -.122365E-01
      83: 2    -.309571E-01    -.156020E-01    -.768716E-03    -.162197E-01
      83: 3    -.176410E-01    -.114032E-01     .840540E-03    -.706829E-02
      83: 4    -.189045E-02    -.180312E-02     .508546E-03     .496463E-03
      84: 1    -.936550E-02    -.998894E-02     .436923E-03     .926075E-02
      84: 2    -.224038E-04    -.809082E-02     .185019E-02     .936509E-02
      84: 3    -.962130E-02    -.137738E-01     .170374E-02     .996073E-02
      84: 4    -.174967E-01    -.177987E-01     .229348E-02     .589962E-02
      85: 1    -.116030E-01    -.132510E-01     .132270E-02     .570949E-02
      85: 2    -.147318E-01    -.156395E-01     .304421E-02    -.248012E-02
      85: 3    -.335414E-02    -.123805E-01     .214431E-02    -.139256E-02
      85: 4    -.455445E-02    -.815260E-02     .744243E-03    -.250439E-02
      86: 1     .336262E-02    -.101816E-01     .255152E-02     .113659E-02
      86: 2     .178628E-01     .932126E-03    -.732762E-03     .133674E-02
      86: 3     .321638E-01     .646129E-02    -.181197E-02    -.342993E-02
      86: 4     .385282E-01     .183635E-01     .655437E-03    -.695619E-02
      87: 1     .410537E-01     .189567E-01     .104026E-02    -.499787E-02
      87: 2     .432135E-01     .185339E-01     .421013E-03    -.340854E-02
      87: 3     .493316E-01     .211397E-01     .123228E-03     .152469E-02
      87: 4     .204080E-01     .291504E-02    -.813141E-03     .612020E-02
      88: 1     .201012E-01    -.964629E-03    -.439211E-03     .113919E-01
      88: 2     .229936E-01     .581777E-02    -.187949E-02     .115893E-01
      88: 3     .272384E-01     .508930E-02     .485790E-03     .141767E-01
      88: 4     .430335E-01     .133546E-01     .230254E-02     .147106E-01


  ENTRY        FERES   162
      57: 1     .234381E-02
      57: 2     .272663E-02
      57: 3     .674336E-02
      57: 4     .729977E-02
      58: 1     .302873E-02
      58: 2     .265125E-02
      58: 3     .469571E-02
      58: 4     .323552E-02
      59: 1     .125125E-01
      59: 2     .164686E-01
      59: 3     .214628E-01
      59: 4     .123061E-01
      60: 1     .924908E-02
      60: 2     .176304E-01
      60: 3     .839537E-02
      60: 4     .339095E-02
      61: 1    -.501709E-02
      61: 2    -.582569E-02
      61: 3    -.134188E-01
      61: 4    -.628868E-02
      62: 1    -.575301E-02
      62: 2    -.916228E-02
      62: 3    -.146788E-01
      62: 4    -.104866E-01
      63: 1    -.156079E-01
      63: 2    -.274689E-01
      63: 3    -.186887E-01
      63: 4    -.218110E-01
      64: 1    -.173604E-01
      64: 2    -.104508E-01
      64: 3    -.244136E-02
      64: 4    -.135887E-01
      65: 1    -.917890E-02
      65: 2    -.398082E-02
      65: 3     .184530E-02
      65: 4     .117587E-01
      66: 1     .141742E-01
      66: 2     .139742E-01
      66: 3     .145169E-01
      66: 4     .151358E-01
      67: 1     .122821E-01
      67: 2     .101230E-01
      67: 3     .115129E-02
      67: 4     .318495E-03
      68: 1     .440505E-02
      68: 2     .354385E-02
      68: 3     .768526E-02
      68: 4     .405376E-02
      69: 1     .714386E-02
      69: 2     .978286E-02
      69: 3     .111325E-01
      69: 4     .122332E-01
      70: 1     .799211E-02
      70: 2     .760064E-02
      70: 3     .712361E-02
      70: 4     .591064E-02
      71: 1     .533462E-02
      71: 2     .258842E-02
      71: 3    -.562938E-02
      71: 4    -.220481E-02
      72: 1    -.416853E-02
      72: 2    -.378919E-02
      72: 3    -.718677E-02
      72: 4     .313925E-04
      73: 1    -.394295E-02
      73: 2    -.139074E-01
      73: 3    -.166634E-01
      73: 4    -.196584E-01
      74: 1    -.291211E-01
      74: 2    -.236108E-01
      74: 3    -.123473E-01
      74: 4    -.225405E-01
      75: 1    -.170293E-01
      75: 2    -.139078E-01
      75: 3    -.136987E-01
      75: 4    -.155117E-01
      76: 1    -.877173E-02
      76: 2    -.803922E-02
      76: 3    -.601637E-02
      76: 4     .667871E-03
      77: 1     .102241E-01
      77: 2     .480963E-02
      77: 3     .181029E-02
      77: 4     .946447E-02
      78: 1    -.190085E-02
      78: 2     .698490E-02
      78: 3     .768285E-02
      78: 4     .880774E-02
      79: 1     .594147E-02
      79: 2     .573973E-02
      79: 3     .156099E-02
      79: 4    -.218582E-02
      80: 1    -.792706E-02
      80: 2    -.107144E-01
      80: 3    -.552895E-02
      80: 4    -.470358E-02
      81: 1    -.184378E-02
      81: 2    -.168706E-01
      81: 3    -.198606E-01
      81: 4    -.195313E-01
      82: 1    -.177202E-01
      82: 2    -.154056E-01
      82: 3    -.791440E-02
      82: 4     .894535E-03
      83: 1    -.618923E-02
      83: 2     .163334E-02
      83: 3    -.100093E-04
      83: 4    -.109234E-02
      84: 1    -.907423E-02
      84: 2    -.314687E-02
      84: 3    -.751198E-02
      84: 4    -.789106E-02
      85: 1    -.538414E-02
      85: 2     .343587E-03
      85: 3     .827457E-02
      85: 4     .535830E-02
      86: 1     .985615E-02
      86: 2     .163267E-01
      86: 3     .309444E-01
      86: 4     .264655E-01
      87: 1     .260546E-01
      87: 2     .276671E-01
      87: 3     .265440E-01
      87: 4     .121859E-01
      88: 1     .101131E-01
      88: 2     .746604E-02
      88: 3     .748659E-02
      88: 4     .126657E-01





  ENTRY        TOTAL   161     Real Sh  65     Infl sh  66     Int sh   67
      57: 1     .696788E-03     .453297E-02     .448465E-02     .710872E-02
      57: 2    -.173079E-01    -.717115E-02     .381780E-02    -.341835E-02
      57: 3    -.140336E-01    -.158327E-01     .204222E-02     .188392E-03
      57: 4    -.360291E-01    -.326909E-01    -.474767E-02    -.751079E-02
      58: 1    -.858231E-01    -.333420E-01    -.528054E-02    -.433614E-01
      58: 2    -.122957        -.509505E-01     .193435E-02    -.386203E-01
      58: 3    -.118139        -.433818E-01     .568821E-02    -.256986E-01
      58: 4    -.693944E-01    -.358190E-01     .131966E-01    -.132813E-01
      59: 1    -.146663E-01    -.296018E-01     .131379E-01     .203998E-02
      59: 2     .378746E-01    -.899844E-02     .103852E-01     .168574E-01
      59: 3     .385555E-01    -.543199E-02     .114054E-01     .894152E-02
      59: 4     .233666E-01    -.868876E-02     .258486E-02     .223623E-01
      60: 1     .138156E-01    -.292475E-03    -.254595E-02     .138216E-01
      60: 2    -.218791E-01    -.424774E-02    -.124035E-01    -.286689E-02
      60: 3    -.424934E-01    -.465275E-02    -.178443E-01    -.866073E-02
      60: 4    -.624398E-01     .143712E-01    -.203745E-01    -.463590E-01
      61: 1    -.102080         .142781E-01    -.278595E-01    -.722833E-01
      61: 2    -.901508E-01    -.187443E-02    -.228045E-01    -.311583E-01
      61: 3    -.498506E-01     .934649E-02    -.180270E-01    -.549960E-02
      61: 4    -.115397E-01     .179487E-01    -.498352E-02     .113769E-01
      62: 1    -.101103E-01     .128556E-01    -.267708E-02     .212196E-01
      62: 2     .278591E-01     .322087E-01     .899061E-02     .201943E-01
      62: 3     .784377E-02     .390958E-01     .940820E-02     .124388E-01
      62: 4     .199938E-02     .407159E-01     .172485E-01     .173857E-01
      63: 1     .196821E-01     .625564E-01     .979811E-02     .205358E-01
      63: 2     .112445E-01     .381063E-01     .146167E-01     .248014E-01
      63: 3     .698299E-02     .397622E-01     .102750E-01     .111819E-01
      63: 4     .853834E-02     .513603E-01     .128760E-01    -.105974E-01
      64: 1     .194370E-01     .318041E-01     .299309E-02     .137911E-01
      64: 2     .258769E-01     .299499E-01    -.593486E-02     .309725E-01
      64: 3     .313990E-01     .438288E-01    -.149028E-01     .257101E-01
      64: 4     .203861E-01     .471429E-01    -.190814E-01     .252719E-01
      65: 1     .554215E-01     .587706E-01    -.667449E-02     .222369E-01
      65: 2     .637682E-01     .491695E-01    -.712157E-03     .998623E-02
      65: 3     .727331E-01     .426209E-01     .178287E-01    -.586257E-02
      65: 4     .735715E-01     .316189E-01     .181477E-01    -.838517E-03
      66: 1     .104562         .459140E-01     .212144E-01     .121575E-01
      66: 2     .962012E-01     .490046E-01     .153104E-01     .213591E-01
      66: 3     .844275E-01     .583569E-01     .495305E-02     .511367E-02
      66: 4     .285222E-01     .446641E-01     .152637E-02    -.178973E-01
      67: 1    -.486722E-02     .143854E-01    -.898890E-02    -.158189E-01
      67: 2     .464479E-02     .715925E-02    -.858698E-02    -.235786E-01
      67: 3     .394168E-02     .157684E-01    -.130007E-01    -.227075E-01
      67: 4     .226380E-01     .242376E-01    -.328635E-02    -.158730E-01
      68: 1     .556125E-01     .438184E-01     .101427E-01     .452027E-02
      68: 2     .264719E-01     .288011E-01     .238149E-01     .419517E-02
      68: 3     .249169E-01     .168574E-01     .381899E-01     .538169E-02
      68: 4     .500637E-01     .282609E-01     .444283E-01     .148353E-01
      69: 1     .713961E-01     .441252E-01     .437263E-01     .674689E-02
      69: 2     .630461E-01     .413414E-01     .430345E-01    -.489316E-02
      69: 3     .753244E-01     .423692E-01     .384746E-01    -.110475E-01
      69: 4     .120906E-01     .979346E-02     .248593E-01    -.222475E-01
      70: 1    -.336745E-01    -.148325E-01     .623410E-02    -.135367E-01
      70: 2    -.906520E-01    -.366505E-01    -.113701E-01    -.232712E-01
      70: 3    -.729118E-01    -.535685E-01    -.217233E-01    -.933352E-02
      70: 4    -.607779E-01    -.532287E-01    -.144972E-01    -.147339E-01
      71: 1    -.229137E-01    -.342628E-01     .327262E-02    -.173279E-01
      71: 2    -.960683E-02    -.453404E-01     .370081E-01    -.204063E-01
      71: 3    -.626146E-02    -.457824E-01     .584627E-01    -.423265E-01
      71: 4     .547889E-02    -.314909E-01     .641766E-01    -.587377E-01
      72: 1     .394426E-01    -.186806E-01     .601825E-01    -.600547E-01
      72: 2     .622392E-01     .263538E-02     .430175E-01    -.270903E-01
      72: 3     .764495E-01     .151568E-01     .320616E-01     .740291E-02
      72: 4     .120587         .234547E-01     .217324E-01     .428004E-01
      73: 1     .164667         .539747E-01     .233286E-01     .776504E-01
      73: 2     .126078         .603708E-01     .168519E-01     .667317E-01
      73: 3     .112829         .460705E-01     .126377E-01     .814305E-01
      73: 4     .571730E-01     .255456E-01     .952488E-02     .332227E-01
      74: 1     .132145E-01     .920369E-02     .790703E-02    -.151213E-02
      74: 2    -.224484E-01     .947305E-03     .510629E-02    -.344936E-01
      74: 3    -.558018E-01     .732060E-02     .625435E-03    -.695403E-01
      74: 4    -.128073        -.135938E-01     .301342E-02    -.925493E-01
      75: 1    -.166894        -.137802E-01     .760697E-02    -.110808    
      75: 2    -.143200        -.444439E-01     .135234E-01    -.652795E-01
      75: 3    -.114482        -.577043E-01     .199316E-01    -.263362E-01
      75: 4    -.100464        -.526994E-01     .156939E-01     .978858E-02
      76: 1    -.597875E-01    -.560573E-01     .868951E-02     .429026E-01
      76: 2    -.529107E-01    -.547086E-01    -.393132E-02     .510560E-01
      76: 3    -.464818E-01    -.475332E-01    -.173014E-01     .758332E-01
      76: 4    -.353058E-01    -.453275E-01    -.151977E-01     .678923E-01
      77: 1    -.119709E-01    -.328723E-01    -.569440E-02     .560284E-01
      77: 2     .343455E-02    -.765728E-03     .163894E-01     .260571E-01
      77: 3     .154083E-01     .206467E-01     .222825E-01     .292068E-02
      77: 4    -.164703E-01    -.616308E-03     .179728E-01    -.216727E-01
      78: 1    -.290132E-01     .211741E-01     .642719E-02    -.372064E-01
      78: 2    -.338072E-02     .696467E-04    -.129680E-02     .601506E-02
      78: 3     .945825E-02    -.424285E-02    -.185858E-02     .172898E-01
      78: 4     .622793E-02    -.263559E-01     .245869E-02     .301302E-01
      79: 1     .407449E-02    -.494771E-01     .164508E-01     .402372E-01
      79: 2    -.379382E-02    -.761802E-01     .194917E-01     .386866E-01
      79: 3     .356087E-01    -.660968E-01     .270029E-01     .596340E-01
      79: 4     .822801E-02    -.651643E-01     .111936E-01     .582608E-01
      80: 1    -.253525E-02    -.545256E-01     .518175E-02     .552990E-01
      80: 2    -.781142E-01    -.392398E-01    -.175526E-01    -.272979E-02
      80: 3    -.757999E-01    -.424787E-01    -.132166E-01    -.253269E-01
      80: 4    -.366877E-01    -.240246E-01    -.122167E-01    -.163378E-01
      81: 1     .580275E-03    -.267861E-01     .249633E-02    -.650225E-02
      81: 2     .372612E-01    -.973004E-02     .636380E-02     .253817E-01
      81: 3     .198754E-01    -.203455E-02     .718818E-02     .186448E-01
      81: 4    -.762846E-02    -.207805E-02     .283153E-02    -.115485E-01
      82: 1    -.556690E-01     .643464E-02    -.163856E-01    -.412788E-01
      82: 2    -.109784         .262963E-02    -.280695E-01    -.734054E-01
      82: 3    -.148659        -.159143E-01    -.446592E-01    -.894038E-01
      82: 4    -.120112        -.997185E-02    -.439983E-01    -.973259E-01
      83: 1    -.109902        -.178644E-01    -.421489E-01    -.795002E-01
      83: 2    -.135763        -.253505E-01    -.414476E-01    -.111426    
      83: 3    -.654924E-01    -.802215E-02    -.393236E-01    -.682785E-01
      83: 4     .253087E-02     .119857E-01    -.392949E-01    -.198101E-01
      84: 1     .103900E-01    -.791647E-02    -.379828E-01     .183896E-01
      84: 2     .535869E-01    -.172745E-01    -.294824E-01     .470168E-01
      84: 3     .417077E-01    -.276146E-01    -.256777E-01     .472170E-01
      84: 4    -.278266E-02    -.520701E-01    -.118083E-01     .274068E-01
      85: 1    -.746729E-02    -.501487E-01    -.757028E-02     .245800E-01
      85: 2    -.101755E-01    -.370882E-01    -.563882E-04    -.401888E-02
      85: 3    -.280729E-01    -.258991E-01    -.123560E-02    -.156450E-01
      85: 4    -.570063E-02    -.131291E-01    -.226557E-03    -.239302E-01
      86: 1    -.637546E-02    -.247979E-01    -.106846E-01    -.867158E-02
      86: 2     .789511E-02    -.189977E-01    -.694424E-02    -.105457E-05
      86: 3     .170479E-01     .348974E-02    -.566615E-02    -.197586E-01
      86: 4     .430439E-01     .457733E-01    -.114136E-02    -.382969E-01
      87: 1     .525290E-01     .421977E-01     .347446E-03    -.329524E-01
      87: 2     .552438E-01     .402505E-01    -.895580E-02    -.390088E-01
      87: 3     .877031E-01     .477791E-01    -.149745E-01    -.161616E-01
      87: 4     .497559E-01     .970591E-02    -.271392E-01     .111816E-01
      88: 1     .483376E-01    -.556593E-02    -.289933E-01     .383159E-01
      88: 2     .565255E-01     .940769E-02    -.218035E-01     .404205E-01
      88: 3     .751282E-01     .196996E-01    -.199653E-01     .583430E-01
      88: 4     .108210         .296274E-01    -.171722E-01     .739585E-01


  ENTRY        FERES   162
      57: 1    -.154296E-01
      57: 2    -.105362E-01
      57: 3    -.431495E-03
      57: 4     .892030E-02
      58: 1    -.383913E-02
      58: 2    -.353207E-01
      58: 3    -.547465E-01
      58: 4    -.334907E-01
      59: 1    -.242456E-03
      59: 2     .196305E-01
      59: 3     .236406E-01
      59: 4     .710823E-02
      60: 1     .283234E-02
      60: 2    -.236102E-02
      60: 3    -.113356E-01
      60: 4    -.100775E-01
      61: 1    -.162150E-01
      61: 2    -.343136E-01
      61: 3    -.356704E-01
      61: 4    -.358818E-01
      62: 1    -.415084E-01
      62: 2    -.335345E-01
      62: 3    -.530991E-01
      62: 4    -.733507E-01
      63: 1    -.732082E-01
      63: 2    -.662799E-01
      63: 3    -.542361E-01
      63: 4    -.451005E-01
      64: 1    -.291513E-01
      64: 2    -.291106E-01
      64: 3    -.232371E-01
      64: 4    -.329472E-01
      65: 1    -.189114E-01
      65: 2     .532463E-02
      65: 3     .181461E-01
      65: 4     .246434E-01
      66: 1     .252764E-01
      66: 2     .105270E-01
      66: 3     .160039E-01
      66: 4     .229020E-03
      67: 1     .555517E-02
      67: 2     .296511E-01
      67: 3     .238815E-01
      67: 4     .175597E-01
      68: 1    -.286885E-02
      68: 2    -.303393E-01
      68: 3    -.355121E-01
      68: 4    -.374609E-01
      69: 1    -.232023E-01
      69: 2    -.164366E-01
      69: 3     .552817E-02
      69: 4    -.314597E-03
      70: 1    -.115394E-01
      70: 2    -.193602E-01
      70: 3     .117135E-01
      70: 4     .216819E-01
      71: 1     .254044E-01
      71: 2     .191318E-01
      71: 3     .233847E-01
      71: 4     .315309E-01
      72: 1     .579954E-01
      72: 2     .436766E-01
      72: 3     .218282E-01
      72: 4     .325996E-01
      73: 1     .971278E-02
      73: 2    -.178767E-01
      73: 3    -.273097E-01
      73: 4    -.111202E-01
      74: 1    -.238406E-02
      74: 2     .599160E-02
      74: 3     .579243E-02
      74: 4    -.249433E-01
      75: 1    -.499121E-01
      75: 2    -.469999E-01
      75: 3    -.503730E-01
      75: 4    -.732470E-01
      76: 1    -.553223E-01
      76: 2    -.453267E-01
      76: 3    -.574804E-01
      76: 4    -.426729E-01
      77: 1    -.294326E-01
      77: 2    -.382462E-01
      77: 3    -.304416E-01
      77: 4    -.121541E-01
      78: 1    -.194080E-01
      78: 2    -.816863E-02
      78: 3    -.173012E-02
      78: 4    -.498940E-05
      79: 1    -.313645E-02
      79: 2     .142080E-01
      79: 3     .150686E-01
      79: 4     .393796E-02
      80: 1    -.849040E-02
      80: 2    -.185921E-01
      80: 3     .522229E-02
      80: 4     .158914E-01
      81: 1     .313723E-01
      81: 2     .152457E-01
      81: 3    -.392300E-02
      81: 4     .316659E-02
      82: 1    -.443921E-02
      82: 2    -.109383E-01
      82: 3     .131791E-02
      82: 4     .311838E-01
      83: 1     .296118E-01
      83: 2     .424611E-01
      83: 3     .501319E-01
      83: 4     .496502E-01
      84: 1     .378996E-01
      84: 2     .533270E-01
      84: 3     .477830E-01
      84: 4     .336889E-01
      85: 1     .256717E-01
      85: 2     .309881E-01
      85: 3     .147069E-01
      85: 4     .315852E-01
      86: 1     .377786E-01
      86: 2     .338381E-01
      86: 3     .389829E-01
      86: 4     .367088E-01
      87: 1     .429363E-01
      87: 2     .629579E-01
      87: 3     .710602E-01
      87: 4     .560076E-01
      88: 1     .445810E-01
      88: 2     .285007E-01
      88: 3     .170509E-01
      88: 4     .217963E-01





  ENTRY        TOTAL   161     Real Sh  65     Infl sh  66     Int sh   67
      57: 1    -.361552E-01    -.256669E-02     .258281E-02    -.237093E-01
      57: 2    -.518300E-01    -.210534E-01     .211146E-02    -.232691E-01
      57: 3    -.742552E-01    -.421417E-01    -.846593E-03    -.221658E-01
      57: 4    -.887501E-01    -.591396E-01    -.258844E-02    -.224153E-01
      58: 1    -.770971E-01    -.476305E-01    -.210726E-02    -.258433E-01
      58: 2    -.604277E-01    -.485742E-01     .258767E-02    -.145442E-01
      58: 3    -.446726E-01    -.392604E-01     .598810E-02    -.129826E-01
      58: 4    -.470503E-01    -.439036E-01     .214981E-02    -.116844E-01
      59: 1    -.396253E-01    -.320046E-01    -.240969E-02    -.109066E-01
      59: 2    -.732303E-02    -.109000E-01    -.357059E-04    -.155546E-02
      59: 3    -.285196E-02    -.347646E-02     .316429E-02    -.490412E-02
      59: 4    -.216028E-03    -.749642E-03     .201443E-02     .926844E-03
      60: 1    -.263500E-01    -.122039E-01    -.285707E-02    -.674163E-02
      60: 2    -.211506E-01     .583386E-02    -.468018E-02    -.119523E-01
      60: 3     .110775E-04     .226146E-01    -.455589E-02    -.291017E-02
      60: 4     .327741E-02     .248900E-01    -.318520E-02    -.574768E-02
      61: 1     .185903E-03     .312088E-01    -.372544E-02    -.162465E-01
      61: 2     .699265E-02     .243724E-01    -.239154E-02    -.317893E-02
      61: 3     .203506E-01     .323784E-01    -.156768E-02     .488657E-02
      61: 4     .364758E-01     .429286E-01    -.185720E-03     .129633E-01
      62: 1     .358661E-01     .382859E-01     .257509E-02     .159935E-01
      62: 2     .560141E-01     .626388E-01     .305592E-02     .137170E-01
      62: 3     .525071E-01     .639180E-01     .423461E-02     .501148E-02
      62: 4     .554544E-01     .686953E-01     .190038E-02     .908828E-02
      63: 1     .870881E-01     .974437E-01     .145171E-02     .115052E-01
      63: 2     .561617E-01     .657242E-01     .139308E-02     .660204E-02
      63: 3     .437826E-01     .606131E-01     .318691E-02    -.415408E-02
      63: 4     .497118E-01     .722385E-01     .188060E-02    -.151324E-01
      64: 1     .479079E-01     .649691E-01    -.783473E-03    -.676384E-02
      64: 2     .529685E-01     .664373E-01    -.541728E-02    -.155692E-02
      64: 3     .597790E-01     .799896E-01    -.488758E-02    -.875912E-02
      64: 4     .604549E-01     .825002E-01    -.310371E-02    -.128398E-01
      65: 1     .587204E-01     .806037E-01     .576486E-03    -.146529E-01
      65: 2     .469546E-01     .641209E-01     .448152E-02    -.193223E-01
      65: 3     .510074E-01     .695268E-01     .381955E-02    -.237746E-01
      65: 4     .461970E-01     .632238E-01     .272675E-02    -.260167E-01
      66: 1     .481708E-01     .640269E-01     .356638E-03    -.270532E-01
      66: 2     .431413E-01     .536995E-01     .248700E-02    -.207838E-01
      66: 3     .401621E-01     .595883E-01     .166869E-02    -.263829E-01
      66: 4     .215893E-01     .566112E-01    -.109753E-02    -.327636E-01
      67: 1     .137891E-01     .470068E-01    -.317029E-02    -.245122E-01
      67: 2     .167467E-01     .465792E-01    -.300911E-02    -.271336E-01
      67: 3     .259612E-01     .463356E-01    -.139983E-02    -.220628E-01
      67: 4     .152279E-01     .338906E-01    -.160466E-02    -.193770E-01
      68: 1     .275457E-01     .400111E-01     .396518E-02    -.122770E-01
      68: 2     .238024E-01     .392792E-01     .809135E-02    -.196469E-01
      68: 3     .231605E-01     .393304E-01     .711552E-02    -.218556E-01
      68: 4     .245599E-01     .247465E-01     .448862E-02    -.120709E-01
      69: 1     .363479E-01     .300568E-01     .603392E-02    -.953026E-02
      69: 2     .174019E-01     .173854E-01     .738987E-02    -.136202E-01
      69: 3     .132621E-01     .136089E-01     .412766E-02    -.147319E-01
      69: 4    -.238198E-01    -.114574E-01     .982982E-03    -.195535E-01
      70: 1    -.578917E-01    -.431270E-01    -.297159E-02    -.138137E-01
      70: 2    -.911042E-01    -.669436E-01    -.793490E-02    -.159612E-01
      70: 3    -.866045E-01    -.696451E-01    -.822469E-02    -.952173E-02
      70: 4    -.634398E-01    -.577523E-01    -.236735E-02    -.120799E-01
      71: 1    -.155449E-01    -.271531E-01     .706075E-02     .738800E-05
      71: 2    -.157890E-01    -.360434E-01     .104048E-01     .401994E-02
      71: 3    -.100589E-01    -.311831E-01     .101734E-01     .367174E-02
      71: 4     .135686E-01    -.378047E-02     .860571E-02     .391985E-02
      72: 1     .168235E-01    -.435064E-02     .584483E-02     .934055E-02
      72: 2     .440533E-01     .117272E-01     .274765E-02     .228544E-01
      72: 3     .729459E-01     .327848E-01     .278858E-02     .255917E-01
      72: 4     .837796E-01     .409603E-01     .355608E-02     .286436E-01
      73: 1     .106742         .646027E-01     .224851E-02     .324802E-01
      73: 2     .732131E-01     .524153E-01    -.467160E-03     .171965E-01
      73: 3     .596270E-01     .322515E-01    -.394059E-02     .257846E-01
      73: 4     .193104E-01     .168560E-01    -.202018E-02     .148699E-03
      74: 1     .227999E-02    -.785797E-03     .939916E-03    -.475617E-02
      74: 2    -.230769E-01    -.138968E-01     .129875E-02    -.902936E-02
      74: 3    -.604493E-01    -.369034E-01    -.176889E-02    -.114536E-01
      74: 4    -.918226E-01    -.625266E-01    -.274182E-02    -.108495E-01
      75: 1    -.859758E-01    -.557150E-01     .242657E-02    -.966802E-02
      75: 2    -.575125E-01    -.589945E-01     .495380E-02     .188693E-01
      75: 3    -.595371E-01    -.644577E-01     .373743E-02     .270989E-01
      75: 4    -.595490E-01    -.765062E-01     .188832E-02     .384595E-01
      76: 1    -.372435E-01    -.668713E-01    -.107013E-02     .481384E-01
      76: 2    -.266976E-01    -.505471E-01    -.470616E-02     .422728E-01
      76: 3    -.192207E-01    -.454021E-01    -.563991E-02     .452501E-01
      76: 4    -.262715E-01    -.415732E-01    -.142707E-02     .274607E-01
      77: 1    -.170228E-01    -.288859E-01     .402262E-02     .196963E-01
      77: 2    -.319721E-01    -.388359E-01     .513155E-02     .877625E-02
      77: 3    -.252785E-03    -.598597E-02     .419354E-02     .370517E-02
      77: 4    -.221628E-01    -.142783E-01    -.648967E-04    -.255561E-02
      78: 1    -.167025E-01     .636440E-02    -.285659E-02    -.145937E-01
      78: 2    -.586454E-01    -.433224E-01    -.342290E-02    -.125290E-02
      78: 3    -.554336E-01    -.503821E-01     .253260E-02    -.121073E-02
      78: 4    -.642261E-01    -.631173E-01     .543034E-02    -.529678E-03
      79: 1    -.911994E-01    -.809698E-01     .296154E-02    -.478322E-02
      79: 2    -.111568        -.954997E-01     .109699E-02    -.102388E-01
      79: 3    -.814239E-01    -.708155E-01     .161344E-02    -.729377E-02
      79: 4    -.962594E-01    -.841655E-01     .242698E-02    -.159112E-01
      80: 1    -.915460E-01    -.758174E-01    -.294477E-02    -.226896E-01
      80: 2    -.739267E-01    -.301184E-01    -.509329E-02    -.437095E-01
      80: 3    -.782112E-01    -.387588E-01    -.440212E-02    -.376241E-01
      80: 4    -.869303E-01    -.443984E-01     .141760E-02    -.449693E-01
      81: 1    -.912563E-01    -.412801E-01     .229877E-02    -.464507E-01
      81: 2    -.515450E-01    -.159935E-01     .315303E-02    -.353340E-01
      81: 3    -.563625E-01    -.880899E-02    -.610514E-03    -.425597E-01
      81: 4    -.462904E-01    -.570439E-03    -.256011E-02    -.396056E-01
      82: 1    -.415658E-01     .154386E-02    -.486716E-02    -.394352E-01
      82: 2    -.489477E-01    -.463721E-02    -.604067E-02    -.425642E-01
      82: 3    -.500677E-01    -.252917E-01    -.532948E-02    -.291251E-01
      82: 4    -.313569E-01    -.196221E-01    -.649587E-02    -.192334E-01
      83: 1     .527622E-02    -.206756E-01    -.579397E-02     .102768E-01
      83: 2    -.379547E-01    -.411490E-01    -.477361E-02    -.105860E-01
      83: 3    -.101237E-01    -.345747E-01    -.449512E-02     .111243E-01
      83: 4     .278132E-01    -.188307E-01    -.529735E-02     .363435E-01
      84: 1     .182411E-01    -.381133E-01    -.449667E-02     .461547E-01
      84: 2     .282370E-01    -.353757E-01    -.105833E-02     .547383E-01
      84: 3     .160068E-01    -.470809E-01     .907688E-03     .564810E-01
      84: 4    -.291165E-02    -.461868E-01     .139956E-02     .399214E-01
      85: 1     .149120E-01    -.307719E-01     .155579E-02     .386715E-01
      85: 2     .375716E-02    -.326490E-01     .148651E-02     .270000E-01
      85: 3     .191471E-01    -.227621E-01     .141701E-02     .284321E-01
      85: 4     .310747E-01    -.144854E-01    -.637855E-03     .224849E-01
      86: 1     .375269E-01    -.181962E-01    -.737806E-04     .279149E-01
      86: 2     .674587E-01     .134213E-01    -.214699E-02     .296217E-01
      86: 3     .810535E-01     .304265E-01    -.318891E-03     .274876E-01
      86: 4     .105804         .512413E-01     .220468E-02     .297106E-01
      87: 1     .117167         .543561E-01     .120789E-02     .431927E-01
      87: 2     .995917E-01     .495805E-01    -.307476E-02     .398679E-01
      87: 3     .949731E-01     .487170E-01    -.628266E-02     .431914E-01
      87: 4     .614533E-01     .889829E-02    -.535792E-02     .489765E-01
      88: 1     .631601E-01     .129721E-02    -.296915E-02     .558943E-01
      88: 2     .631889E-01     .127578E-01    -.917634E-03     .432360E-01
      88: 3     .604157E-01     .122070E-01     .378345E-03     .404978E-01
      88: 4     .788806E-01     .314650E-01    -.163042E-02     .362117E-01


  ENTRY        FERES   162
      57: 1    -.124620E-01
      57: 2    -.961889E-02
      57: 3    -.910107E-02
      57: 4    -.460680E-02
      58: 1    -.151600E-02
      58: 2     .103086E-03
      58: 3     .158230E-02
      58: 4     .638796E-02
      59: 1     .569560E-02
      59: 2     .516811E-02
      59: 3     .236432E-02
      59: 4    -.240766E-02
      60: 1    -.454739E-02
      60: 2    -.103521E-01
      60: 3    -.151375E-01
      60: 4    -.126797E-01
      61: 1    -.110510E-01
      61: 2    -.118093E-01
      61: 3    -.153467E-01
      61: 4    -.192303E-01
      62: 1    -.209884E-01
      62: 2    -.233977E-01
      62: 3    -.206570E-01
      62: 4    -.242296E-01
      63: 1    -.233126E-01
      63: 2    -.175577E-01
      63: 3    -.158633E-01
      63: 4    -.927491E-02
      64: 1    -.951386E-02
      64: 2    -.649461E-02
      64: 3    -.656384E-02
      64: 4    -.610182E-02
      65: 1    -.780689E-02
      65: 2    -.232554E-02
      65: 3     .143568E-02
      65: 4     .626314E-02
      66: 1     .108405E-01
      66: 2     .773858E-02
      66: 3     .528807E-02
      66: 4    -.116076E-02
      67: 1    -.553516E-02
      67: 2     .310168E-03
      67: 3     .308826E-02
      67: 4     .231892E-02
      68: 1    -.415365E-02
      68: 2    -.392129E-02
      68: 3    -.142984E-02
      68: 4     .739564E-02
      69: 1     .978739E-02
      69: 2     .624685E-02
      69: 3     .102574E-01
      69: 4     .620809E-02
      70: 1     .202053E-02
      70: 2    -.264410E-03
      70: 3     .787014E-03
      70: 4     .875975E-02
      71: 1     .454012E-02
      71: 2     .582972E-02
      71: 3     .727904E-02
      71: 4     .482349E-02
      72: 1     .598873E-02
      72: 2     .672409E-02
      72: 3     .117808E-01
      72: 4     .106196E-01
      73: 1     .741024E-02
      73: 2     .406844E-02
      73: 3     .553144E-02
      73: 4     .432597E-02
      74: 1     .688204E-02
      74: 2    -.144949E-02
      74: 3    -.103235E-01
      74: 4    -.157046E-01
      75: 1    -.230193E-01
      75: 2    -.223410E-01
      75: 3    -.259158E-01
      75: 4    -.233906E-01
      76: 1    -.174405E-01
      76: 2    -.137172E-01
      76: 3    -.134287E-01
      76: 4    -.107319E-01
      77: 1    -.118558E-01
      77: 2    -.704408E-02
      77: 3    -.216553E-02
      77: 4    -.526397E-02
      78: 1    -.561669E-02
      78: 2    -.106472E-01
      78: 3    -.637345E-02
      78: 4    -.600942E-02
      79: 1    -.840792E-02
      79: 2    -.692668E-02
      79: 3    -.492805E-02
      79: 4     .139030E-02
      80: 1     .990580E-02
      80: 2     .499443E-02
      80: 3     .257382E-02
      80: 4     .101982E-02
      81: 1    -.582424E-02
      81: 2    -.337056E-02
      81: 3    -.438331E-02
      81: 4    -.355433E-02
      82: 1     .119268E-02
      82: 2     .429437E-02
      82: 3     .967855E-02
      82: 4     .139944E-01
      83: 1     .214690E-01
      83: 2     .185540E-01
      83: 3     .178218E-01
      83: 4     .155978E-01
      84: 1     .146964E-01
      84: 2     .993277E-02
      84: 3     .569901E-02
      84: 4     .195422E-02
      85: 1     .545655E-02
      85: 2     .791962E-02
      85: 3     .120601E-01
      85: 4     .237130E-01
      86: 1     .278819E-01
      86: 2     .265626E-01
      86: 3     .234583E-01
      86: 4     .226477E-01
      87: 1     .184099E-01
      87: 2     .132180E-01
      87: 3     .934736E-02
      87: 4     .893642E-02
      88: 1     .893778E-02
      88: 2     .811274E-02
      88: 3     .733265E-02
      88: 4     .128343E-01





  ENTRY        TOTAL   161     Real Sh  65     Infl sh  66     Int sh   67
      57: 1     .643588E-02     .587481E-03     .462685E-03     .629842E-02
      57: 2     .639032E-02     .119989E-02     .118993E-03     .500403E-02
      57: 3     .740266E-02     .242496E-02     .601286E-04     .591211E-02
      57: 4     .695786E-02     .307286E-02     .178280E-03     .476395E-02
      58: 1     .211675E-02     .218106E-02    -.711234E-03     .931707E-03
      58: 2    -.109842E-03     .120084E-02    -.102648E-02     .112200E-02
      58: 3     .105004E-02     .659602E-03    -.161623E-03     .341207E-02
      58: 4     .364330E-02     .153119E-02     .154423E-02     .293837E-02
      59: 1     .288047E-02     .109119E-02     .619485E-03     .295947E-02
      59: 2     .851122E-03     .397468E-03    -.913867E-03     .174157E-02
      59: 3     .214380E-02    -.527235E-04    -.102899E-03     .133855E-02
      59: 4     .309598E-02    -.494035E-03     .179859E-02     .221200E-02
      60: 1     .189913E-02     .809404E-03     .291554E-03     .296158E-02
      60: 2    -.355030E-03    -.462024E-03    -.593656E-03     .696910E-03
      60: 3    -.356878E-02    -.190752E-02    -.706722E-03    -.190518E-02
      60: 4    -.279360E-02    -.123007E-02     .317783E-03    -.247388E-02
      61: 1    -.102725E-02    -.166467E-02     .153213E-03     .111416E-03
      61: 2    -.295557E-02    -.206246E-02    -.135466E-02     .734722E-03
      61: 3    -.369950E-02    -.191364E-02    -.951155E-03    -.142135E-02
      61: 4    -.434361E-02    -.254012E-02     .637203E-04    -.314459E-02
      62: 1    -.413560E-02    -.261747E-02    -.367452E-03    -.211115E-02
      62: 2    -.340844E-02    -.315706E-02    -.750005E-04    -.105034E-02
      62: 3    -.270494E-02    -.278637E-02    -.418925E-03    -.495289E-03
      62: 4    -.311128E-02    -.340049E-02     .606799E-03    -.198991E-02
      63: 1    -.488375E-02    -.440146E-02     .207156E-03    -.206572E-02
      63: 2    -.187011E-02    -.309172E-02    -.364837E-03     .103122E-02
      63: 3     .638815E-03    -.270217E-02    -.370723E-04     .243966E-02
      63: 4     .135206E-02    -.318205E-02     .622300E-03     .264582E-02
      64: 1     .464664E-03    -.334963E-02     .101865E-02     .342396E-02
      64: 2    -.647249E-03    -.360983E-02     .630279E-03     .322524E-02
      64: 3    -.899930E-04    -.392774E-02    -.772237E-03     .409096E-02
      64: 4     .132927E-02    -.411042E-02    -.487572E-03     .471844E-02
      65: 1     .111369E-02    -.326676E-02    -.720660E-03     .513974E-02
      65: 2     .132818E-02    -.246663E-02    -.413853E-03     .491284E-02
      65: 3     .200457E-02    -.330257E-02     .461123E-03     .579177E-02
      65: 4     .346662E-02    -.343976E-02     .890864E-03     .774727E-02
      66: 1     .385073E-02    -.265164E-02     .580888E-03     .801401E-02
      66: 2     .184135E-02    -.174461E-02    -.242064E-03     .612208E-02
      66: 3     .356272E-02    -.157589E-02     .694508E-03     .669921E-02
      66: 4     .484766E-02    -.195144E-02     .313497E-03     .629083E-02
      67: 1     .299042E-02    -.276939E-02    -.156583E-03     .507150E-02
      67: 2     .574768E-03    -.338276E-02    -.632073E-03     .515763E-02
      67: 3     .155257E-02    -.278361E-02    -.343994E-04     .371545E-02
      67: 4     .313624E-02    -.149178E-02     .207468E-03     .357021E-02
      68: 1     .193544E-02    -.919502E-03    -.135077E-02     .497944E-02
      68: 2     .383317E-02    -.165441E-02     .610149E-05     .643676E-02
      68: 3     .317776E-02    -.226765E-02     .160434E-02     .567261E-02
      68: 4     .232003E-02    -.717767E-03     .121785E-02     .308730E-02
      69: 1     .159799E-02    -.769938E-04    -.122595E-03     .220022E-02
      69: 2     .292198E-02     .848222E-03     .513870E-03     .290747E-02
      69: 3     .555132E-02     .140246E-02     .215718E-02     .291724E-02
      69: 4     .824103E-02     .142923E-02     .980340E-03     .296722E-02
      70: 1     .770389E-02     .235259E-02     .762101E-03     .289898E-02
      70: 2     .645892E-02     .339557E-02     .911487E-03     .224497E-02
      70: 3     .505305E-02     .292577E-02    -.360118E-03     .312116E-02
      70: 4     .107622E-02     .187018E-02    -.156430E-02     .105541E-02
      71: 1    -.498484E-02     .479852E-03    -.117520E-02    -.272852E-02
      71: 2    -.343724E-02     .492846E-03     .633353E-03    -.332564E-02
      71: 3    -.142096E-02     .122339E-03     .200860E-02    -.439321E-02
      71: 4    -.466906E-02    -.130988E-02     .141486E-02    -.595294E-02
      72: 1    -.576065E-02    -.860444E-03     .169918E-02    -.665701E-02
      72: 2    -.479675E-02    -.105480E-02     .160280E-02    -.557697E-02
      72: 3    -.524638E-02    -.177813E-02     .557477E-04    -.410709E-02
      72: 4    -.345542E-02    -.194181E-02    -.117391E-03    -.259245E-02
      73: 1    -.206057E-02    -.223891E-02     .836210E-03    -.157444E-02
      73: 2     .141711E-02    -.117983E-02     .148293E-02    -.504350E-03
      73: 3     .301227E-02    -.614299E-04     .135985E-02    -.964962E-03
      73: 4     .213722E-02     .159004E-03    -.251368E-03     .896394E-03
      74: 1     .277299E-02     .525807E-03     .518032E-03    -.109782E-02
      74: 2     .308400E-02     .921744E-03     .113929E-02    -.236554E-02
      74: 3     .466411E-02     .315770E-02     .927769E-03    -.285924E-02
      74: 4     .378626E-02     .431862E-02    -.667712E-03    -.390731E-02
      75: 1    -.783283E-03     .377988E-02    -.115328E-02    -.601849E-02
      75: 2    -.232036E-02     .241251E-02     .804961E-03    -.750003E-02
      75: 3    -.236906E-03     .218823E-02     .122866E-02    -.668260E-02
      75: 4    -.395570E-02     .316615E-02     .193735E-03    -.830149E-02
      76: 1    -.634408E-02     .262907E-02     .475877E-03    -.877772E-02
      76: 2    -.404711E-02     .114720E-02     .937934E-03    -.650512E-02
      76: 3    -.414026E-02     .118753E-02    -.303140E-04    -.498049E-02
      76: 4    -.404522E-02     .525694E-03    -.195504E-02    -.199218E-02
      77: 1    -.398092E-02     .423706E-03    -.986033E-03    -.203062E-02
      77: 2    -.121263E-02     .278962E-02     .417087E-03    -.250637E-02
      77: 3    -.561792E-04     .168130E-02     .146407E-02    -.141147E-02
      77: 4     .199586E-02     .947534E-03     .121339E-02    -.664675E-03
      78: 1     .382624E-02     .794314E-03     .464375E-03     .184031E-02
      78: 2     .277291E-02     .339359E-02    -.409897E-03     .213777E-02
      78: 3     .290917E-02     .357826E-02    -.133897E-02     .166243E-02
      78: 4     .692430E-02     .385134E-02    -.318455E-03     .309309E-02
      79: 1     .957142E-02     .398338E-02     .103317E-02     .531935E-02
      79: 2     .845989E-02     .343112E-02     .293240E-03     .539281E-02
      79: 3     .752432E-02     .199651E-02     .224386E-03     .638619E-02
      79: 4     .115372E-01     .344715E-02     .127371E-02     .810097E-02
      80: 1     .149869E-01     .319333E-02     .168909E-02     .982503E-02
      80: 2     .541272E-02     .354588E-03    -.320268E-03     .738826E-02
      80: 3     .502953E-02     .717692E-03    -.188732E-02     .776409E-02
      80: 4     .161848E-01     .209051E-02    -.870231E-03     .128750E-01
      81: 1     .168394E-01     .163637E-02     .757240E-03     .122177E-01
      81: 2     .150077E-01     .785586E-03     .488805E-03     .106112E-01
      81: 3     .160096E-01     .789670E-03     .546842E-03     .116904E-01
      81: 4     .651773E-02    -.674860E-04     .391054E-03     .678181E-02
      82: 1     .737034E-02     .684237E-04     .638874E-03     .628751E-02
      82: 2     .524373E-02     .784088E-03    -.236924E-03     .505473E-02
      82: 3    -.351162E-02     .119827E-02    -.148950E-02    -.121959E-02
      82: 4    -.656997E-02     .831659E-03    -.905067E-03    -.481367E-02
      83: 1    -.849194E-02     .612346E-03    -.115697E-02    -.693121E-02
      83: 2    -.259407E-02     .184853E-02    -.509031E-03    -.355638E-02
      83: 3    -.439546E-02     .224021E-02    -.774713E-03    -.636981E-02
      83: 4    -.768163E-02     .208023E-02    -.389821E-03    -.966574E-02
      84: 1    -.739083E-02     .260854E-02    -.152295E-02    -.915271E-02
      84: 2    -.853194E-02     .207552E-02    -.171035E-02    -.109964E-01
      84: 3    -.722923E-02     .225315E-02    -.747060E-03    -.115642E-01
      84: 4    -.708979E-02     .107785E-02    -.825354E-03    -.842625E-02
      85: 1    -.853718E-02    -.412276E-04    -.713556E-03    -.815895E-02
      85: 2    -.910645E-02     .728089E-03    -.452121E-03    -.867472E-02
      85: 3    -.104976E-01     .305951E-03    -.188511E-03    -.850684E-02
      85: 4    -.945730E-02     .211608E-03     .304553E-03    -.689668E-02
      86: 1    -.109017E-01     .183433E-03    -.597651E-03    -.716642E-02
      86: 2    -.125262E-01    -.203218E-02    -.347115E-03    -.739415E-02
      86: 3    -.149172E-01    -.238918E-02    -.748330E-03    -.980722E-02
      86: 4    -.149172E-01    -.165142E-02    -.471770E-03    -.119568E-01
      87: 1    -.144692E-01    -.185777E-02     .911501E-03    -.133311E-01
      87: 2    -.129760E-01    -.168205E-02     .905638E-03    -.117013E-01
      87: 3    -.128270E-01    -.143591E-02    -.354685E-03    -.112237E-01
      87: 4    -.124174E-01    -.476659E-03    -.809244E-03    -.114202E-01
      88: 1    -.125252E-01    -.530849E-03    -.921973E-03    -.103166E-01
      88: 2    -.935590E-02    -.221614E-03    -.782122E-03    -.654203E-02
      88: 3    -.723862E-02     .221947E-04    -.381301E-03    -.474576E-02
      88: 4    -.694051E-02    -.934209E-03    -.113495E-03    -.384665E-02


  ENTRY        FERES   162
      57: 1    -.912705E-03
      57: 2     .674072E-04
      57: 3    -.994545E-03
      57: 4    -.105723E-02
      58: 1    -.284781E-03
      58: 2    -.140621E-02
      58: 3    -.286001E-02
      58: 4    -.237049E-02
      59: 1    -.178968E-02
      59: 2    -.374046E-03
      59: 3     .960876E-03
      59: 4    -.420578E-03
      60: 1    -.216341E-02
      60: 2     .374062E-05
      60: 3     .950653E-03
      60: 4     .592572E-03
      61: 1     .372786E-03
      61: 2    -.273176E-03
      61: 3     .586649E-03
      61: 4     .127738E-02
      62: 1     .960472E-03
      62: 2     .873971E-03
      62: 3     .995648E-03
      62: 4     .167233E-02
      63: 1     .137628E-02
      63: 2     .555227E-03
      63: 3     .938399E-03
      63: 4     .126599E-02
      64: 1    -.628315E-03
      64: 2    -.892938E-03
      64: 3     .519023E-03
      64: 4     .120883E-02
      65: 1    -.386325E-04
      65: 2    -.704173E-03
      65: 3    -.945752E-03
      65: 4    -.173176E-02
      66: 1    -.209252E-02
      66: 2    -.229405E-02
      66: 3    -.225510E-02
      66: 4     .194771E-03
      67: 1     .844891E-03
      67: 2    -.568032E-03
      67: 3     .655134E-03
      67: 4     .850338E-03
      68: 1    -.773733E-03
      68: 2    -.955280E-03
      68: 3    -.183154E-02
      68: 4    -.126736E-02
      69: 1    -.402639E-03
      69: 2    -.134758E-02
      69: 3    -.925563E-03
      69: 4     .286424E-02
      70: 1     .169021E-02
      70: 2    -.931164E-04
      70: 3    -.633762E-03
      70: 4    -.285069E-03
      71: 1    -.156097E-02
      71: 2    -.123780E-02
      71: 3     .841305E-03
      71: 4     .117890E-02
      72: 1     .576232E-04
      72: 2     .232214E-03
      72: 3     .583095E-03
      72: 4     .119623E-02
      73: 1     .916580E-03
      73: 2     .161836E-02
      73: 3     .267882E-02
      73: 4     .133319E-02
      74: 1     .282697E-02
      74: 2     .338850E-02
      74: 3     .343788E-02
      74: 4     .404267E-02
      75: 1     .260860E-02
      75: 2     .196220E-02
      75: 3     .302881E-02
      75: 4     .985908E-03
      76: 1    -.671300E-03
      76: 2     .372879E-03
      76: 3    -.316990E-03
      76: 4    -.623695E-03
      77: 1    -.138797E-02
      77: 2    -.191297E-02
      77: 3    -.179007E-02
      77: 4     .499614E-03
      78: 1     .727242E-03
      78: 2    -.234855E-02
      78: 3    -.992553E-03
      78: 4     .298317E-03
      79: 1    -.764476E-03
      79: 2    -.657287E-03
      79: 3    -.108277E-02
      79: 4    -.128462E-02
      80: 1     .279450E-03
      80: 2    -.200987E-02
      80: 3    -.156492E-02
      80: 4     .208952E-02
      81: 1     .222815E-02
      81: 2     .312214E-02
      81: 3     .298271E-02
      81: 4    -.587653E-03
      82: 1     .375527E-03
      82: 2    -.358168E-03
      82: 3    -.200080E-02
      82: 4    -.168289E-02
      83: 1    -.101611E-02
      83: 2    -.377193E-03
      83: 3     .508861E-03
      83: 4     .293693E-03
      84: 1     .676290E-03
      84: 2     .209927E-02
      84: 3     .282887E-02
      84: 4     .108396E-02
      85: 1     .376553E-03
      85: 2    -.707701E-03
      85: 3    -.210817E-02
      85: 4    -.307678E-02
      86: 1    -.332111E-02
      86: 2    -.275277E-02
      86: 3    -.197246E-02
      86: 4    -.837121E-03
      87: 1    -.191787E-03
      87: 2    -.498283E-03
      87: 3     .187321E-03
      87: 4     .288747E-03
      88: 1    -.755753E-03
      88: 2    -.181013E-02
      88: 3    -.213375E-02
      88: 4    -.204615E-02





  ENTRY        TOTAL   161     Real Sh  65     Infl sh  66     Int sh   67
      57: 1     .471688E-02     .386435E-03     .120203E-03     .242158E-02
      57: 2     .458802E-03     .227271E-02    -.369345E-02     .210592E-02
      57: 3     .406042E-02     .280810E-02    -.126119E-03     .101445E-02
      57: 4    -.119652E-02     .776073E-03    -.258929E-02     .268086E-02
      58: 1     .379863E-03     .262776E-03     .231735E-02     .701304E-03
      58: 2    -.324698E-02    -.177910E-02     .108928E-02    -.123425E-02
      58: 3    -.145621E-02     .115211E-03    -.267574E-02     .433593E-03
      58: 4     .303414E-03     .216132E-03     .101625E-02     .930024E-03
      59: 1     .588311E-02    -.173922E-02     .689440E-02     .417117E-03
      59: 2     .258367E-02     .111668E-02    -.125655E-02     .122282E-02
      59: 3     .219356E-02    -.102724E-02     .137231E-02     .125501E-02
      59: 4    -.407262E-02    -.395444E-03    -.473390E-02     .517972E-03
      60: 1     .622434E-02     .222733E-02     .171692E-02     .793354E-03
      60: 2    -.148315E-02    -.490636E-02    -.101478E-02     .990305E-03
      60: 3     .963205E-03    -.129741E-02    -.476001E-04    -.603112E-03
      60: 4    -.329393E-02     .274699E-03    -.232694E-02    -.432368E-03
      61: 1    -.705736E-02    -.192577E-02    -.158333E-02    -.149764E-02
      61: 2    -.996434E-03    -.176641E-02    -.202041E-02    -.754215E-03
      61: 3     .493793E-03    -.194375E-02     .967099E-03    -.209299E-03
      61: 4    -.210831E-02    -.182568E-02    -.160540E-02    -.110673E-02
      62: 1     .265789E-02    -.104491E-02    -.298682E-03    -.254395E-03
      62: 2    -.201300E-02    -.403218E-02    -.909046E-03     .166628E-03
      62: 3    -.327312E-02    -.744082E-03    -.302352E-02     .166421E-03
      62: 4     .215872E-02    -.250613E-02     .121899E-02    -.671763E-03
      63: 1    -.356530E-02    -.751649E-03    -.148904E-02    -.101251E-02
      63: 2    -.434501E-02    -.228327E-02     .212289E-02    -.307537E-04
      63: 3    -.230703E-03     .388961E-05    -.363089E-03     .128109E-02
      63: 4     .761371E-04    -.106411E-02     .100150E-02     .990862E-03
      64: 1    -.388880E-02    -.318656E-02    -.874610E-03     .459609E-03
      64: 2     .100330E-02    -.320507E-02     .178219E-02     .193102E-02
      64: 3     .152594E-02    -.192526E-02     .273891E-03     .997550E-03
      64: 4    -.115746E-02    -.222005E-02    -.462721E-03     .160579E-02
      65: 1     .589160E-02     .113185E-02     .363944E-02     .177375E-02
      65: 2    -.213365E-02    -.143797E-02    -.420977E-03     .233289E-02
      65: 3     .792042E-03    -.118987E-02     .269356E-02     .158426E-02
      65: 4    -.108051E-02    -.287225E-02     .137938E-02     .138101E-02
      66: 1     .427485E-02     .341362E-03     .214522E-02     .317301E-02
      66: 2     .281921E-02    -.518000E-04    -.143003E-02     .203736E-02
      66: 3     .137830E-02     .158686E-02    -.405430E-02     .235424E-02
      66: 4     .631234E-02    -.198249E-02     .586627E-03     .264875E-02
      67: 1    -.569266E-03    -.271632E-02     .143295E-03     .138105E-02
      67: 2    -.494235E-02    -.317468E-02     .729211E-03     .136828E-02
      67: 3    -.190774E-02    -.105349E-02     .514201E-03     .690559E-03
      67: 4     .360274E-02     .354729E-03     .454691E-02     .675156E-03
      68: 1     .117429E-01     .253465E-02     .485575E-02     .108742E-02
      68: 2     .170762E-02    -.255464E-02     .700210E-03     .220902E-02
      68: 3     .380136E-02    -.975709E-03     .309741E-02     .252794E-02
      68: 4     .733015E-02     .158096E-02     .771981E-02     .138510E-02
      69: 1     .187003E-02     .137015E-02     .699924E-03     .115070E-02
      69: 2     .612379E-02     .309051E-02     .205054E-02     .453754E-03
      69: 3     .448119E-02     .310866E-02     .417708E-02     .751674E-03
      69: 4     .374389E-02     .200037E-02     .933670E-03     .461474E-03
      70: 1     .606943E-02     .450312E-02     .297237E-03     .650942E-03
      70: 2     .681299E-02     .473262E-04     .353537E-02     .136939E-02
      70: 3    -.214071E-02    -.672598E-03     .351314E-02    -.698451E-04
      70: 4     .150842E-02    -.116135E-02     .731932E-02     .185194E-02
      71: 1     .208785E-02    -.112561E-02     .316786E-02    -.105546E-02
      71: 2     .761869E-02    -.100186E-02     .926961E-02    -.147793E-02
      71: 3     .300170E-02    -.216166E-02     .677074E-02    -.784156E-03
      71: 4    -.966974E-03    -.343985E-02     .439728E-02    -.295514E-02
      72: 1    -.153340E-02     .863505E-03     .270967E-02    -.214491E-02
      72: 2    -.674446E-02    -.196374E-02     .844825E-03    -.403689E-02
      72: 3    -.158911E-02    -.183018E-02     .222970E-02    -.650021E-03
      72: 4     .675996E-03    -.236425E-02     .370630E-02    -.160768E-02
      73: 1     .650194E-02     .100633E-02     .463640E-02     .157284E-03
      73: 2     .144196E-01     .299401E-02     .719515E-02     .172810E-02
      73: 3     .834945E-02     .185165E-02     .757750E-02    -.164888E-03
      73: 4     .849475E-02     .244402E-03     .725803E-02     .188994E-02
      74: 1     .157796E-02     .222497E-02     .212156E-02    -.483952E-03
      74: 2     .443427E-02     .126734E-02     .256626E-03    -.677111E-03
      74: 3     .138552E-01     .671710E-02     .188998E-02    -.144464E-02
      74: 4     .826714E-02     .913054E-03     .506689E-02    -.216704E-02
      75: 1     .862222E-02     .484915E-02     .866221E-03    -.178672E-02
      75: 2    -.541830E-02    -.315931E-02     .183564E-03    -.488783E-02
      75: 3     .532592E-02     .193082E-02     .286135E-02    -.193219E-02
      75: 4    -.272994E-02     .704038E-03     .358863E-03    -.269005E-02
      76: 1    -.539592E-02    -.463156E-03    -.236756E-02    -.280302E-02
      76: 2    -.322459E-02    -.199516E-02     .114702E-02    -.135530E-02
      76: 3    -.372415E-03     .117439E-02    -.153807E-02    -.159632E-02
      76: 4     .752391E-03    -.236484E-02     .227706E-02     .400044E-03
      77: 1     .861794E-03     .963465E-03     .380729E-03    -.427455E-03
      77: 2     .706979E-02     .357778E-02     .539779E-02     .330729E-03
      77: 3    -.473770E-03     .484658E-03     .884127E-03    -.599820E-03
      77: 4     .156395E-02     .881119E-03     .725569E-03    -.269780E-03
      78: 1    -.166333E-03     .168076E-02    -.143330E-02    -.578096E-03
      78: 2     .100366E-01     .519880E-02     .200735E-02    -.363184E-03
      78: 3     .130283E-02     .404534E-02    -.258201E-02     .152932E-02
      78: 4     .422984E-02     .186408E-02     .181792E-03     .270851E-03
      79: 1     .923513E-02     .152242E-02     .370028E-02     .258806E-02
      79: 2     .672524E-02     .339956E-03     .589201E-02     .240453E-02
      79: 3     .157809E-02    -.129186E-02     .433195E-02     .158763E-02
      79: 4    -.355362E-02     .147191E-02    -.452519E-02     .317406E-02
      80: 1     .289868E-04    -.560971E-03     .966087E-03     .270814E-02
      80: 2     .426176E-02    -.152356E-02    -.256240E-02     .541634E-02
      80: 3     .584306E-02     .279399E-03     .314578E-02     .214681E-03
      80: 4     .822891E-02     .260463E-02    -.559489E-03     .322822E-02
      81: 1     .973700E-02    -.100803E-02     .358518E-02     .474579E-02
      81: 2    -.241361E-03     .436264E-03    -.266441E-03     .152892E-02
      81: 3     .470987E-02    -.125548E-02     .164397E-02     .539287E-02
      81: 4     .625105E-04     .266488E-03    -.191473E-02     .368330E-02
      82: 1    -.268182E-02     .158500E-02    -.449728E-02     .225229E-02
      82: 2    -.614760E-02    -.633104E-04    -.542009E-02     .112076E-02
      82: 3    -.492559E-02     .119272E-02    -.543564E-02    -.577402E-03
      82: 4    -.756003E-02     .171595E-02    -.547922E-02    -.251223E-02
      83: 1    -.842905E-02    -.104314E-02     .155500E-03    -.382980E-02
      83: 2    -.694961E-02     .215191E-02    -.625603E-02    -.206450E-02
      83: 3    -.675338E-02     .107640E-02    -.462699E-02    -.195784E-02
      83: 4    -.533882E-02     .383945E-02    -.517086E-02    -.376072E-02
      84: 1    -.666792E-02     .129862E-02    -.573593E-02    -.285062E-02
      84: 2    -.579622E-02     .701793E-03    -.592633E-02    -.246764E-02
      84: 3    -.666985E-02     .175527E-02    -.662128E-02    -.329997E-02
      84: 4    -.957423E-02    -.380503E-02    -.384828E-02    -.306432E-02
      85: 1    -.813077E-02    -.186683E-02    -.294657E-02    -.183469E-02
      85: 2    -.977431E-02     .230717E-03    -.432627E-02    -.224755E-02
      85: 3    -.708415E-02    -.436681E-03    -.256464E-02    -.321711E-02
      85: 4    -.907442E-02     .180807E-02    -.192250E-02    -.282661E-02
      86: 1    -.161441E-01    -.368740E-02    -.630172E-02    -.206081E-02
      86: 2    -.379604E-02    -.446533E-02     .221920E-02    -.276871E-02
      86: 3     .103410E-02    -.132179E-02     .218151E-03    -.186874E-02
      86: 4    -.519166E-02     .649305E-03    -.194963E-02    -.386688E-02
      87: 1    -.755437E-02    -.182249E-02    -.269334E-03    -.416713E-02
      87: 2    -.576740E-02     .176282E-02    -.260806E-02    -.499938E-02
      87: 3    -.479291E-02     .139332E-02    -.853956E-03    -.446250E-02
      87: 4    -.787322E-02     .128704E-02    -.287079E-02    -.375054E-02
      88: 1    -.135972E-01    -.259042E-02    -.428880E-02    -.351440E-02
      88: 2    -.512049E-03    -.406570E-03     .402999E-03    -.135210E-02
      88: 3    -.273941E-02     .862454E-03    -.518408E-02    -.121151E-02
      88: 4    -.573065E-02     .732946E-03    -.359639E-02    -.534248E-03


  ENTRY        FERES   162
      57: 1     .178866E-02
      57: 2    -.226379E-03
      57: 3     .363980E-03
      57: 4    -.206417E-02
      58: 1    -.290157E-02
      58: 2    -.132292E-02
      58: 3     .670727E-03
      58: 4    -.185899E-02
      59: 1     .310813E-03
      59: 2     .150072E-02
      59: 3     .593476E-03
      59: 4     .538752E-03
      60: 1     .148674E-02
      60: 2     .344768E-02
      60: 3     .291133E-02
      60: 4    -.809327E-03
      61: 1    -.205062E-02
      61: 2     .354460E-02
      61: 3     .167974E-02
      61: 4     .242950E-02
      62: 1     .425587E-02
      62: 2     .276161E-02
      62: 3     .328065E-03
      62: 4     .411762E-02
      63: 1    -.312105E-03
      63: 2    -.415387E-02
      63: 3    -.115259E-02
      63: 4    -.852116E-03
      64: 1    -.287242E-03
      64: 2     .495173E-03
      64: 3     .217976E-02
      64: 4    -.804838E-04
      65: 1    -.653437E-03
      65: 2    -.260759E-02
      65: 3    -.229591E-02
      65: 4    -.968644E-03
      66: 1    -.138474E-02
      66: 2     .226369E-02
      66: 3     .149151E-02
      66: 4     .505945E-02
      67: 1     .622701E-03
      67: 2    -.386516E-02
      67: 3    -.205901E-02
      67: 4    -.197406E-02
      68: 1     .326506E-02
      68: 2     .135304E-02
      68: 3    -.848286E-03
      68: 4    -.335572E-02
      69: 1    -.135075E-02
      69: 2     .528976E-03
      69: 3    -.355622E-02
      69: 4     .348369E-03
      70: 1     .618130E-03
      70: 2     .186090E-02
      70: 3    -.491141E-02
      70: 4    -.650149E-02
      71: 1     .110107E-02
      71: 2     .828864E-03
      71: 3    -.823229E-03
      71: 4     .103074E-02
      72: 1    -.296166E-02
      72: 2    -.158866E-02
      72: 3    -.133861E-02
      72: 4     .941622E-03
      73: 1     .701926E-03
      73: 2     .250238E-02
      73: 3    -.914807E-03
      73: 4    -.897623E-03
      74: 1    -.228461E-02
      74: 2     .358742E-02
      74: 3     .669274E-02
      74: 4     .445423E-02
      75: 1     .469356E-02
      75: 2     .244528E-02
      75: 3     .246594E-02
      75: 4    -.110280E-02
      76: 1     .237819E-03
      76: 2    -.102115E-02
      76: 3     .158758E-02
      76: 4     .440123E-03
      77: 1    -.549458E-04
      77: 2    -.223651E-02
      77: 3    -.124274E-02
      77: 4     .227043E-03
      78: 1     .164307E-03
      78: 2     .319367E-02
      78: 3    -.168982E-02
      78: 4     .191311E-02
      79: 1     .142438E-02
      79: 2    -.191126E-02
      79: 3    -.304963E-02
      79: 4    -.367440E-02
      80: 1    -.308427E-02
      80: 2     .293138E-02
      80: 3     .220320E-02
      80: 4     .295555E-02
      81: 1     .241406E-02
      81: 2    -.194010E-02
      81: 3    -.107149E-02
      81: 4    -.197255E-02
      82: 1    -.202183E-02
      82: 2    -.178496E-02
      82: 3    -.105272E-03
      82: 4    -.128453E-02
      83: 1    -.371161E-02
      83: 2    -.780999E-03
      83: 3    -.124496E-02
      83: 4    -.246694E-03
      84: 1     .620004E-03
      84: 2     .189595E-02
      84: 3     .149614E-02
      84: 4     .114340E-02
      85: 1    -.148267E-02
      85: 2    -.343121E-02
      85: 3    -.865716E-03
      85: 4    -.613337E-02
      86: 1    -.409421E-02
      86: 2     .121879E-02
      86: 3     .400647E-02
      86: 4    -.244543E-04
      87: 1    -.129542E-02
      87: 2     .772116E-04
      87: 3    -.869782E-03
      87: 4    -.253893E-02
      88: 1    -.320357E-02
      88: 2     .843626E-03
      88: 3     .279373E-02
      88: 4    -.233295E-02



 *
 *spgra(done)
 close copy
 * close plot
 end


          NORMAL COMPLETION OF JOB
                    HALT AT    0
                        0 ERRORS        0 WARNINGS
