DATE :  1/29/1991
TIME : 19:59:22
 
 
 
 
                                 Data file = \KPSW\DATA\CIYMRDP.PRN
      Total number of time periods in file =  168 
                First period used for test =   24 
                 Last period used for test =  168 
                     Number of data series =    6 
                             Preprocessing = Linear detrending
                 H0 : Number of unit roots =    6 
 
 
 
      H1 : Number of unit roots = 5 
 
      Number of lags                QF              P-value(%)
      ==============            ==========          ==========
            0                    -89.5602              0.00 
            1                    -83.3512              0.00 
            2                    -91.8776              0.00 
            3                    -81.5443              0.00 
            4                    -80.0152              0.25 
            5                    -72.5910              1.00 
 
 
 
      H2 : Number of unit roots = 4 
 
      Number of lags                QF              P-value(%)
      ==============            ==========          ==========
            0                    -43.0949              4.25 
            1                    -47.7189              1.50 
            2                    -44.3946              3.25 
            3                    -50.6397              0.75 
            4                    -50.8830              0.50 
            5                    -48.4763              1.25 
 
 
 
      H3 : Number of unit roots = 3 
 
      Number of lags                QF              P-value(%)
      ==============            ==========          ==========
            0                    -14.5080             79.50 
            1                    -21.7952             33.75 
            2                    -18.7029             52.25 
            3                    -22.3212             31.00 
            4                    -22.3714             30.50 
            5                    -27.4740             10.50 
 
 
 
      H4 : Number of unit roots = 2 
 
      Number of lags                QF              P-value(%)
      ==============            ==========          ==========
            0                    -11.2933             64.00 
            1                    -17.0476             20.00 
            2                    -16.6857             22.00 
            3                    -14.9812             33.25 
            4                    -19.2067             10.25 
            5                    -17.8589             15.75 
 
 
 
      H5 : Number of unit roots = 1 
 
      Number of lags                QF              P-value(%)
      ==============            ==========          ==========
            0                    -11.2933             16.75 
            1                    -17.0476              0.75 
            2                    -16.6857              1.00 
            3                    -14.9812              3.00 
            4                    -19.2067              0.25 
            5                    -17.8589              0.50 
 
 
 
      H6 : Number of unit roots = 0 
 
      Number of lags                QF              P-value(%)
      ==============            ==========          ==========
            0                     -7.5040             14.75 
            1                     -4.2878             62.00 
            2                     -3.8335             69.25 
            3                     -3.6541             72.00 
            4                     -4.4701             59.00 
            5                     -4.2040             63.50 
 
 
 
