Starting Dynare (version 4.5.3).
Starting preprocessing of the model file ...
Found 3 equation(s).
Evaluating expressions...done
Computing static model derivatives:
 - order 1
Computing dynamic model derivatives:
 - order 1
Processing outputs ...
done
Preprocessing completed.

STEADY-STATE RESULTS:

C 		 0.369312
K 		 0.195817
A 		 1




Residuals of the static equations:

Equation number 1 : 0 : Euler equation
Equation number 2 : 0 : capital law of motion
Equation number 3 : 0 : exogenous TFP process



EIGENVALUES:
         Modulus             Real        Imaginary

            0.35             0.35                0
             0.9              0.9                0
           2.886            2.886                0
       6.944e+16        6.944e+16                0


There are 2 eigenvalue(s) larger than 1 in modulus 
for 2 forward-looking variable(s)

The rank condition is verified.


MODEL SUMMARY

  Number of variables:         3
  Number of stochastic shocks: 1
  Number of state variables:   2
  Number of jumpers:           2
  Number of static variables:  0


MATRIX OF COVARIANCE OF EXOGENOUS SHOCKS
Variables       eps_A
eps_A        1.000000

POLICY AND TRANSITION FUNCTIONS
                                   C               K               A
Constant                    0.369312        0.195817        1.000000
K(-1)                       0.660101        0.350000               0
A(-1)                       0.332381        0.176236        0.900000
eps_A                       0.221587        0.117490        0.600000


THEORETICAL MOMENTS
VARIABLE         MEAN  STD. DEV.   VARIANCE
C              0.3693     0.7519     0.5654
K              0.1958     0.3987     0.1589
A              1.0000     1.3765     1.8947



MATRIX OF CORRELATIONS
Variables         C       K       A
C            1.0000  1.0000  0.9870
K            1.0000  1.0000  0.9870
A            0.9870  0.9870  1.0000



COEFFICIENTS OF AUTOCORRELATION
Order         1       2       3       4       5
C        0.9506  0.8732  0.7921  0.7150  0.6443
K        0.9506  0.8732  0.7921  0.7150  0.6443
A        0.9000  0.8100  0.7290  0.6561  0.5905
Total computing time : 0h00m02s
